c:\itksnap\itk-snap- bin\itksnaplogic.dir\debug\itksnaplogic.pdb
c:\itksnap\itk-snap- bin\itksnaplogic.dir\debug\itkvoxbocubimageio.obj
c:\itksnap\itk-snap- bin\itksnaplogic.dir\debug\trackball.obj
c:\itksnap\itk-snap- bin\itksnaplogic.dir\debug\threadspecificdata.obj
c:\itksnap\itk-snap- bin\itksnaplogic.dir\debug\taglist.obj
c:\itksnap\itk-snap- bin\itksnaplogic.dir\debug\systeminterface.obj
c:\itksnap\itk-snap- bin\itksnaplogic.dir\debug\snapopengl.obj
c:\itksnap\itk-snap- bin\itksnaplogic.dir\debug\snapevents.obj
c:\itksnap\itk-snap- bin\itksnaplogic.dir\debug\registry.obj
c:\itksnap\itk-snap- bin\itksnaplogic.dir\debug\rebroadcaster.obj
c:\itksnap\itk-snap- bin\itksnaplogic.dir\debug\irisexception.obj
c:\itksnap\itk-snap- bin\itksnaplogic.dir\debug\ipchandler.obj
c:\itksnap\itk-snap- bin\itksnaplogic.dir\debug\historymanager.obj
c:\itksnap\itk-snap- bin\itksnaplogic.dir\debug\extendedgdcmseriehelper.obj
c:\itksnap\itk-snap- bin\itksnaplogic.dir\debug\eventbucket.obj
c:\itksnap\itk-snap- bin\itksnaplogic.dir\debug\commandlineargumentparser.obj
c:\itksnap\itk-snap- bin\itksnaplogic.dir\debug\colorlabelpropertymodel.obj
c:\itksnap\itk-snap- bin\itksnaplogic.dir\debug\affinetransformhelper.obj
c:\itksnap\itk-snap- bin\itksnaplogic.dir\debug\abstractpropertycontainermodel.obj
c:\itksnap\itk-snap- bin\itksnaplogic.dir\debug\abstractmodel.obj
c:\itksnap\itk-snap- bin\itksnaplogic.dir\debug\snapcommon.obj
c:\itksnap\itk-snap- bin\itksnaplogic.dir\debug\irisapplication.obj
c:\itksnap\itk-snap- bin\itksnaplogic.dir\debug\imageiodelegates.obj
c:\itksnap\itk-snap- bin\itksnaplogic.dir\debug\imageannotationdata.obj
c:\itksnap\itk-snap- bin\itksnaplogic.dir\debug\globalstate.obj
c:\itksnap\itk-snap- bin\itksnaplogic.dir\debug\genericimagedata.obj
c:\itksnap\itk-snap- bin\itksnaplogic.dir\debug\defaultbehaviorsettings.obj
c:\itksnap\itk-snap- bin\itksnaplogic.dir\debug\snapsegmentationroisettings.obj
c:\itksnap\itk-snap- bin\itksnaplogic.dir\debug\snapregistryio.obj
c:\itksnap\itk-snap- bin\itksnaplogic.dir\debug\snapappearancesettings.obj
c:\itksnap\itk-snap- bin\itksnaplogic.dir\debug\segmentationstatistics.obj
c:\itksnap\itk-snap- bin\itksnaplogic.dir\debug\metadataaccess.obj
c:\itksnap\itk-snap- bin\itksnaplogic.dir\debug\labelusehistory.obj
c:\itksnap\itk-snap- bin\itksnaplogic.dir\debug\irisdisplaygeometry.obj
c:\itksnap\itk-snap- bin\itksnaplogic.dir\debug\imagecoordinatetransform.obj
c:\itksnap\itk-snap- bin\itksnaplogic.dir\debug\imagecoordinategeometry.obj
c:\itksnap\itk-snap- bin\itksnaplogic.dir\debug\colormappresetmanager.obj
c:\itksnap\itk-snap- bin\itksnaplogic.dir\debug\colormap.obj
c:\itksnap\itk-snap- bin\itksnaplogic.dir\debug\colorlabeltable.obj
c:\itksnap\itk-snap- bin\itksnaplogic.dir\debug\jsoncpp.obj
c:\itksnap\itk-snap- bin\itksnaplogic.dir\debug\itkvoxbocubimageiofactory.obj
c:\itksnap\itk-snap- bin\itksnaplogic.dir\debug\multilabelmeshpipeline.obj
c:\itksnap\itk-snap- bin\itksnaplogic.dir\debug\guidedmeshio.obj
c:\itksnap\itk-snap- bin\itksnaplogic.dir\debug\allpurposeprogressaccumulator.obj
c:\itksnap\itk-snap- bin\itksnaplogic.dir\debug\snakeparameterspreviewpipeline.obj
c:\itksnap\itk-snap- bin\itksnaplogic.dir\debug\snakeparameters.obj
c:\itksnap\itk-snap- bin\itksnaplogic.dir\debug\vectorimagewrapper.obj
c:\itksnap\itk-snap- bin\itksnaplogic.dir\debug\scalarimagewrapper.obj
c:\itksnap\itk-snap- bin\itksnaplogic.dir\debug\scalarimagehistogram.obj
c:\itksnap\itk-snap- bin\itksnaplogic.dir\debug\multichanneldisplaymode.obj
c:\itksnap\itk-snap- bin\itksnaplogic.dir\debug\guidednativeimageio.obj
c:\itksnap\itk-snap- bin\itksnaplogic.dir\debug\labelimagewrapper.obj
c:\itksnap\itk-snap- bin\itksnaplogic.dir\debug\inputselectionimagefilter.obj
c:\itksnap\itk-snap- bin\itksnaplogic.dir\debug\imagewrapper.obj
c:\itksnap\itk-snap- bin\itksnaplogic.dir\debug\imagewrapperbase.obj
c:\itksnap\itk-snap- bin\itksnaplogic.dir\debug\displaymappingpolicy.obj
c:\itksnap\itk-snap- bin\itksnaplogic.dir\debug\commonrepresentationpolicy.obj
c:\itksnap\itk-snap- bin\itksnaplogic.dir\debug\undodatamanager_labeltype.obj
c:\itksnap\itk-snap- bin\itksnaplogic.dir\debug\snapimagedata.obj
c:\itksnap\itk-snap- bin\itksnaplogic.dir\debug\layeriterator.obj
c:\itksnap\itk-snap- bin\itksnaplogic.dir\debug\irisimagedata.obj
c:\itksnap\itk-snap- bin\itksnaplogic.dir\debug\formattedtable.obj
c:\itksnap\itk-snap- bin\itksnaplogic.dir\debug\csvparser.obj
c:\itksnap\itk-snap- bin\itksnaplogic.dir\debug\rgbalookuptableintensitymappingfilter.obj
c:\itksnap\itk-snap- bin\itksnaplogic.dir\debug\lookuptableintensitymappingfilter.obj
c:\itksnap\itk-snap- bin\itksnaplogic.dir\debug\intensitytocolorlookuptableimagefilter.obj
c:\itksnap\itk-snap- bin\itksnaplogic.dir\debug\intensitycurvevtk.obj
c:\itksnap\itk-snap- bin\itksnaplogic.dir\debug\momenttextures.obj
c:\itksnap\itk-snap- bin\itksnaplogic.dir\debug\rfclassificationengine.obj
c:\itksnap\itk-snap- bin\itksnaplogic.dir\debug\unsupervisedclustering.obj
c:\itksnap\itk-snap- bin\itksnaplogic.dir\debug\kmeansplusplus.obj
c:\itksnap\itk-snap- bin\itksnaplogic.dir\debug\gaussianmixturemodel.obj
c:\itksnap\itk-snap- bin\itksnaplogic.dir\debug\gaussian.obj
c:\itksnap\itk-snap- bin\itksnaplogic.dir\debug\emgaussianmixtures.obj
c:\itksnap\itk-snap- bin\itksnaplogic.dir\debug\thresholdsettings.obj
c:\itksnap\itk-snap- bin\itksnaplogic.dir\debug\preprocessingfilterconfigtraits.obj
c:\itksnap\itk-snap- bin\itksnaplogic.dir\debug\edgepreprocessingsettings.obj
c:\itksnap\itk-snap- bin\itksnaplogic.dir\debug\vtkmeshpipeline.obj
c:\itksnap\itk-snap- bin\itksnaplogic.dir\debug\meshoptions.obj
c:\itksnap\itk-snap- bin\itksnaplogic.dir\debug\meshmanager.obj
c:\itksnap\itk-snap- bin\itksnaplogic.dir\debug\levelsetmeshpipeline.obj
c:\itksnap\itk-snap- bin\itksnaplogic.dir\debug\workspaceapi.obj
c:\itksnap\itk-snap- bin\itksnaplogic.dir\debug\restclient.obj
c:\itksnap\itk-snap- bin\cmakefiles\generate.stamp
c:\itksnap\itk-snap- bin\debug\itksnaplogic.lib
c:\itksnap\itk-snap- bin\itksnaplogic.dir\debug\itksnaplogic.vcxprojresolveassemblyreference.cache
c:\itksnap\itk-snap- bin\debug\itksnaplogic.pdb
c:\itksnap\itk-snap- bin\itksnaplogic.dir\debug\itksnaplogic.tlog\cl.command.1.tlog
c:\itksnap\itk-snap- bin\itksnaplogic.dir\debug\itksnaplogic.tlog\cl.read.1.tlog
c:\itksnap\itk-snap- bin\itksnaplogic.dir\debug\itksnaplogic.tlog\cl.write.1.tlog
c:\itksnap\itk-snap- bin\itksnaplogic.dir\debug\itksnaplogic.tlog\custombuild.command.1.tlog
c:\itksnap\itk-snap- bin\itksnaplogic.dir\debug\itksnaplogic.tlog\custombuild.read.1.tlog
c:\itksnap\itk-snap- bin\itksnaplogic.dir\debug\itksnaplogic.tlog\custombuild.write.1.tlog
c:\itksnap\itk-snap- bin\itksnaplogic.dir\debug\itksnaplogic.tlog\lib-link.read.1.tlog
c:\itksnap\itk-snap- bin\itksnaplogic.dir\debug\itksnaplogic.tlog\lib-link.write.1.tlog
c:\itksnap\itk-snap- bin\itksnaplogic.dir\debug\itksnaplogic.tlog\lib.command.1.tlog
