c:\itksnap\itk-snap- bin\itksnapui_qt.dir\debug\itksnapui_qt.pdb
c:\itksnap\itk-snap- bin\itksnapui_qt.dir\debug\polygontoolpanel.obj
c:\itksnap\itk-snap- bin\itksnapui_qt.dir\debug\paintbrushtoolpanel.obj
c:\itksnap\itk-snap- bin\itksnapui_qt.dir\debug\generallayerinspector.obj
c:\itksnap\itk-snap- bin\itksnapui_qt.dir\debug\metadatainspector.obj
c:\itksnap\itk-snap- bin\itksnapui_qt.dir\debug\layerinspectorrowdelegate.obj
c:\itksnap\itk-snap- bin\itksnapui_qt.dir\debug\latentitkeventnotifier.obj
c:\itksnap\itk-snap- bin\itksnapui_qt.dir\debug\labelselectionbutton.obj
c:\itksnap\itk-snap- bin\itksnapui_qt.dir\debug\labelminiinspector.obj
c:\itksnap\itk-snap- bin\itksnapui_qt.dir\debug\labelinspector.obj
c:\itksnap\itk-snap- bin\itksnapui_qt.dir\debug\imageinfoinspector.obj
c:\itksnap\itk-snap- bin\itksnapui_qt.dir\debug\historyqlistmodel.obj
c:\itksnap\itk-snap- bin\itksnapui_qt.dir\debug\filechooserpanelwithhistory.obj
c:\itksnap\itk-snap- bin\itksnapui_qt.dir\debug\dicomlistingtable.obj
c:\itksnap\itk-snap- bin\itksnapui_qt.dir\debug\displaylayoutinspector.obj
c:\itksnap\itk-snap- bin\itksnapui_qt.dir\debug\cursorinspector.obj
c:\itksnap\itk-snap- bin\itksnapui_qt.dir\debug\contrastinspector.obj
c:\itksnap\itk-snap- bin\itksnapui_qt.dir\debug\colormapinspector.obj
c:\itksnap\itk-snap- bin\itksnapui_qt.dir\debug\colorlabelquicklistwidget.obj
c:\itksnap\itk-snap- bin\itksnapui_qt.dir\debug\collapsablegroupbox.obj
c:\itksnap\itk-snap- bin\itksnapui_qt.dir\debug\annotationtoolpanel.obj
c:\itksnap\itk-snap- bin\itksnapui_qt.dir\debug\taglistwidget.obj
c:\itksnap\itk-snap- bin\itksnapui_qt.dir\debug\synchronizationinspector.obj
c:\itksnap\itk-snap- bin\itksnapui_qt.dir\debug\sliceviewpanel.obj
c:\itksnap\itk-snap- bin\itksnapui_qt.dir\debug\snapqtcommon.obj
c:\itksnap\itk-snap- bin\itksnapui_qt.dir\debug\snapqapplication.obj
c:\itksnap\itk-snap- bin\itksnapui_qt.dir\debug\snapcomponent.obj
c:\itksnap\itk-snap- bin\itksnapui_qt.dir\debug\snakewizardpanel.obj
c:\itksnap\itk-snap- bin\itksnapui_qt.dir\debug\snaketoolroipanel.obj
c:\itksnap\itk-snap- bin\itksnapui_qt.dir\debug\recenthistoryitemsview.obj
c:\itksnap\itk-snap- bin\itksnapui_qt.dir\debug\qtwidgetactivator.obj
c:\itksnap\itk-snap- bin\itksnapui_qt.dir\debug\qtwarningdialog.obj
c:\itksnap\itk-snap- bin\itksnapui_qt.dir\debug\qtreporterdelegates.obj
c:\itksnap\itk-snap- bin\itksnapui_qt.dir\debug\qtrendererplatformsupport.obj
c:\itksnap\itk-snap- bin\itksnapui_qt.dir\debug\qtipcmanager.obj
c:\itksnap\itk-snap- bin\itksnapui_qt.dir\debug\qthideondeactivatecontainer.obj
c:\itksnap\itk-snap- bin\itksnapui_qt.dir\debug\qtflowlayout.obj
c:\itksnap\itk-snap- bin\itksnapui_qt.dir\debug\qdoublesliderwitheditor.obj
c:\itksnap\itk-snap- bin\itksnapui_qt.dir\debug\qdoubleslider.obj
c:\itksnap\itk-snap- bin\itksnapui_qt.dir\debug\qcolorbuttonwidget.obj
c:\itksnap\itk-snap- bin\itksnapui_qt.dir\debug\qactionbutton.obj
c:\itksnap\itk-snap- bin\itksnapui_qt.dir\debug\slicewindowinteractiondelegatewidget.obj
c:\itksnap\itk-snap- bin\itksnapui_qt.dir\debug\registrationinteractionmode.obj
c:\itksnap\itk-snap- bin\itksnapui_qt.dir\debug\polygondrawinginteractionmode.obj
c:\itksnap\itk-snap- bin\itksnapui_qt.dir\debug\paintbrushinteractionmode.obj
c:\itksnap\itk-snap- bin\itksnapui_qt.dir\debug\qtvtkrenderwindowbox.obj
c:\itksnap\itk-snap- bin\itksnapui_qt.dir\debug\qtvtkinteractiondelegatewidget.obj
c:\itksnap\itk-snap- bin\itksnapui_qt.dir\debug\qtsimpleopenglbox.obj
c:\itksnap\itk-snap- bin\itksnapui_qt.dir\debug\qtinteractiondelegatewidget.obj
c:\itksnap\itk-snap- bin\itksnapui_qt.dir\debug\qtabstractopenglbox.obj
c:\itksnap\itk-snap- bin\itksnapui_qt.dir\debug\interactionmodeclient.obj
c:\itksnap\itk-snap- bin\itksnapui_qt.dir\debug\genericview3d.obj
c:\itksnap\itk-snap- bin\itksnapui_qt.dir\debug\genericsliceview.obj
c:\itksnap\itk-snap- bin\itksnapui_qt.dir\debug\crosshairsinteractionmode.obj
c:\itksnap\itk-snap- bin\itksnapui_qt.dir\debug\colormapbox.obj
c:\itksnap\itk-snap- bin\itksnapui_qt.dir\debug\annotationinteractionmode.obj
c:\itksnap\itk-snap- bin\itksnapui_qt.dir\debug\gmmtablemodel.obj
c:\itksnap\itk-snap- bin\itksnapui_qt.dir\debug\colorwheel.obj
c:\itksnap\itk-snap- bin\itksnapui_qt.dir\debug\zoominspector.obj
c:\itksnap\itk-snap- bin\itksnapui_qt.dir\debug\voxelintensityqtablemodel.obj
c:\itksnap\itk-snap- bin\itksnapui_qt.dir\debug\viewpanel3d.obj
c:\itksnap\itk-snap- bin\itksnapui_qt.dir\debug\simplefiledialogwithhistory.obj
c:\itksnap\itk-snap- bin\itksnapui_qt.dir\debug\savemodifiedlayersdialog.obj
c:\itksnap\itk-snap- bin\itksnapui_qt.dir\debug\resampledialog.obj
c:\itksnap\itk-snap- bin\itksnapui_qt.dir\debug\reorientimagedialog.obj
c:\itksnap\itk-snap- bin\itksnapui_qt.dir\debug\qtstyles.obj
c:\itksnap\itk-snap- bin\itksnapui_qt.dir\debug\preferencesdialog.obj
c:\itksnap\itk-snap- bin\itksnapui_qt.dir\debug\mainimagewindow.obj
c:\itksnap\itk-snap- bin\itksnapui_qt.dir\debug\maincontrolpanel.obj
c:\itksnap\itk-snap- bin\itksnapui_qt.dir\debug\labelselectionpopup.obj
c:\itksnap\itk-snap- bin\itksnapui_qt.dir\debug\layerinspectordialog.obj
c:\itksnap\itk-snap- bin\itksnapui_qt.dir\debug\labeleditordialog.obj
c:\itksnap\itk-snap- bin\itksnapui_qt.dir\debug\interpolatelabelsdialog.obj
c:\itksnap\itk-snap- bin\itksnapui_qt.dir\debug\overlayrolepage.obj
c:\itksnap\itk-snap- bin\itksnapui_qt.dir\debug\imageiowizard.obj
c:\itksnap\itk-snap- bin\itksnapui_qt.dir\debug\imageiodialog.obj
c:\itksnap\itk-snap- bin\itksnapui_qt.dir\debug\dropactiondialog.obj
c:\itksnap\itk-snap- bin\itksnapui_qt.dir\debug\annotationeditdialog.obj
c:\itksnap\itk-snap- bin\itksnapui_qt.dir\debug\aboutdialog.obj
c:\itksnap\itk-snap- bin\itksnapui_qt.dir\debug\thumbnailinteractionmode.obj
c:\itksnap\itk-snap- bin\itksnapui_qt.dir\debug\snakeroiinteractionmode.obj
c:\itksnap\itk-snap- bin\itksnapui_qt.dir\debug\moc_filechooserpanelwithhistory.obj
c:\itksnap\itk-snap- bin\itksnapui_qt.dir\debug\moc_displaylayoutinspector.obj
c:\itksnap\itk-snap- bin\itksnapui_qt.dir\debug\moc_dicomlistingtable.obj
c:\itksnap\itk-snap- bin\itksnapui_qt.dir\debug\moc_cursorinspector.obj
c:\itksnap\itk-snap- bin\itksnapui_qt.dir\debug\moc_contrastinspector.obj
c:\itksnap\itk-snap- bin\itksnapui_qt.dir\debug\moc_colormapinspector.obj
c:\itksnap\itk-snap- bin\itksnapui_qt.dir\debug\moc_colorlabelquicklistwidget.obj
c:\itksnap\itk-snap- bin\itksnapui_qt.dir\debug\moc_collapsablegroupbox.obj
c:\itksnap\itk-snap- bin\itksnapui_qt.dir\debug\moc_annotationtoolpanel.obj
c:\itksnap\itk-snap- bin\itksnapui_qt.dir\debug\snaptestqt.obj
c:\itksnap\itk-snap- bin\itksnapui_qt.dir\debug\registrationdialog.obj
c:\itksnap\itk-snap- bin\itksnapui_qt.dir\debug\meshexportbrowsepage.obj
c:\itksnap\itk-snap- bin\itksnapui_qt.dir\debug\meshexportmodepage.obj
c:\itksnap\itk-snap- bin\itksnapui_qt.dir\debug\meshexportwizard.obj
c:\itksnap\itk-snap- bin\itksnapui_qt.dir\debug\downloadticketdialog.obj
c:\itksnap\itk-snap- bin\itksnapui_qt.dir\debug\distributedsegmentationdialog.obj
c:\itksnap\itk-snap- bin\itksnapui_qt.dir\debug\statisticsdialog.obj
c:\itksnap\itk-snap- bin\itksnapui_qt.dir\debug\splashpanel.obj
c:\itksnap\itk-snap- bin\itksnapui_qt.dir\debug\speedimagedialog.obj
c:\itksnap\itk-snap- bin\itksnapui_qt.dir\debug\snakeparameterdialog.obj
c:\itksnap\itk-snap- bin\itksnapui_qt.dir\debug\moc_qtwidgetactivator.obj
c:\itksnap\itk-snap- bin\itksnapui_qt.dir\debug\moc_qtwarningdialog.obj
c:\itksnap\itk-snap- bin\itksnapui_qt.dir\debug\moc_qtipcmanager.obj
c:\itksnap\itk-snap- bin\itksnapui_qt.dir\debug\moc_qthideondeactivatecontainer.obj
c:\itksnap\itk-snap- bin\itksnapui_qt.dir\debug\moc_qtflowlayout.obj
c:\itksnap\itk-snap- bin\itksnapui_qt.dir\debug\moc_qdoublesliderwitheditor.obj
c:\itksnap\itk-snap- bin\itksnapui_qt.dir\debug\moc_qdoubleslider.obj
c:\itksnap\itk-snap- bin\itksnapui_qt.dir\debug\moc_qcolorbuttonwidget.obj
c:\itksnap\itk-snap- bin\itksnapui_qt.dir\debug\moc_qactionbutton.obj
c:\itksnap\itk-snap- bin\itksnapui_qt.dir\debug\moc_polygontoolpanel.obj
c:\itksnap\itk-snap- bin\itksnapui_qt.dir\debug\moc_paintbrushtoolpanel.obj
c:\itksnap\itk-snap- bin\itksnapui_qt.dir\debug\moc_generallayerinspector.obj
c:\itksnap\itk-snap- bin\itksnapui_qt.dir\debug\moc_metadatainspector.obj
c:\itksnap\itk-snap- bin\itksnapui_qt.dir\debug\moc_layerinspectorrowdelegate.obj
c:\itksnap\itk-snap- bin\itksnapui_qt.dir\debug\moc_latentitkeventnotifier.obj
c:\itksnap\itk-snap- bin\itksnapui_qt.dir\debug\moc_labelselectionbutton.obj
c:\itksnap\itk-snap- bin\itksnapui_qt.dir\debug\moc_labelminiinspector.obj
c:\itksnap\itk-snap- bin\itksnapui_qt.dir\debug\moc_labelinspector.obj
c:\itksnap\itk-snap- bin\itksnapui_qt.dir\debug\moc_imageinfoinspector.obj
c:\itksnap\itk-snap- bin\itksnapui_qt.dir\debug\moc_historyqlistmodel.obj
c:\itksnap\itk-snap- bin\itksnapui_qt.dir\debug\moc_qtabstractopenglbox.obj
c:\itksnap\itk-snap- bin\itksnapui_qt.dir\debug\moc_genericview3d.obj
c:\itksnap\itk-snap- bin\itksnapui_qt.dir\debug\moc_genericsliceview.obj
c:\itksnap\itk-snap- bin\itksnapui_qt.dir\debug\moc_crosshairsinteractionmode.obj
c:\itksnap\itk-snap- bin\itksnapui_qt.dir\debug\moc_colormapbox.obj
c:\itksnap\itk-snap- bin\itksnapui_qt.dir\debug\moc_annotationinteractionmode.obj
c:\itksnap\itk-snap- bin\itksnapui_qt.dir\debug\moc_gmmtablemodel.obj
c:\itksnap\itk-snap- bin\itksnapui_qt.dir\debug\moc_colorwheel.obj
c:\itksnap\itk-snap- bin\itksnapui_qt.dir\debug\moc_qtwidgetcoupling.obj
c:\itksnap\itk-snap- bin\itksnapui_qt.dir\debug\moc_zoominspector.obj
c:\itksnap\itk-snap- bin\itksnapui_qt.dir\debug\moc_voxelintensityqtablemodel.obj
c:\itksnap\itk-snap- bin\itksnapui_qt.dir\debug\moc_viewpanel3d.obj
c:\itksnap\itk-snap- bin\itksnapui_qt.dir\debug\moc_taglistwidget.obj
c:\itksnap\itk-snap- bin\itksnapui_qt.dir\debug\moc_synchronizationinspector.obj
c:\itksnap\itk-snap- bin\itksnapui_qt.dir\debug\moc_sliceviewpanel.obj
c:\itksnap\itk-snap- bin\itksnapui_qt.dir\debug\moc_snapqapplication.obj
c:\itksnap\itk-snap- bin\itksnapui_qt.dir\debug\moc_snapcomponent.obj
c:\itksnap\itk-snap- bin\itksnapui_qt.dir\debug\moc_snakewizardpanel.obj
c:\itksnap\itk-snap- bin\itksnapui_qt.dir\debug\moc_snaketoolroipanel.obj
c:\itksnap\itk-snap- bin\itksnapui_qt.dir\debug\moc_recenthistoryitemsview.obj
c:\itksnap\itk-snap- bin\itksnapui_qt.dir\debug\moc_layerinspectordialog.obj
c:\itksnap\itk-snap- bin\itksnapui_qt.dir\debug\moc_labeleditordialog.obj
c:\itksnap\itk-snap- bin\itksnapui_qt.dir\debug\moc_interpolatelabelsdialog.obj
c:\itksnap\itk-snap- bin\itksnapui_qt.dir\debug\moc_overlayrolepage.obj
c:\itksnap\itk-snap- bin\itksnapui_qt.dir\debug\moc_imageiowizard.obj
c:\itksnap\itk-snap- bin\itksnapui_qt.dir\debug\moc_imageiodialog.obj
c:\itksnap\itk-snap- bin\itksnapui_qt.dir\debug\moc_dropactiondialog.obj
c:\itksnap\itk-snap- bin\itksnapui_qt.dir\debug\moc_annotationeditdialog.obj
c:\itksnap\itk-snap- bin\itksnapui_qt.dir\debug\moc_aboutdialog.obj
c:\itksnap\itk-snap- bin\itksnapui_qt.dir\debug\moc_thumbnailinteractionmode.obj
c:\itksnap\itk-snap- bin\itksnapui_qt.dir\debug\moc_testopengldialog.obj
c:\itksnap\itk-snap- bin\itksnapui_qt.dir\debug\moc_snakeroiinteractionmode.obj
c:\itksnap\itk-snap- bin\itksnapui_qt.dir\debug\moc_slicewindowinteractiondelegatewidget.obj
c:\itksnap\itk-snap- bin\itksnapui_qt.dir\debug\moc_registrationinteractionmode.obj
c:\itksnap\itk-snap- bin\itksnapui_qt.dir\debug\moc_polygondrawinginteractionmode.obj
c:\itksnap\itk-snap- bin\itksnapui_qt.dir\debug\moc_paintbrushinteractionmode.obj
c:\itksnap\itk-snap- bin\itksnapui_qt.dir\debug\moc_qtvtkrenderwindowbox.obj
c:\itksnap\itk-snap- bin\itksnapui_qt.dir\debug\moc_qtvtkinteractiondelegatewidget.obj
c:\itksnap\itk-snap- bin\itksnapui_qt.dir\debug\moc_qtsimpleopenglbox.obj
c:\itksnap\itk-snap- bin\itksnapui_qt.dir\debug\moc_qtinteractiondelegatewidget.obj
c:\itksnap\itk-snap- bin\itksnapui_qt.dir\debug\qrc_snapresources.obj
c:\itksnap\itk-snap- bin\itksnapui_qt.dir\debug\moc_snaptestqt.obj
c:\itksnap\itk-snap- bin\itksnapui_qt.dir\debug\moc_registrationdialog.obj
c:\itksnap\itk-snap- bin\itksnapui_qt.dir\debug\moc_meshexportbrowsepage.obj
c:\itksnap\itk-snap- bin\itksnapui_qt.dir\debug\moc_meshexportmodepage.obj
c:\itksnap\itk-snap- bin\itksnapui_qt.dir\debug\moc_meshexportwizard.obj
c:\itksnap\itk-snap- bin\itksnapui_qt.dir\debug\moc_downloadticketdialog.obj
c:\itksnap\itk-snap- bin\itksnapui_qt.dir\debug\moc_distributedsegmentationdialog.obj
c:\itksnap\itk-snap- bin\itksnapui_qt.dir\debug\moc_statisticsdialog.obj
c:\itksnap\itk-snap- bin\itksnapui_qt.dir\debug\moc_splashpanel.obj
c:\itksnap\itk-snap- bin\itksnapui_qt.dir\debug\moc_speedimagedialog.obj
c:\itksnap\itk-snap- bin\itksnapui_qt.dir\debug\moc_snakeparameterdialog.obj
c:\itksnap\itk-snap- bin\itksnapui_qt.dir\debug\moc_simplefiledialogwithhistory.obj
c:\itksnap\itk-snap- bin\itksnapui_qt.dir\debug\moc_savemodifiedlayersdialog.obj
c:\itksnap\itk-snap- bin\itksnapui_qt.dir\debug\moc_resampledialog.obj
c:\itksnap\itk-snap- bin\itksnapui_qt.dir\debug\moc_reorientimagedialog.obj
c:\itksnap\itk-snap- bin\itksnapui_qt.dir\debug\moc_preferencesdialog.obj
c:\itksnap\itk-snap- bin\itksnapui_qt.dir\debug\moc_mainimagewindow.obj
c:\itksnap\itk-snap- bin\itksnapui_qt.dir\debug\moc_maincontrolpanel.obj
c:\itksnap\itk-snap- bin\itksnapui_qt.dir\debug\moc_labelselectionpopup.obj
c:\itksnap\itk-snap- bin\itksnapui_qt.dir\debug\qrc_testingscripts.obj
c:\itksnap\itk-snap- bin\itksnapui_qt.dir\debug\qrc_snapresources_windows.obj
c:\itksnap\itk-snap- bin\itksnapui_qt.dir\debug\qrc_snapresources_macos.obj
c:\itksnap\itk-snap- bin\itksnapui_qt.dir\debug\qrc_snapresources_linux.obj
c:\itksnap\itk-snap- bin\cmakefiles\generate.stamp
c:\itksnap\itk-snap- bin\gui\qt\components\moc_annotationtoolpanel.cpp
c:\itksnap\itk-snap- bin\gui\qt\components\moc_collapsablegroupbox.cpp
c:\itksnap\itk-snap- bin\gui\qt\components\moc_colorlabelquicklistwidget.cpp
c:\itksnap\itk-snap- bin\gui\qt\components\moc_colormapinspector.cpp
c:\itksnap\itk-snap- bin\gui\qt\components\moc_contrastinspector.cpp
c:\itksnap\itk-snap- bin\gui\qt\components\moc_cursorinspector.cpp
c:\itksnap\itk-snap- bin\gui\qt\components\moc_dicomlistingtable.cpp
c:\itksnap\itk-snap- bin\gui\qt\components\moc_displaylayoutinspector.cpp
c:\itksnap\itk-snap- bin\gui\qt\components\moc_filechooserpanelwithhistory.cpp
c:\itksnap\itk-snap- bin\gui\qt\components\moc_historyqlistmodel.cpp
c:\itksnap\itk-snap- bin\gui\qt\components\moc_imageinfoinspector.cpp
c:\itksnap\itk-snap- bin\gui\qt\components\moc_labelinspector.cpp
c:\itksnap\itk-snap- bin\gui\qt\components\moc_labelminiinspector.cpp
c:\itksnap\itk-snap- bin\gui\qt\components\moc_labelselectionbutton.cpp
c:\itksnap\itk-snap- bin\gui\qt\components\moc_latentitkeventnotifier.cpp
c:\itksnap\itk-snap- bin\gui\qt\components\moc_layerinspectorrowdelegate.cpp
c:\itksnap\itk-snap- bin\gui\qt\components\moc_metadatainspector.cpp
c:\itksnap\itk-snap- bin\gui\qt\components\moc_generallayerinspector.cpp
c:\itksnap\itk-snap- bin\gui\qt\components\moc_paintbrushtoolpanel.cpp
c:\itksnap\itk-snap- bin\gui\qt\components\moc_polygontoolpanel.cpp
c:\itksnap\itk-snap- bin\gui\qt\components\moc_qactionbutton.cpp
c:\itksnap\itk-snap- bin\gui\qt\components\moc_qcolorbuttonwidget.cpp
c:\itksnap\itk-snap- bin\gui\qt\components\moc_qdoubleslider.cpp
c:\itksnap\itk-snap- bin\gui\qt\components\moc_qdoublesliderwitheditor.cpp
c:\itksnap\itk-snap- bin\gui\qt\components\moc_qtflowlayout.cpp
c:\itksnap\itk-snap- bin\gui\qt\components\moc_qthideondeactivatecontainer.cpp
c:\itksnap\itk-snap- bin\gui\qt\components\moc_qtipcmanager.cpp
c:\itksnap\itk-snap- bin\gui\qt\components\moc_qtwarningdialog.cpp
c:\itksnap\itk-snap- bin\gui\qt\components\moc_qtwidgetactivator.cpp
c:\itksnap\itk-snap- bin\gui\qt\components\moc_recenthistoryitemsview.cpp
c:\itksnap\itk-snap- bin\gui\qt\components\moc_snaketoolroipanel.cpp
c:\itksnap\itk-snap- bin\gui\qt\components\moc_snakewizardpanel.cpp
c:\itksnap\itk-snap- bin\gui\qt\components\moc_snapcomponent.cpp
c:\itksnap\itk-snap- bin\gui\qt\components\moc_snapqapplication.cpp
c:\itksnap\itk-snap- bin\gui\qt\components\moc_sliceviewpanel.cpp
c:\itksnap\itk-snap- bin\gui\qt\components\moc_synchronizationinspector.cpp
c:\itksnap\itk-snap- bin\gui\qt\components\moc_taglistwidget.cpp
c:\itksnap\itk-snap- bin\gui\qt\components\moc_viewpanel3d.cpp
c:\itksnap\itk-snap- bin\gui\qt\components\moc_voxelintensityqtablemodel.cpp
c:\itksnap\itk-snap- bin\gui\qt\components\moc_zoominspector.cpp
c:\itksnap\itk-snap- bin\gui\qt\coupling\moc_qtwidgetcoupling.cpp
c:\itksnap\itk-snap- bin\gui\qt\external\colorwheel\moc_colorwheel.cpp
c:\itksnap\itk-snap- bin\gui\qt\modelview\moc_gmmtablemodel.cpp
c:\itksnap\itk-snap- bin\gui\qt\view\moc_annotationinteractionmode.cpp
c:\itksnap\itk-snap- bin\gui\qt\view\moc_colormapbox.cpp
c:\itksnap\itk-snap- bin\gui\qt\view\moc_crosshairsinteractionmode.cpp
c:\itksnap\itk-snap- bin\gui\qt\view\moc_genericsliceview.cpp
c:\itksnap\itk-snap- bin\gui\qt\view\moc_genericview3d.cpp
c:\itksnap\itk-snap- bin\gui\qt\view\moc_qtabstractopenglbox.cpp
c:\itksnap\itk-snap- bin\gui\qt\view\moc_qtinteractiondelegatewidget.cpp
c:\itksnap\itk-snap- bin\gui\qt\view\moc_qtsimpleopenglbox.cpp
c:\itksnap\itk-snap- bin\gui\qt\view\moc_qtvtkinteractiondelegatewidget.cpp
c:\itksnap\itk-snap- bin\gui\qt\view\moc_qtvtkrenderwindowbox.cpp
c:\itksnap\itk-snap- bin\gui\qt\view\moc_paintbrushinteractionmode.cpp
c:\itksnap\itk-snap- bin\gui\qt\view\moc_polygondrawinginteractionmode.cpp
c:\itksnap\itk-snap- bin\gui\qt\view\moc_registrationinteractionmode.cpp
c:\itksnap\itk-snap- bin\gui\qt\view\moc_slicewindowinteractiondelegatewidget.cpp
c:\itksnap\itk-snap- bin\gui\qt\view\moc_snakeroiinteractionmode.cpp
c:\itksnap\itk-snap- bin\gui\qt\view\moc_testopengldialog.cpp
c:\itksnap\itk-snap- bin\gui\qt\view\moc_thumbnailinteractionmode.cpp
c:\itksnap\itk-snap- bin\gui\qt\windows\moc_aboutdialog.cpp
c:\itksnap\itk-snap- bin\gui\qt\windows\moc_annotationeditdialog.cpp
c:\itksnap\itk-snap- bin\gui\qt\windows\moc_dropactiondialog.cpp
c:\itksnap\itk-snap- bin\gui\qt\windows\moc_imageiodialog.cpp
c:\itksnap\itk-snap- bin\gui\qt\windows\moc_imageiowizard.cpp
c:\itksnap\itk-snap- bin\gui\qt\windows\imageiowizard\moc_overlayrolepage.cpp
c:\itksnap\itk-snap- bin\gui\qt\windows\moc_interpolatelabelsdialog.cpp
c:\itksnap\itk-snap- bin\gui\qt\windows\moc_labeleditordialog.cpp
c:\itksnap\itk-snap- bin\gui\qt\windows\moc_layerinspectordialog.cpp
c:\itksnap\itk-snap- bin\gui\qt\windows\moc_labelselectionpopup.cpp
c:\itksnap\itk-snap- bin\gui\qt\windows\moc_maincontrolpanel.cpp
c:\itksnap\itk-snap- bin\gui\qt\windows\moc_mainimagewindow.cpp
c:\itksnap\itk-snap- bin\gui\qt\windows\moc_preferencesdialog.cpp
c:\itksnap\itk-snap- bin\gui\qt\windows\moc_reorientimagedialog.cpp
c:\itksnap\itk-snap- bin\gui\qt\windows\moc_resampledialog.cpp
c:\itksnap\itk-snap- bin\gui\qt\windows\moc_savemodifiedlayersdialog.cpp
c:\itksnap\itk-snap- bin\gui\qt\windows\moc_simplefiledialogwithhistory.cpp
c:\itksnap\itk-snap- bin\gui\qt\windows\moc_snakeparameterdialog.cpp
c:\itksnap\itk-snap- bin\gui\qt\windows\moc_speedimagedialog.cpp
c:\itksnap\itk-snap- bin\gui\qt\windows\moc_splashpanel.cpp
c:\itksnap\itk-snap- bin\gui\qt\windows\moc_statisticsdialog.cpp
c:\itksnap\itk-snap- bin\gui\qt\windows\dss\moc_distributedsegmentationdialog.cpp
c:\itksnap\itk-snap- bin\gui\qt\windows\dss\moc_downloadticketdialog.cpp
c:\itksnap\itk-snap- bin\gui\qt\windows\meshexportwizard\moc_meshexportwizard.cpp
c:\itksnap\itk-snap- bin\gui\qt\windows\meshexportwizard\moc_meshexportmodepage.cpp
c:\itksnap\itk-snap- bin\gui\qt\windows\meshexportwizard\moc_meshexportbrowsepage.cpp
c:\itksnap\itk-snap- bin\gui\qt\windows\registration\moc_registrationdialog.cpp
c:\itksnap\itk-snap- bin\testing\gui\qt\moc_snaptestqt.cpp
c:\itksnap\itk-snap- bin\ui_annotationtoolpanel.h
c:\itksnap\itk-snap- bin\ui_collapsablegroupbox.h
c:\itksnap\itk-snap- bin\ui_colormapinspector.h
c:\itksnap\itk-snap- bin\ui_contrastinspector.h
c:\itksnap\itk-snap- bin\ui_cursorinspector.h
c:\itksnap\itk-snap- bin\ui_displaylayoutinspector.h
c:\itksnap\itk-snap- bin\ui_filechooserpanelwithhistory.h
c:\itksnap\itk-snap- bin\ui_imageinfoinspector.h
c:\itksnap\itk-snap- bin\ui_labelinspector.h
c:\itksnap\itk-snap- bin\ui_labelminiinspector.h
c:\itksnap\itk-snap- bin\ui_layerinspectorrowdelegate.h
c:\itksnap\itk-snap- bin\ui_metadatainspector.h
c:\itksnap\itk-snap- bin\ui_generallayerinspector.h
c:\itksnap\itk-snap- bin\ui_paintbrushtoolpanel.h
c:\itksnap\itk-snap- bin\ui_polygontoolpanel.h
c:\itksnap\itk-snap- bin\ui_qdoublesliderwitheditor.h
c:\itksnap\itk-snap- bin\ui_qtwarningdialog.h
c:\itksnap\itk-snap- bin\ui_recenthistoryitemsview.h
c:\itksnap\itk-snap- bin\ui_sliceviewpanel.h
c:\itksnap\itk-snap- bin\ui_snaketoolroipanel.h
c:\itksnap\itk-snap- bin\ui_snakewizardpanel.h
c:\itksnap\itk-snap- bin\ui_synchronizationinspector.h
c:\itksnap\itk-snap- bin\ui_viewpanel3d.h
c:\itksnap\itk-snap- bin\ui_zoominspector.h
c:\itksnap\itk-snap- bin\ui_aboutdialog.h
c:\itksnap\itk-snap- bin\ui_annotationeditdialog.h
c:\itksnap\itk-snap- bin\ui_dropactiondialog.h
c:\itksnap\itk-snap- bin\ui_imageiodialog.h
c:\itksnap\itk-snap- bin\ui_overlayrolepage.h
c:\itksnap\itk-snap- bin\ui_interpolatelabelsdialog.h
c:\itksnap\itk-snap- bin\ui_labeleditordialog.h
c:\itksnap\itk-snap- bin\ui_layerinspectordialog.h
c:\itksnap\itk-snap- bin\ui_labelselectionpopup.h
c:\itksnap\itk-snap- bin\ui_maincontrolpanel.h
c:\itksnap\itk-snap- bin\ui_mainimagewindow.h
c:\itksnap\itk-snap- bin\ui_preferencesdialog.h
c:\itksnap\itk-snap- bin\ui_reorientimagedialog.h
c:\itksnap\itk-snap- bin\ui_resampledialog.h
c:\itksnap\itk-snap- bin\ui_savemodifiedlayersdialog.h
c:\itksnap\itk-snap- bin\ui_simplefiledialogwithhistory.h
c:\itksnap\itk-snap- bin\ui_snakeparameterdialog.h
c:\itksnap\itk-snap- bin\ui_speedimagedialog.h
c:\itksnap\itk-snap- bin\ui_splashpanel.h
c:\itksnap\itk-snap- bin\ui_statisticsdialog.h
c:\itksnap\itk-snap- bin\ui_distributedsegmentationdialog.h
c:\itksnap\itk-snap- bin\ui_downloadticketdialog.h
c:\itksnap\itk-snap- bin\ui_meshexportwizard.h
c:\itksnap\itk-snap- bin\ui_meshexportmodepage.h
c:\itksnap\itk-snap- bin\ui_meshexportbrowsepage.h
c:\itksnap\itk-snap- bin\ui_registrationdialog.h
c:\itksnap\itk-snap- bin\qrc_snapresources.cpp
c:\itksnap\itk-snap- bin\qrc_snapresources_linux.cpp
c:\itksnap\itk-snap- bin\qrc_snapresources_macos.cpp
c:\itksnap\itk-snap- bin\qrc_snapresources_windows.cpp
c:\itksnap\itk-snap- bin\qrc_testingscripts.cpp
c:\itksnap\itk-snap- bin\debug\itksnapui_qt.lib
c:\itksnap\itk-snap- bin\debug\itksnapui_qt.pdb
c:\itksnap\itk-snap- bin\itksnapui_qt.dir\debug\itksnapui_qt.tlog\cl.command.1.tlog
c:\itksnap\itk-snap- bin\itksnapui_qt.dir\debug\itksnapui_qt.tlog\cl.read.1.tlog
c:\itksnap\itk-snap- bin\itksnapui_qt.dir\debug\itksnapui_qt.tlog\cl.write.1.tlog
c:\itksnap\itk-snap- bin\itksnapui_qt.dir\debug\itksnapui_qt.tlog\custombuild.command.1.tlog
c:\itksnap\itk-snap- bin\itksnapui_qt.dir\debug\itksnapui_qt.tlog\custombuild.read.1.tlog
c:\itksnap\itk-snap- bin\itksnapui_qt.dir\debug\itksnapui_qt.tlog\custombuild.write.1.tlog
c:\itksnap\itk-snap- bin\itksnapui_qt.dir\debug\itksnapui_qt.tlog\lib-link.read.1.tlog
c:\itksnap\itk-snap- bin\itksnapui_qt.dir\debug\itksnapui_qt.tlog\lib-link.write.1.tlog
c:\itksnap\itk-snap- bin\itksnapui_qt.dir\debug\itksnapui_qt.tlog\lib.command.1.tlog
