已經開始建置於 2021/6/30 上午 10:27:42。
     1>節點 4 (Build 目標) 上的專案 "C:\ITKSNAP\itk-snap- bin\itksnapui_qt.vcxproj"。
     1>CustomBuild:
         Building Custom Rule C:/ITKSNAP/itk-snap-src/CMakeLists.txt
         CMake does not need to re-run because C:/ITKSNAP/itk-snap- bin/CMakeFiles/generate.stamp is up-to-date.
       ClCompile:
         C:\Program Files (x86)\Microsoft Visual Studio 14.0\VC\bin\x86_amd64\CL.exe /c /I"C:\ITKSNAP\itk-snap- bin\ITKIOFactoryRegistration" /I"C:\Program Files\NVIDIA GPU Computing Toolkit\CUDA\v10.1\include" /I"C:\Program Files\ITK\include\ITK-4.12" /I"C:\Program Files\VTK\include\vtk-6.3" /I"C:\ITKSNAP\cur\builds\libcurl-vc-x64-release-static-ipv6\include" /I"C:\ITKSNAP\itk-snap-src\Common" /I"C:\ITKSNAP\itk-snap-src\Common\ITKExtras" /I"C:\ITKSNAP\itk-snap-src\Common\JSon" /I"C:\ITKSNAP\itk-snap-src\Logic" /I"C:\ITKSNAP\itk-snap-src\Logic\Common" /I"C:\ITKSNAP\itk-snap-src\Logic\Framework" /I"C:\ITKSNAP\itk-snap-src\Logic\ImageWrapper" /I"C:\ITKSNAP\itk-snap-src\Logic\LevelSet" /I"C:\ITKSNAP\itk-snap-src\Logic\Mesh" /I"C:\ITKSNAP\itk-snap-src\Logic\Preprocessing" /I"C:\ITKSNAP\itk-snap-src\Logic\Preprocessing\GMM" /I"C:\ITKSNAP\itk-snap-src\Logic\Preprocessing\Texture" /I"C:\ITKSNAP\itk-snap-src\Logic\RLEImage" /I"C:\ITKSNAP\itk-snap-src\Logic\Slicing" /I"C:\ITKSNAP\itk-snap-src\Logic\WorkspaceAPI" /I"C:\ITKSNAP\itk-snap-src\Submodules\c3d" /I"C:\ITKSNAP\itk-snap-src\Submodules\c3d\itkextras" /I"C:\ITKSNAP\itk-snap-src\Submodules\c3d\itkextras\RandomForest" /I"C:\ITKSNAP\itk-snap-src\Submodules\c3d\itkextras\PovRayIO" /I"C:\ITKSNAP\itk-snap-src\Submodules\c3d\api" /I"C:\ITKSNAP\itk-snap-src\Submodules\greedy\src" /I"C:\ITKSNAP\itk-snap-src\Submodules\greedy\src\ITKFilters\include" /I"C:\ITKSNAP\itk-snap-src\GUI" /I"C:\ITKSNAP\itk-snap-src\GUI\Model" /I"C:\ITKSNAP\itk-snap-src\GUI\Renderer" /I"C:\ITKSNAP\itk-snap-src\GUI\Renderer\OrientationWidget\Reorient" /I"C:\ITKSNAP\itk-snap-src\GUI\Qt" /I"C:\ITKSNAP\itk-snap-src\GUI\Qt\Components" /I"C:\ITKSNAP\itk-snap-src\GUI\Qt\Coupling" /I"C:\ITKSNAP\itk-snap-src\GUI\Qt\External" /I"C:\ITKSNAP\itk-snap-src\GUI\Qt\External\ColorWheel" /I"C:\ITKSNAP\itk-snap-src\GUI\Qt\ModelView" /I"C:\ITKSNAP\itk-snap-src\GUI\Qt\Testing" /I"C:\ITKSNAP\itk-snap-src\GUI\Qt\View" /I"C:\ITKSNAP\itk-snap-src\GUI\Qt\Windows" /I"C:\ITKSNAP\itk-snap-src\GUI\Qt\Windows\DSS" /I"C:\ITKSNAP\itk-snap-src\GUI\Qt\Windows\MeshExportWizard" /I"C:\ITKSNAP\itk-snap-src\GUI\Qt\Windows\Registration" /I"C:\ITKSNAP\itk-snap-src\Testing\Logic" /I"C:\ITKSNAP\itk-snap-src\Testing\GUI\Qt" /I"C:\Program Files\ITK\lib\cmake\ITK-4.12\Utilities\zlib" /I"C:\ITKSNAP\itk-snap- bin" /IC:\Qt\Qt5.6.2\5.6\msvc2015_64\include /IC:\Qt\Qt5.6.2\5.6\msvc2015_64\include\QtWidgets /IC:\Qt\Qt5.6.2\5.6\msvc2015_64\include\QtGui /IC:\Qt\Qt5.6.2\5.6\msvc2015_64\include\QtCore /I"C:\Qt\Qt5.6.2\5.6\msvc2015_64\.\mkspecs\win32-msvc2015" /IC:\Qt\Qt5.6.2\5.6\msvc2015_64\include\QtOpenGL /IC:\Qt\Qt5.6.2\5.6\msvc2015_64\include\QtConcurrent /IC:\Qt\Qt5.6.2\5.6\msvc2015_64\include\QtQml /IC:\Qt\Qt5.6.2\5.6\msvc2015_64\include\QtNetwork /I"C:\Program Files\ITK\include" /I"C:\Program Files\VTK\include" /Zi /nologo /W3 /WX- /Od /Ob0 /D WIN32 /D _WINDOWS /D ITK_IO_FACTORY_REGISTER_MANAGER /D "vtkRenderingContext2D_AUTOINIT=1(vtkRenderingContextOpenGL)" /D "vtkRenderingCore_INCLUDE=\"C:/ITKSNAP/itk-snap- bin/CMakeFiles/vtkRenderingCore_AUTOINIT_vtkInteractionStyle_vtkRenderingFreeType_vtkRenderingOpenGL.h\"" /D "vtkRenderingVolume_AUTOINIT=1(vtkRenderingVolumeOpenGL)" /D _CRT_SECURE_NO_DEPRECATE /D _SCL_SECURE_NO_WARNINGS /D _CRT_SECURE_NO_WARNINGS /D NOMINMAX /D QT_WIDGETS_LIB /D QT_GUI_LIB /D QT_CORE_LIB /D QT_OPENGL_LIB /D QT_CONCURRENT_LIB /D QT_QML_LIB /D QT_NETWORK_LIB /D "CMAKE_INTDIR=\"Debug\"" /D _MBCS /Gm- /EHsc /RTC1 /MDd /GS /fp:precise /Zc:wchar_t /Zc:forScope /Zc:inline /GR /Fo"itksnapui_qt.dir\Debug\\" /Fd"itksnapui_qt.dir\Debug\itksnapui_qt.pdb" /Gd /TP /errorReport:prompt   /bigobj "C:\ITKSNAP\itk-snap- bin\GUI\Qt\Components\moc_AnnotationToolPanel.cpp" "C:\ITKSNAP\itk-snap- bin\GUI\Qt\Components\moc_CollapsableGroupBox.cpp" "C:\ITKSNAP\itk-snap- bin\GUI\Qt\Components\moc_ColorLabelQuickListWidget.cpp" "C:\ITKSNAP\itk-snap- bin\GUI\Qt\Components\moc_ColorMapInspector.cpp" "C:\ITKSNAP\itk-snap- bin\GUI\Qt\Components\moc_ContrastInspector.cpp" "C:\ITKSNAP\itk-snap- bin\GUI\Qt\Components\moc_CursorInspector.cpp" "C:\ITKSNAP\itk-snap- bin\GUI\Qt\Components\moc_DICOMListingTable.cpp" "C:\ITKSNAP\itk-snap- bin\GUI\Qt\Components\moc_DisplayLayoutInspector.cpp" "C:\ITKSNAP\itk-snap- bin\GUI\Qt\Components\moc_FileChooserPanelWithHistory.cpp" "C:\ITKSNAP\itk-snap- bin\GUI\Qt\Components\moc_GeneralLayerInspector.cpp" "C:\ITKSNAP\itk-snap- bin\GUI\Qt\Components\moc_HistoryQListModel.cpp" "C:\ITKSNAP\itk-snap- bin\GUI\Qt\Components\moc_ImageInfoInspector.cpp" "C:\ITKSNAP\itk-snap- bin\GUI\Qt\Components\moc_LabelInspector.cpp" "C:\ITKSNAP\itk-snap- bin\GUI\Qt\Components\moc_LabelMiniInspector.cpp" "C:\ITKSNAP\itk-snap- bin\GUI\Qt\Components\moc_LabelSelectionButton.cpp" "C:\ITKSNAP\itk-snap- bin\GUI\Qt\Components\moc_LatentITKEventNotifier.cpp" "C:\ITKSNAP\itk-snap- bin\GUI\Qt\Components\moc_LayerInspectorRowDelegate.cpp" "C:\ITKSNAP\itk-snap- bin\GUI\Qt\Components\moc_MetadataInspector.cpp" "C:\ITKSNAP\itk-snap- bin\GUI\Qt\Components\moc_PaintbrushToolPanel.cpp" "C:\ITKSNAP\itk-snap- bin\GUI\Qt\Components\moc_PolygonToolPanel.cpp" "C:\ITKSNAP\itk-snap- bin\GUI\Qt\Components\moc_QActionButton.cpp" "C:\ITKSNAP\itk-snap- bin\GUI\Qt\Components\moc_QColorButtonWidget.cpp" "C:\ITKSNAP\itk-snap- bin\GUI\Qt\Components\moc_QDoubleSlider.cpp" "C:\ITKSNAP\itk-snap- bin\GUI\Qt\Components\moc_QDoubleSliderWithEditor.cpp" "C:\ITKSNAP\itk-snap- bin\GUI\Qt\Components\moc_QtFlowLayout.cpp" "C:\ITKSNAP\itk-snap- bin\GUI\Qt\Components\moc_QtHideOnDeactivateContainer.cpp" "C:\ITKSNAP\itk-snap- bin\GUI\Qt\Components\moc_QtIPCManager.cpp" "C:\ITKSNAP\itk-snap- bin\GUI\Qt\Components\moc_QtWarningDialog.cpp" "C:\ITKSNAP\itk-snap- bin\GUI\Qt\Components\moc_QtWidgetActivator.cpp" "C:\ITKSNAP\itk-snap- bin\GUI\Qt\Components\moc_RecentHistoryItemsView.cpp" "C:\ITKSNAP\itk-snap- bin\GUI\Qt\Components\moc_SNAPComponent.cpp" "C:\ITKSNAP\itk-snap- bin\GUI\Qt\Components\moc_SNAPQApplication.cpp" "C:\ITKSNAP\itk-snap- bin\GUI\Qt\Components\moc_SliceViewPanel.cpp" "C:\ITKSNAP\itk-snap- bin\GUI\Qt\Components\moc_SnakeToolROIPanel.cpp" "C:\ITKSNAP\itk-snap- bin\GUI\Qt\Components\moc_SnakeWizardPanel.cpp" "C:\ITKSNAP\itk-snap- bin\GUI\Qt\Components\moc_SynchronizationInspector.cpp" "C:\ITKSNAP\itk-snap- bin\GUI\Qt\Components\moc_TagListWidget.cpp" "C:\ITKSNAP\itk-snap- bin\GUI\Qt\Components\moc_ViewPanel3D.cpp" "C:\ITKSNAP\itk-snap- bin\GUI\Qt\Components\moc_VoxelIntensityQTableModel.cpp" "C:\ITKSNAP\itk-snap- bin\GUI\Qt\Components\moc_ZoomInspector.cpp" "C:\ITKSNAP\itk-snap- bin\GUI\Qt\Coupling\moc_QtWidgetCoupling.cpp" "C:\ITKSNAP\itk-snap- bin\GUI\Qt\External\ColorWheel\moc_ColorWheel.cpp" "C:\ITKSNAP\itk-snap- bin\GUI\Qt\ModelView\moc_GMMTableModel.cpp" "C:\ITKSNAP\itk-snap- bin\GUI\Qt\View\moc_AnnotationInteractionMode.cpp" "C:\ITKSNAP\itk-snap- bin\GUI\Qt\View\moc_ColorMapBox.cpp" "C:\ITKSNAP\itk-snap- bin\GUI\Qt\View\moc_CrosshairsInteractionMode.cpp" "C:\ITKSNAP\itk-snap- bin\GUI\Qt\View\moc_GenericSliceView.cpp" "C:\ITKSNAP\itk-snap- bin\GUI\Qt\View\moc_GenericView3D.cpp" "C:\ITKSNAP\itk-snap- bin\GUI\Qt\View\moc_PaintbrushInteractionMode.cpp" "C:\ITKSNAP\itk-snap- bin\GUI\Qt\View\moc_PolygonDrawingInteractionMode.cpp" "C:\ITKSNAP\itk-snap- bin\GUI\Qt\View\moc_QtAbstractOpenGLBox.cpp" "C:\ITKSNAP\itk-snap- bin\GUI\Qt\View\moc_QtInteractionDelegateWidget.cpp" "C:\ITKSNAP\itk-snap- bin\GUI\Qt\View\moc_QtSimpleOpenGLBox.cpp" "C:\ITKSNAP\itk-snap- bin\GUI\Qt\View\moc_QtVTKInteractionDelegateWidget.cpp" "C:\ITKSNAP\itk-snap- bin\GUI\Qt\View\moc_QtVTKRenderWindowBox.cpp" "C:\ITKSNAP\itk-snap- bin\GUI\Qt\View\moc_RegistrationInteractionMode.cpp" "C:\ITKSNAP\itk-snap- bin\GUI\Qt\View\moc_SliceWindowInteractionDelegateWidget.cpp" "C:\ITKSNAP\itk-snap- bin\GUI\Qt\View\moc_SnakeROIInteractionMode.cpp" "C:\ITKSNAP\itk-snap- bin\GUI\Qt\View\moc_TestOpenGLDialog.cpp" "C:\ITKSNAP\itk-snap- bin\GUI\Qt\View\moc_ThumbnailInteractionMode.cpp" "C:\ITKSNAP\itk-snap- bin\GUI\Qt\Windows\DSS\moc_DistributedSegmentationDialog.cpp" "C:\ITKSNAP\itk-snap- bin\GUI\Qt\Windows\DSS\moc_DownloadTicketDialog.cpp" "C:\ITKSNAP\itk-snap- bin\GUI\Qt\Windows\ImageIOWizard\moc_OverlayRolePage.cpp" "C:\ITKSNAP\itk-snap- bin\GUI\Qt\Windows\MeshExportWizard\moc_MeshExportBrowsePage.cpp" "C:\ITKSNAP\itk-snap- bin\GUI\Qt\Windows\MeshExportWizard\moc_MeshExportModePage.cpp" "C:\ITKSNAP\itk-snap- bin\GUI\Qt\Windows\MeshExportWizard\moc_MeshExportWizard.cpp" "C:\ITKSNAP\itk-snap- bin\GUI\Qt\Windows\Registration\moc_RegistrationDialog.cpp" "C:\ITKSNAP\itk-snap- bin\GUI\Qt\Windows\moc_AboutDialog.cpp" "C:\ITKSNAP\itk-snap- bin\GUI\Qt\Windows\moc_AnnotationEditDialog.cpp" "C:\ITKSNAP\itk-snap- bin\GUI\Qt\Windows\moc_DropActionDialog.cpp" "C:\ITKSNAP\itk-snap- bin\GUI\Qt\Windows\moc_ImageIODialog.cpp" "C:\ITKSNAP\itk-snap- bin\GUI\Qt\Windows\moc_ImageIOWizard.cpp" "C:\ITKSNAP\itk-snap- bin\GUI\Qt\Windows\moc_InterpolateLabelsDialog.cpp" "C:\ITKSNAP\itk-snap- bin\GUI\Qt\Windows\moc_LabelEditorDialog.cpp" "C:\ITKSNAP\itk-snap- bin\GUI\Qt\Windows\moc_LabelSelectionPopup.cpp" "C:\ITKSNAP\itk-snap- bin\GUI\Qt\Windows\moc_LayerInspectorDialog.cpp" "C:\ITKSNAP\itk-snap- bin\GUI\Qt\Windows\moc_MainControlPanel.cpp" "C:\ITKSNAP\itk-snap- bin\GUI\Qt\Windows\moc_MainImageWindow.cpp" "C:\ITKSNAP\itk-snap- bin\GUI\Qt\Windows\moc_PreferencesDialog.cpp" "C:\ITKSNAP\itk-snap- bin\GUI\Qt\Windows\moc_ReorientImageDialog.cpp" "C:\ITKSNAP\itk-snap- bin\GUI\Qt\Windows\moc_ResampleDialog.cpp" "C:\ITKSNAP\itk-snap- bin\GUI\Qt\Windows\moc_SaveModifiedLayersDialog.cpp" "C:\ITKSNAP\itk-snap- bin\GUI\Qt\Windows\moc_SimpleFileDialogWithHistory.cpp" "C:\ITKSNAP\itk-snap- bin\GUI\Qt\Windows\moc_SnakeParameterDialog.cpp" "C:\ITKSNAP\itk-snap- bin\GUI\Qt\Windows\moc_SpeedImageDialog.cpp" "C:\ITKSNAP\itk-snap- bin\GUI\Qt\Windows\moc_SplashPanel.cpp" "C:\ITKSNAP\itk-snap- bin\GUI\Qt\Windows\moc_StatisticsDialog.cpp" "C:\ITKSNAP\itk-snap- bin\Testing\GUI\Qt\moc_SNAPTestQt.cpp" "C:\ITKSNAP\itk-snap- bin\qrc_SNAPResources.cpp" "C:\ITKSNAP\itk-snap- bin\qrc_SNAPResources_Linux.cpp" "C:\ITKSNAP\itk-snap- bin\qrc_SNAPResources_MacOS.cpp" "C:\ITKSNAP\itk-snap- bin\qrc_SNAPResources_Windows.cpp" "C:\ITKSNAP\itk-snap- bin\qrc_TestingScripts.cpp" "C:\ITKSNAP\itk-snap-src\GUI\Qt\Components\AnnotationToolPanel.cxx" "C:\ITKSNAP\itk-snap-src\GUI\Qt\Components\CollapsableGroupBox.cxx" "C:\ITKSNAP\itk-snap-src\GUI\Qt\Components\ColorMapInspector.cxx" "C:\ITKSNAP\itk-snap-src\GUI\Qt\Components\ContrastInspector.cxx" "C:\ITKSNAP\itk-snap-src\GUI\Qt\Components\CursorInspector.cxx" "C:\ITKSNAP\itk-snap-src\GUI\Qt\Components\DisplayLayoutInspector.cxx" "C:\ITKSNAP\itk-snap-src\GUI\Qt\Components\FileChooserPanelWithHistory.cxx" "C:\ITKSNAP\itk-snap-src\GUI\Qt\Components\GeneralLayerInspector.cxx" "C:\ITKSNAP\itk-snap-src\GUI\Qt\Components\ImageInfoInspector.cxx" "C:\ITKSNAP\itk-snap-src\GUI\Qt\Components\LabelInspector.cxx" "C:\ITKSNAP\itk-snap-src\GUI\Qt\Components\LabelMiniInspector.cxx" "C:\ITKSNAP\itk-snap-src\GUI\Qt\Components\LayerInspectorRowDelegate.cxx" "C:\ITKSNAP\itk-snap-src\GUI\Qt\Components\MetadataInspector.cxx" "C:\ITKSNAP\itk-snap-src\GUI\Qt\Components\PaintbrushToolPanel.cxx" "C:\ITKSNAP\itk-snap-src\GUI\Qt\Components\PolygonToolPanel.cxx" "C:\ITKSNAP\itk-snap-src\GUI\Qt\Components\QDoubleSliderWithEditor.cxx" "C:\ITKSNAP\itk-snap-src\GUI\Qt\Components\QtWarningDialog.cxx" "C:\ITKSNAP\itk-snap-src\GUI\Qt\Components\RecentHistoryItemsView.cxx" "C:\ITKSNAP\itk-snap-src\GUI\Qt\Components\SliceViewPanel.cxx" "C:\ITKSNAP\itk-snap-src\GUI\Qt\Components\SnakeToolROIPanel.cxx" "C:\ITKSNAP\itk-snap-src\GUI\Qt\Components\SnakeWizardPanel.cxx" "C:\ITKSNAP\itk-snap-src\GUI\Qt\Components\SynchronizationInspector.cxx" "C:\ITKSNAP\itk-snap-src\GUI\Qt\Components\ViewPanel3D.cxx" "C:\ITKSNAP\itk-snap-src\GUI\Qt\Components\ZoomInspector.cxx" "C:\ITKSNAP\itk-snap-src\GUI\Qt\Windows\AboutDialog.cxx" "C:\ITKSNAP\itk-snap-src\GUI\Qt\Windows\AnnotationEditDialog.cxx" "C:\ITKSNAP\itk-snap-src\GUI\Qt\Windows\DSS\DistributedSegmentationDialog.cxx" "C:\ITKSNAP\itk-snap-src\GUI\Qt\Windows\DSS\DownloadTicketDialog.cxx" "C:\ITKSNAP\itk-snap-src\GUI\Qt\Windows\DropActionDialog.cxx" "C:\ITKSNAP\itk-snap-src\GUI\Qt\Windows\ImageIODialog.cxx" "C:\ITKSNAP\itk-snap-src\GUI\Qt\Windows\ImageIOWizard\OverlayRolePage.cxx" "C:\ITKSNAP\itk-snap-src\GUI\Qt\Windows\InterpolateLabelsDialog.cxx" "C:\ITKSNAP\itk-snap-src\GUI\Qt\Windows\LabelEditorDialog.cxx" "C:\ITKSNAP\itk-snap-src\GUI\Qt\Windows\LabelSelectionPopup.cxx" "C:\ITKSNAP\itk-snap-src\GUI\Qt\Windows\LayerInspectorDialog.cxx" "C:\ITKSNAP\itk-snap-src\GUI\Qt\Windows\MainControlPanel.cxx" "C:\ITKSNAP\itk-snap-src\GUI\Qt\Windows\MainImageWindow.cxx" "C:\ITKSNAP\itk-snap-src\GUI\Qt\Windows\MeshExportWizard\MeshExportBrowsePage.cxx" "C:\ITKSNAP\itk-snap-src\GUI\Qt\Windows\MeshExportWizard\MeshExportModePage.cxx" "C:\ITKSNAP\itk-snap-src\GUI\Qt\Windows\MeshExportWizard\MeshExportWizard.cxx" "C:\ITKSNAP\itk-snap-src\GUI\Qt\Windows\PreferencesDialog.cxx" "C:\ITKSNAP\itk-snap-src\GUI\Qt\Windows\Registration\RegistrationDialog.cxx" "C:\ITKSNAP\itk-snap-src\GUI\Qt\Windows\ReorientImageDialog.cxx" "C:\ITKSNAP\itk-snap-src\GUI\Qt\Windows\ResampleDialog.cxx" "C:\ITKSNAP\itk-snap-src\GUI\Qt\Windows\SaveModifiedLayersDialog.cxx" "C:\ITKSNAP\itk-snap-src\GUI\Qt\Windows\SimpleFileDialogWithHistory.cxx" "C:\ITKSNAP\itk-snap-src\GUI\Qt\Windows\SnakeParameterDialog.cxx" "C:\ITKSNAP\itk-snap-src\GUI\Qt\Windows\SpeedImageDialog.cxx" "C:\ITKSNAP\itk-snap-src\GUI\Qt\Windows\SplashPanel.cxx" "C:\ITKSNAP\itk-snap-src\GUI\Qt\Windows\StatisticsDialog.cxx"
         moc_AnnotationToolPanel.cpp
         moc_CollapsableGroupBox.cpp
         moc_ColorLabelQuickListWidget.cpp
         moc_ColorMapInspector.cpp
         moc_ContrastInspector.cpp
         moc_CursorInspector.cpp
         moc_DICOMListingTable.cpp
         moc_DisplayLayoutInspector.cpp
         moc_FileChooserPanelWithHistory.cpp
         moc_GeneralLayerInspector.cpp
         moc_HistoryQListModel.cpp
         moc_ImageInfoInspector.cpp
         moc_LabelInspector.cpp
         moc_LabelMiniInspector.cpp
         moc_LabelSelectionButton.cpp
         moc_LatentITKEventNotifier.cpp
         moc_LayerInspectorRowDelegate.cpp
         moc_MetadataInspector.cpp
         moc_PaintbrushToolPanel.cpp
         moc_PolygonToolPanel.cpp
         正在產生程式碼...
         正在編譯...
         moc_QActionButton.cpp
         moc_QColorButtonWidget.cpp
         moc_QDoubleSlider.cpp
         moc_QDoubleSliderWithEditor.cpp
         moc_QtFlowLayout.cpp
         moc_QtHideOnDeactivateContainer.cpp
         moc_QtIPCManager.cpp
         moc_QtWarningDialog.cpp
         moc_QtWidgetActivator.cpp
         moc_RecentHistoryItemsView.cpp
         moc_SNAPComponent.cpp
         moc_SNAPQApplication.cpp
         moc_SliceViewPanel.cpp
         moc_SnakeToolROIPanel.cpp
         moc_SnakeWizardPanel.cpp
         moc_SynchronizationInspector.cpp
         moc_TagListWidget.cpp
         moc_ViewPanel3D.cpp
         moc_VoxelIntensityQTableModel.cpp
         moc_ZoomInspector.cpp
         正在產生程式碼...
         正在編譯...
         moc_QtWidgetCoupling.cpp
         moc_ColorWheel.cpp
         moc_GMMTableModel.cpp
         moc_AnnotationInteractionMode.cpp
         moc_ColorMapBox.cpp
         moc_CrosshairsInteractionMode.cpp
         moc_GenericSliceView.cpp
         moc_GenericView3D.cpp
         moc_PaintbrushInteractionMode.cpp
         moc_PolygonDrawingInteractionMode.cpp
         moc_QtAbstractOpenGLBox.cpp
         moc_QtInteractionDelegateWidget.cpp
         moc_QtSimpleOpenGLBox.cpp
         moc_QtVTKInteractionDelegateWidget.cpp
         moc_QtVTKRenderWindowBox.cpp
         moc_RegistrationInteractionMode.cpp
         moc_SliceWindowInteractionDelegateWidget.cpp
         moc_SnakeROIInteractionMode.cpp
         moc_TestOpenGLDialog.cpp
         moc_ThumbnailInteractionMode.cpp
         正在產生程式碼...
         正在編譯...
         moc_DistributedSegmentationDialog.cpp
         moc_DownloadTicketDialog.cpp
         moc_OverlayRolePage.cpp
         moc_MeshExportBrowsePage.cpp
         moc_MeshExportModePage.cpp
         moc_MeshExportWizard.cpp
         moc_RegistrationDialog.cpp
         moc_AboutDialog.cpp
         moc_AnnotationEditDialog.cpp
         moc_DropActionDialog.cpp
         moc_ImageIODialog.cpp
         moc_ImageIOWizard.cpp
         moc_InterpolateLabelsDialog.cpp
         moc_LabelEditorDialog.cpp
         moc_LabelSelectionPopup.cpp
         moc_LayerInspectorDialog.cpp
         moc_MainControlPanel.cpp
         moc_MainImageWindow.cpp
         moc_PreferencesDialog.cpp
         moc_ReorientImageDialog.cpp
         正在產生程式碼...
         正在編譯...
         moc_ResampleDialog.cpp
         moc_SaveModifiedLayersDialog.cpp
         moc_SimpleFileDialogWithHistory.cpp
         moc_SnakeParameterDialog.cpp
         moc_SpeedImageDialog.cpp
         moc_SplashPanel.cpp
         moc_StatisticsDialog.cpp
         moc_SNAPTestQt.cpp
         qrc_SNAPResources.cpp
         qrc_SNAPResources_Linux.cpp
         qrc_SNAPResources_MacOS.cpp
         qrc_SNAPResources_Windows.cpp
         qrc_TestingScripts.cpp
         AnnotationToolPanel.cxx
         CollapsableGroupBox.cxx
         ColorMapInspector.cxx
         ContrastInspector.cxx
         CursorInspector.cxx
         DisplayLayoutInspector.cxx
         FileChooserPanelWithHistory.cxx
         正在產生程式碼...
         正在編譯...
         GeneralLayerInspector.cxx
         ImageInfoInspector.cxx
         LabelInspector.cxx
         LabelMiniInspector.cxx
         LayerInspectorRowDelegate.cxx
         MetadataInspector.cxx
         PaintbrushToolPanel.cxx
         PolygonToolPanel.cxx
         QDoubleSliderWithEditor.cxx
         QtWarningDialog.cxx
         RecentHistoryItemsView.cxx
         SliceViewPanel.cxx
         SnakeToolROIPanel.cxx
         SnakeWizardPanel.cxx
         SynchronizationInspector.cxx
         ViewPanel3D.cxx
         ZoomInspector.cxx
         AboutDialog.cxx
         AnnotationEditDialog.cxx
         DistributedSegmentationDialog.cxx
         正在產生程式碼...
         正在編譯...
         DownloadTicketDialog.cxx
         DropActionDialog.cxx
         ImageIODialog.cxx
         OverlayRolePage.cxx
         InterpolateLabelsDialog.cxx
         LabelEditorDialog.cxx
         LabelSelectionPopup.cxx
         LayerInspectorDialog.cxx
         MainControlPanel.cxx
         MainImageWindow.cxx
         MeshExportBrowsePage.cxx
         MeshExportModePage.cxx
         MeshExportWizard.cxx
         PreferencesDialog.cxx
         RegistrationDialog.cxx
         ReorientImageDialog.cxx
         ResampleDialog.cxx
         SaveModifiedLayersDialog.cxx
         SimpleFileDialogWithHistory.cxx
         SnakeParameterDialog.cxx
         正在產生程式碼...
         正在編譯...
         SpeedImageDialog.cxx
         SplashPanel.cxx
         StatisticsDialog.cxx
         正在產生程式碼...
       Lib:
         C:\Program Files (x86)\Microsoft Visual Studio 14.0\VC\bin\x86_amd64\Lib.exe /OUT:"C:\ITKSNAP\itk-snap- bin\Debug\itksnapui_qt.lib" /NOLOGO /MACHINE:X64   /machine:x64 itksnapui_qt.dir\Debug\AnnotationToolPanel.obj
         itksnapui_qt.dir\Debug\CollapsableGroupBox.obj
         itksnapui_qt.dir\Debug\ColorLabelQuickListWidget.obj
         itksnapui_qt.dir\Debug\ColorMapInspector.obj
         itksnapui_qt.dir\Debug\ContrastInspector.obj
         itksnapui_qt.dir\Debug\CursorInspector.obj
         itksnapui_qt.dir\Debug\DisplayLayoutInspector.obj
         itksnapui_qt.dir\Debug\DICOMListingTable.obj
         itksnapui_qt.dir\Debug\FileChooserPanelWithHistory.obj
         itksnapui_qt.dir\Debug\HistoryQListModel.obj
         itksnapui_qt.dir\Debug\ImageInfoInspector.obj
         itksnapui_qt.dir\Debug\LabelInspector.obj
         itksnapui_qt.dir\Debug\LabelMiniInspector.obj
         itksnapui_qt.dir\Debug\LabelSelectionButton.obj
         itksnapui_qt.dir\Debug\LatentITKEventNotifier.obj
         itksnapui_qt.dir\Debug\LayerInspectorRowDelegate.obj
         itksnapui_qt.dir\Debug\MetadataInspector.obj
         itksnapui_qt.dir\Debug\GeneralLayerInspector.obj
         itksnapui_qt.dir\Debug\PaintbrushToolPanel.obj
         itksnapui_qt.dir\Debug\PolygonToolPanel.obj
         itksnapui_qt.dir\Debug\QActionButton.obj
         itksnapui_qt.dir\Debug\QColorButtonWidget.obj
         itksnapui_qt.dir\Debug\QDoubleSlider.obj
         itksnapui_qt.dir\Debug\QDoubleSliderWithEditor.obj
         itksnapui_qt.dir\Debug\QtFlowLayout.obj
         itksnapui_qt.dir\Debug\QtHideOnDeactivateContainer.obj
         itksnapui_qt.dir\Debug\QtIPCManager.obj
         itksnapui_qt.dir\Debug\QtRendererPlatformSupport.obj
         itksnapui_qt.dir\Debug\QtReporterDelegates.obj
         itksnapui_qt.dir\Debug\QtWarningDialog.obj
         itksnapui_qt.dir\Debug\QtWidgetActivator.obj
         itksnapui_qt.dir\Debug\RecentHistoryItemsView.obj
         itksnapui_qt.dir\Debug\SnakeToolROIPanel.obj
         itksnapui_qt.dir\Debug\SnakeWizardPanel.obj
         itksnapui_qt.dir\Debug\SNAPComponent.obj
         itksnapui_qt.dir\Debug\SNAPQApplication.obj
         itksnapui_qt.dir\Debug\SNAPQtCommon.obj
         itksnapui_qt.dir\Debug\SliceViewPanel.obj
         itksnapui_qt.dir\Debug\SynchronizationInspector.obj
         itksnapui_qt.dir\Debug\TagListWidget.obj
         itksnapui_qt.dir\Debug\ViewPanel3D.obj
         itksnapui_qt.dir\Debug\VoxelIntensityQTableModel.obj
         itksnapui_qt.dir\Debug\ZoomInspector.obj
         itksnapui_qt.dir\Debug\ColorWheel.obj
         itksnapui_qt.dir\Debug\GMMTableModel.obj
         itksnapui_qt.dir\Debug\AnnotationInteractionMode.obj
         itksnapui_qt.dir\Debug\ColorMapBox.obj
         itksnapui_qt.dir\Debug\CrosshairsInteractionMode.obj
         itksnapui_qt.dir\Debug\GenericSliceView.obj
         itksnapui_qt.dir\Debug\GenericView3D.obj
         itksnapui_qt.dir\Debug\InteractionModeClient.obj
         itksnapui_qt.dir\Debug\QtAbstractOpenGLBox.obj
         itksnapui_qt.dir\Debug\QtInteractionDelegateWidget.obj
         itksnapui_qt.dir\Debug\QtSimpleOpenGLBox.obj
         itksnapui_qt.dir\Debug\QtVTKInteractionDelegateWidget.obj
         itksnapui_qt.dir\Debug\QtVTKRenderWindowBox.obj
         itksnapui_qt.dir\Debug\PaintbrushInteractionMode.obj
         itksnapui_qt.dir\Debug\PolygonDrawingInteractionMode.obj
         itksnapui_qt.dir\Debug\RegistrationInteractionMode.obj
         itksnapui_qt.dir\Debug\SliceWindowInteractionDelegateWidget.obj
         itksnapui_qt.dir\Debug\SnakeROIInteractionMode.obj
         itksnapui_qt.dir\Debug\ThumbnailInteractionMode.obj
         itksnapui_qt.dir\Debug\AboutDialog.obj
         itksnapui_qt.dir\Debug\AnnotationEditDialog.obj
         itksnapui_qt.dir\Debug\DropActionDialog.obj
         itksnapui_qt.dir\Debug\ImageIODialog.obj
         itksnapui_qt.dir\Debug\ImageIOWizard.obj
         itksnapui_qt.dir\Debug\OverlayRolePage.obj
         itksnapui_qt.dir\Debug\InterpolateLabelsDialog.obj
         itksnapui_qt.dir\Debug\LabelEditorDialog.obj
         itksnapui_qt.dir\Debug\LayerInspectorDialog.obj
         itksnapui_qt.dir\Debug\LabelSelectionPopup.obj
         itksnapui_qt.dir\Debug\MainControlPanel.obj
         itksnapui_qt.dir\Debug\MainImageWindow.obj
         itksnapui_qt.dir\Debug\PreferencesDialog.obj
         itksnapui_qt.dir\Debug\QtStyles.obj
         itksnapui_qt.dir\Debug\ReorientImageDialog.obj
         itksnapui_qt.dir\Debug\ResampleDialog.obj
         itksnapui_qt.dir\Debug\SaveModifiedLayersDialog.obj
         itksnapui_qt.dir\Debug\SimpleFileDialogWithHistory.obj
         itksnapui_qt.dir\Debug\SnakeParameterDialog.obj
         itksnapui_qt.dir\Debug\SpeedImageDialog.obj
         itksnapui_qt.dir\Debug\SplashPanel.obj
         itksnapui_qt.dir\Debug\StatisticsDialog.obj
         itksnapui_qt.dir\Debug\DistributedSegmentationDialog.obj
         itksnapui_qt.dir\Debug\DownloadTicketDialog.obj
         itksnapui_qt.dir\Debug\MeshExportWizard.obj
         itksnapui_qt.dir\Debug\MeshExportModePage.obj
         itksnapui_qt.dir\Debug\MeshExportBrowsePage.obj
         itksnapui_qt.dir\Debug\RegistrationDialog.obj
         itksnapui_qt.dir\Debug\SNAPTestQt.obj
         itksnapui_qt.dir\Debug\moc_AnnotationToolPanel.obj
         itksnapui_qt.dir\Debug\moc_CollapsableGroupBox.obj
         itksnapui_qt.dir\Debug\moc_ColorLabelQuickListWidget.obj
         itksnapui_qt.dir\Debug\moc_ColorMapInspector.obj
         itksnapui_qt.dir\Debug\moc_ContrastInspector.obj
         itksnapui_qt.dir\Debug\moc_CursorInspector.obj
         itksnapui_qt.dir\Debug\moc_DICOMListingTable.obj
         itksnapui_qt.dir\Debug\moc_DisplayLayoutInspector.obj
         itksnapui_qt.dir\Debug\moc_FileChooserPanelWithHistory.obj
         itksnapui_qt.dir\Debug\moc_HistoryQListModel.obj
         itksnapui_qt.dir\Debug\moc_ImageInfoInspector.obj
         itksnapui_qt.dir\Debug\moc_LabelInspector.obj
         itksnapui_qt.dir\Debug\moc_LabelMiniInspector.obj
         itksnapui_qt.dir\Debug\moc_LabelSelectionButton.obj
         itksnapui_qt.dir\Debug\moc_LatentITKEventNotifier.obj
         itksnapui_qt.dir\Debug\moc_LayerInspectorRowDelegate.obj
         itksnapui_qt.dir\Debug\moc_MetadataInspector.obj
         itksnapui_qt.dir\Debug\moc_GeneralLayerInspector.obj
         itksnapui_qt.dir\Debug\moc_PaintbrushToolPanel.obj
         itksnapui_qt.dir\Debug\moc_PolygonToolPanel.obj
         itksnapui_qt.dir\Debug\moc_QActionButton.obj
         itksnapui_qt.dir\Debug\moc_QColorButtonWidget.obj
         itksnapui_qt.dir\Debug\moc_QDoubleSlider.obj
         itksnapui_qt.dir\Debug\moc_QDoubleSliderWithEditor.obj
         itksnapui_qt.dir\Debug\moc_QtFlowLayout.obj
         itksnapui_qt.dir\Debug\moc_QtHideOnDeactivateContainer.obj
         itksnapui_qt.dir\Debug\moc_QtIPCManager.obj
         itksnapui_qt.dir\Debug\moc_QtWarningDialog.obj
         itksnapui_qt.dir\Debug\moc_QtWidgetActivator.obj
         itksnapui_qt.dir\Debug\moc_RecentHistoryItemsView.obj
         itksnapui_qt.dir\Debug\moc_SnakeToolROIPanel.obj
         itksnapui_qt.dir\Debug\moc_SnakeWizardPanel.obj
         itksnapui_qt.dir\Debug\moc_SNAPComponent.obj
         itksnapui_qt.dir\Debug\moc_SNAPQApplication.obj
         itksnapui_qt.dir\Debug\moc_SliceViewPanel.obj
         itksnapui_qt.dir\Debug\moc_SynchronizationInspector.obj
         itksnapui_qt.dir\Debug\moc_TagListWidget.obj
         itksnapui_qt.dir\Debug\moc_ViewPanel3D.obj
         itksnapui_qt.dir\Debug\moc_VoxelIntensityQTableModel.obj
         itksnapui_qt.dir\Debug\moc_ZoomInspector.obj
         itksnapui_qt.dir\Debug\moc_QtWidgetCoupling.obj
         itksnapui_qt.dir\Debug\moc_ColorWheel.obj
         itksnapui_qt.dir\Debug\moc_GMMTableModel.obj
         itksnapui_qt.dir\Debug\moc_AnnotationInteractionMode.obj
         itksnapui_qt.dir\Debug\moc_ColorMapBox.obj
         itksnapui_qt.dir\Debug\moc_CrosshairsInteractionMode.obj
         itksnapui_qt.dir\Debug\moc_GenericSliceView.obj
         itksnapui_qt.dir\Debug\moc_GenericView3D.obj
         itksnapui_qt.dir\Debug\moc_QtAbstractOpenGLBox.obj
         itksnapui_qt.dir\Debug\moc_QtInteractionDelegateWidget.obj
         itksnapui_qt.dir\Debug\moc_QtSimpleOpenGLBox.obj
         itksnapui_qt.dir\Debug\moc_QtVTKInteractionDelegateWidget.obj
         itksnapui_qt.dir\Debug\moc_QtVTKRenderWindowBox.obj
         itksnapui_qt.dir\Debug\moc_PaintbrushInteractionMode.obj
         itksnapui_qt.dir\Debug\moc_PolygonDrawingInteractionMode.obj
         itksnapui_qt.dir\Debug\moc_RegistrationInteractionMode.obj
         itksnapui_qt.dir\Debug\moc_SliceWindowInteractionDelegateWidget.obj
         itksnapui_qt.dir\Debug\moc_SnakeROIInteractionMode.obj
         itksnapui_qt.dir\Debug\moc_TestOpenGLDialog.obj
         itksnapui_qt.dir\Debug\moc_ThumbnailInteractionMode.obj
         itksnapui_qt.dir\Debug\moc_AboutDialog.obj
         itksnapui_qt.dir\Debug\moc_AnnotationEditDialog.obj
         itksnapui_qt.dir\Debug\moc_DropActionDialog.obj
         itksnapui_qt.dir\Debug\moc_ImageIODialog.obj
         itksnapui_qt.dir\Debug\moc_ImageIOWizard.obj
         itksnapui_qt.dir\Debug\moc_OverlayRolePage.obj
         itksnapui_qt.dir\Debug\moc_InterpolateLabelsDialog.obj
         itksnapui_qt.dir\Debug\moc_LabelEditorDialog.obj
         itksnapui_qt.dir\Debug\moc_LayerInspectorDialog.obj
         itksnapui_qt.dir\Debug\moc_LabelSelectionPopup.obj
         itksnapui_qt.dir\Debug\moc_MainControlPanel.obj
         itksnapui_qt.dir\Debug\moc_MainImageWindow.obj
         itksnapui_qt.dir\Debug\moc_PreferencesDialog.obj
         itksnapui_qt.dir\Debug\moc_ReorientImageDialog.obj
         itksnapui_qt.dir\Debug\moc_ResampleDialog.obj
         itksnapui_qt.dir\Debug\moc_SaveModifiedLayersDialog.obj
         itksnapui_qt.dir\Debug\moc_SimpleFileDialogWithHistory.obj
         itksnapui_qt.dir\Debug\moc_SnakeParameterDialog.obj
         itksnapui_qt.dir\Debug\moc_SpeedImageDialog.obj
         itksnapui_qt.dir\Debug\moc_SplashPanel.obj
         itksnapui_qt.dir\Debug\moc_StatisticsDialog.obj
         itksnapui_qt.dir\Debug\moc_DistributedSegmentationDialog.obj
         itksnapui_qt.dir\Debug\moc_DownloadTicketDialog.obj
         itksnapui_qt.dir\Debug\moc_MeshExportWizard.obj
         itksnapui_qt.dir\Debug\moc_MeshExportModePage.obj
         itksnapui_qt.dir\Debug\moc_MeshExportBrowsePage.obj
         itksnapui_qt.dir\Debug\moc_RegistrationDialog.obj
         itksnapui_qt.dir\Debug\moc_SNAPTestQt.obj
         itksnapui_qt.dir\Debug\qrc_SNAPResources.obj
         itksnapui_qt.dir\Debug\qrc_SNAPResources_Linux.obj
         itksnapui_qt.dir\Debug\qrc_SNAPResources_MacOS.obj
         itksnapui_qt.dir\Debug\qrc_SNAPResources_Windows.obj
         itksnapui_qt.dir\Debug\qrc_TestingScripts.obj
         itksnapui_qt.vcxproj -> C:\ITKSNAP\itk-snap- bin\Debug\itksnapui_qt.lib
     1>專案 "C:\ITKSNAP\itk-snap- bin\itksnapui_qt.vcxproj" (Build 目標) 建置完成。

建置成功。

經過時間 00:02:16.93
