c:\itksnap\itk-snap- bin\itksnaplogic.dir\release\itkvoxbocubimageio.obj
c:\itksnap\itk-snap- bin\itksnaplogic.dir\release\trackball.obj
c:\itksnap\itk-snap- bin\itksnaplogic.dir\release\threadspecificdata.obj
c:\itksnap\itk-snap- bin\itksnaplogic.dir\release\taglist.obj
c:\itksnap\itk-snap- bin\itksnaplogic.dir\release\systeminterface.obj
c:\itksnap\itk-snap- bin\itksnaplogic.dir\release\snapopengl.obj
c:\itksnap\itk-snap- bin\itksnaplogic.dir\release\snapevents.obj
c:\itksnap\itk-snap- bin\itksnaplogic.dir\release\registry.obj
c:\itksnap\itk-snap- bin\itksnaplogic.dir\release\rebroadcaster.obj
c:\itksnap\itk-snap- bin\itksnaplogic.dir\release\irisexception.obj
c:\itksnap\itk-snap- bin\itksnaplogic.dir\release\ipchandler.obj
c:\itksnap\itk-snap- bin\itksnaplogic.dir\release\historymanager.obj
c:\itksnap\itk-snap- bin\itksnaplogic.dir\release\extendedgdcmseriehelper.obj
c:\itksnap\itk-snap- bin\itksnaplogic.dir\release\eventbucket.obj
c:\itksnap\itk-snap- bin\itksnaplogic.dir\release\commandlineargumentparser.obj
c:\itksnap\itk-snap- bin\itksnaplogic.dir\release\colorlabelpropertymodel.obj
c:\itksnap\itk-snap- bin\itksnaplogic.dir\release\affinetransformhelper.obj
c:\itksnap\itk-snap- bin\itksnaplogic.dir\release\abstractpropertycontainermodel.obj
c:\itksnap\itk-snap- bin\itksnaplogic.dir\release\abstractmodel.obj
c:\itksnap\itk-snap- bin\itksnaplogic.dir\release\snapcommon.obj
c:\itksnap\itk-snap- bin\itksnaplogic.dir\release\irisapplication.obj
c:\itksnap\itk-snap- bin\itksnaplogic.dir\release\imageiodelegates.obj
c:\itksnap\itk-snap- bin\itksnaplogic.dir\release\imageannotationdata.obj
c:\itksnap\itk-snap- bin\itksnaplogic.dir\release\globalstate.obj
c:\itksnap\itk-snap- bin\itksnaplogic.dir\release\genericimagedata.obj
c:\itksnap\itk-snap- bin\itksnaplogic.dir\release\defaultbehaviorsettings.obj
c:\itksnap\itk-snap- bin\itksnaplogic.dir\release\snapsegmentationroisettings.obj
c:\itksnap\itk-snap- bin\itksnaplogic.dir\release\snapregistryio.obj
c:\itksnap\itk-snap- bin\itksnaplogic.dir\release\snapappearancesettings.obj
c:\itksnap\itk-snap- bin\itksnaplogic.dir\release\segmentationstatistics.obj
c:\itksnap\itk-snap- bin\itksnaplogic.dir\release\metadataaccess.obj
c:\itksnap\itk-snap- bin\itksnaplogic.dir\release\labelusehistory.obj
c:\itksnap\itk-snap- bin\itksnaplogic.dir\release\irisdisplaygeometry.obj
c:\itksnap\itk-snap- bin\itksnaplogic.dir\release\imagecoordinatetransform.obj
c:\itksnap\itk-snap- bin\itksnaplogic.dir\release\imagecoordinategeometry.obj
c:\itksnap\itk-snap- bin\itksnaplogic.dir\release\colormappresetmanager.obj
c:\itksnap\itk-snap- bin\itksnaplogic.dir\release\colormap.obj
c:\itksnap\itk-snap- bin\itksnaplogic.dir\release\colorlabeltable.obj
c:\itksnap\itk-snap- bin\itksnaplogic.dir\release\jsoncpp.obj
c:\itksnap\itk-snap- bin\itksnaplogic.dir\release\itkvoxbocubimageiofactory.obj
c:\itksnap\itk-snap- bin\itksnaplogic.dir\release\multilabelmeshpipeline.obj
c:\itksnap\itk-snap- bin\itksnaplogic.dir\release\guidedmeshio.obj
c:\itksnap\itk-snap- bin\itksnaplogic.dir\release\allpurposeprogressaccumulator.obj
c:\itksnap\itk-snap- bin\itksnaplogic.dir\release\snakeparameterspreviewpipeline.obj
c:\itksnap\itk-snap- bin\itksnaplogic.dir\release\snakeparameters.obj
c:\itksnap\itk-snap- bin\itksnaplogic.dir\release\vectorimagewrapper.obj
c:\itksnap\itk-snap- bin\itksnaplogic.dir\release\scalarimagewrapper.obj
c:\itksnap\itk-snap- bin\itksnaplogic.dir\release\scalarimagehistogram.obj
c:\itksnap\itk-snap- bin\itksnaplogic.dir\release\multichanneldisplaymode.obj
c:\itksnap\itk-snap- bin\itksnaplogic.dir\release\guidednativeimageio.obj
c:\itksnap\itk-snap- bin\itksnaplogic.dir\release\labelimagewrapper.obj
c:\itksnap\itk-snap- bin\itksnaplogic.dir\release\inputselectionimagefilter.obj
c:\itksnap\itk-snap- bin\itksnaplogic.dir\release\imagewrapper.obj
c:\itksnap\itk-snap- bin\itksnaplogic.dir\release\imagewrapperbase.obj
c:\itksnap\itk-snap- bin\itksnaplogic.dir\release\displaymappingpolicy.obj
c:\itksnap\itk-snap- bin\itksnaplogic.dir\release\commonrepresentationpolicy.obj
c:\itksnap\itk-snap- bin\itksnaplogic.dir\release\undodatamanager_labeltype.obj
c:\itksnap\itk-snap- bin\itksnaplogic.dir\release\snapimagedata.obj
c:\itksnap\itk-snap- bin\itksnaplogic.dir\release\layeriterator.obj
c:\itksnap\itk-snap- bin\itksnaplogic.dir\release\irisimagedata.obj
c:\itksnap\itk-snap- bin\itksnaplogic.dir\release\formattedtable.obj
c:\itksnap\itk-snap- bin\itksnaplogic.dir\release\csvparser.obj
c:\itksnap\itk-snap- bin\itksnaplogic.dir\release\rgbalookuptableintensitymappingfilter.obj
c:\itksnap\itk-snap- bin\itksnaplogic.dir\release\lookuptableintensitymappingfilter.obj
c:\itksnap\itk-snap- bin\itksnaplogic.dir\release\intensitytocolorlookuptableimagefilter.obj
c:\itksnap\itk-snap- bin\itksnaplogic.dir\release\intensitycurvevtk.obj
c:\itksnap\itk-snap- bin\itksnaplogic.dir\release\momenttextures.obj
c:\itksnap\itk-snap- bin\itksnaplogic.dir\release\rfclassificationengine.obj
c:\itksnap\itk-snap- bin\itksnaplogic.dir\release\unsupervisedclustering.obj
c:\itksnap\itk-snap- bin\itksnaplogic.dir\release\kmeansplusplus.obj
c:\itksnap\itk-snap- bin\itksnaplogic.dir\release\gaussianmixturemodel.obj
c:\itksnap\itk-snap- bin\itksnaplogic.dir\release\gaussian.obj
c:\itksnap\itk-snap- bin\itksnaplogic.dir\release\emgaussianmixtures.obj
c:\itksnap\itk-snap- bin\itksnaplogic.dir\release\thresholdsettings.obj
c:\itksnap\itk-snap- bin\itksnaplogic.dir\release\preprocessingfilterconfigtraits.obj
c:\itksnap\itk-snap- bin\itksnaplogic.dir\release\edgepreprocessingsettings.obj
c:\itksnap\itk-snap- bin\itksnaplogic.dir\release\vtkmeshpipeline.obj
c:\itksnap\itk-snap- bin\itksnaplogic.dir\release\meshoptions.obj
c:\itksnap\itk-snap- bin\itksnaplogic.dir\release\meshmanager.obj
c:\itksnap\itk-snap- bin\itksnaplogic.dir\release\levelsetmeshpipeline.obj
c:\itksnap\itk-snap- bin\itksnaplogic.dir\release\workspaceapi.obj
c:\itksnap\itk-snap- bin\itksnaplogic.dir\release\restclient.obj
c:\itksnap\itk-snap- bin\cmakefiles\generate.stamp
c:\itksnap\itk-snap- bin\release\itksnaplogic.lib
c:\itksnap\itk-snap- bin\itksnaplogic.dir\release\itksnaplogic.tlog\cl.command.1.tlog
c:\itksnap\itk-snap- bin\itksnaplogic.dir\release\itksnaplogic.tlog\cl.read.1.tlog
c:\itksnap\itk-snap- bin\itksnaplogic.dir\release\itksnaplogic.tlog\cl.write.1.tlog
c:\itksnap\itk-snap- bin\itksnaplogic.dir\release\itksnaplogic.tlog\custombuild.command.1.tlog
c:\itksnap\itk-snap- bin\itksnaplogic.dir\release\itksnaplogic.tlog\custombuild.read.1.tlog
c:\itksnap\itk-snap- bin\itksnaplogic.dir\release\itksnaplogic.tlog\custombuild.write.1.tlog
c:\itksnap\itk-snap- bin\itksnaplogic.dir\release\itksnaplogic.tlog\lib-link.read.1.tlog
c:\itksnap\itk-snap- bin\itksnaplogic.dir\release\itksnaplogic.tlog\lib-link.write.1.tlog
c:\itksnap\itk-snap- bin\itksnaplogic.dir\release\itksnaplogic.tlog\lib.command.1.tlog
