已經開始建置於 2021/6/30 上午 10:29:59。
     1>節點 3 (Build 目標) 上的專案 "C:\ITKSNAP\itk-snap- bin\ITK-SNAP.vcxproj"。
     1>CustomBuild:
         Building Custom Rule C:/ITKSNAP/itk-snap-src/CMakeLists.txt
         CMake does not need to re-run because C:/ITKSNAP/itk-snap- bin/CMakeFiles/generate.stamp is up-to-date.
       Link:
         C:\Program Files (x86)\Microsoft Visual Studio 14.0\VC\bin\x86_amd64\link.exe /ERRORREPORT:PROMPT /OUT:"C:\ITKSNAP\itk-snap- bin\Debug\ITK-SNAP.exe" /INCREMENTAL /NOLOGO /LIBPATH:"C:/Program Files/NVIDIA GPU Computing Toolkit/CUDA/v10.1/lib/x64/OpenCL.lib" /LIBPATH:"C:/Program Files/NVIDIA GPU Computing Toolkit/CUDA/v10.1/lib/x64/OpenCL.lib/Debug" kernel32.lib user32.lib gdi32.lib winspool.lib shell32.lib ole32.lib oleaut32.lib uuid.lib comdlg32.lib advapi32.lib ws2_32.lib wldap32.lib crypt32.lib winmm.lib Normaliz.lib Debug\itksnapui_qt.lib Debug\itksnapui_model.lib Debug\itksnaplogic.lib Submodules\c3d\Debug\cnd_api.lib Submodules\c3d\Debug\cnd_driver.lib Submodules\c3d\Debug\cnd_adapters.lib Submodules\greedy\Debug\greedyapi.lib "C:\Program Files\ITK\lib\itkdouble-conversion-4.12.lib" "C:\Program Files\ITK\lib\itksys-4.12.lib" "C:\Program Files\ITK\lib\itkvnl_algo-4.12.lib" "C:\Program Files\ITK\lib\itkvnl-4.12.lib" "C:\Program Files\ITK\lib\itkv3p_netlib-4.12.lib" "C:\Program Files\ITK\lib\itknetlib-4.12.lib" "C:\Program Files\ITK\lib\itkvcl-4.12.lib" "C:\Program Files\ITK\lib\itkNetlibSlatec-4.12.lib" "C:\Program Files\ITK\lib\ITKIOBMP-4.12.lib" "C:\Program Files\ITK\lib\ITKEXPAT-4.12.lib" "C:\Program Files\ITK\lib\itkzlib-4.12.lib" "C:\Program Files\ITK\lib\itkgdcmDICT-4.12.lib" "C:\Program Files\ITK\lib\itkgdcmMSFF-4.12.lib" "C:\Program Files\ITK\lib\ITKIOGDCM-4.12.lib" "C:\Program Files\ITK\lib\ITKIOGIPL-4.12.lib" "C:\Program Files\ITK\lib\itkjpeg-4.12.lib" "C:\Program Files\ITK\lib\ITKIOJPEG-4.12.lib" "C:\Program Files\ITK\lib\ITKMetaIO-4.12.lib" "C:\Program Files\ITK\lib\ITKIOMeta-4.12.lib" "C:\Program Files\ITK\lib\ITKznz-4.12.lib" "C:\Program Files\ITK\lib\ITKniftiio-4.12.lib" "C:\Program Files\ITK\lib\ITKIONIFTI-4.12.lib" "C:\Program Files\ITK\lib\ITKNrrdIO-4.12.lib" "C:\Program Files\ITK\lib\ITKIONRRD-4.12.lib" "C:\Program Files\ITK\lib\itkpng-4.12.lib" "C:\Program Files\ITK\lib\ITKIOPNG-4.12.lib" "C:\Program Files\ITK\lib\itktiff-4.12.lib" "C:\Program Files\ITK\lib\ITKIOVTK-4.12.lib" "C:\Program Files\ITK\lib\ITKLabelMap-4.12.lib" "C:\Program Files\ITK\lib\ITKSpatialObjects-4.12.lib" "C:\Program Files\ITK\lib\ITKPath-4.12.lib" "C:\Program Files\ITK\lib\ITKQuadEdgeMesh-4.12.lib" "C:\Program Files\ITK\lib\ITKPolynomials-4.12.lib" "C:\Program Files\ITK\lib\ITKBiasCorrection-4.12.lib" "C:\Program Files\ITK\lib\ITKBioCell-4.12.lib" "C:\Program Files\ITK\lib\ITKDICOMParser-4.12.lib" "C:\Program Files\ITK\lib\ITKIOSpatialObjects-4.12.lib" "C:\Program Files\ITK\lib\ITKFEM-4.12.lib" "C:\Program Files\ITK\lib\ITKgiftiio-4.12.lib" "C:\Program Files\ITK\lib\ITKIOMesh-4.12.lib" "C:\Program Files\ITK\lib\ITKGPUCommon-4.12.lib" "C:\Program Files\ITK\lib\ITKGPUFiniteDifference-4.12.lib" "C:\Program Files\ITK\lib\ITKGPUAnisotropicSmoothing-4.12.lib" "C:\Program Files\ITK\lib\ITKGPUImageFilterBase-4.12.lib" "C:\Program Files\ITK\lib\ITKGPUPDEDeformableRegistration-4.12.lib" "C:\Program Files\ITK\lib\ITKGPUSmoothing-4.12.lib" "C:\Program Files\ITK\lib\ITKGPUThresholding-4.12.lib" "C:\Program Files\ITK\lib\libitkhdf5_cpp.lib" "C:\Program Files\ITK\lib\libitkhdf5.lib" "C:\Program Files\ITK\lib\ITKIOBioRad-4.12.lib" "C:\Program Files\ITK\lib\ITKIOCSV-4.12.lib" "C:\Program Files\ITK\lib\ITKIOGE-4.12.lib" "C:\Program Files\ITK\lib\ITKIOSiemens-4.12.lib" "C:\Program Files\ITK\lib\ITKIOHDF5-4.12.lib" "C:\Program Files\ITK\lib\ITKIOLSM-4.12.lib" "C:\Program Files\ITK\lib\ITKIOMRC-4.12.lib" "C:\Program Files\ITK\lib\ITKIOStimulate-4.12.lib" "C:\Program Files\ITK\lib\ITKTransformFactory-4.12.lib" "C:\Program Files\ITK\lib\ITKIOTransformHDF5-4.12.lib" "C:\Program Files\ITK\lib\ITKIOTransformInsightLegacy-4.12.lib" "C:\Program Files\ITK\lib\ITKIOTransformMatlab-4.12.lib" "C:\Program Files\ITK\lib\ITKKLMRegionGrowing-4.12.lib" "C:\Program Files\ITK\lib\ITKVTK-4.12.lib" "C:\Program Files\ITK\lib\ITKWatersheds-4.12.lib" "C:\Program Files\ITK\lib\ITKOptimizersv4-4.12.lib" "C:\Program Files\ITK\lib\ITKVideoIO-4.12.lib" "C:\Program Files\VTK\lib\vtkDomainsChemistry-6.3.lib" "C:\Program Files\VTK\lib\vtkFiltersFlowPaths-6.3.lib" "C:\Program Files\VTK\lib\vtkFiltersGeneric-6.3.lib" "C:\Program Files\VTK\lib\vtkFiltersHyperTree-6.3.lib" "C:\Program Files\VTK\lib\vtkFiltersParallelImaging-6.3.lib" "C:\Program Files\VTK\lib\vtkFiltersProgrammable-6.3.lib" "C:\Program Files\VTK\lib\vtkFiltersSMP-6.3.lib" "C:\Program Files\VTK\lib\vtkFiltersSelection-6.3.lib" "C:\Program Files\VTK\lib\vtkFiltersVerdict-6.3.lib" "C:\Program Files\VTK\lib\vtkverdict-6.3.lib" "C:\Program Files\VTK\lib\vtkGUISupportQtOpenGL-6.3.lib" "C:\Program Files\VTK\lib\vtkGUISupportQtSQL-6.3.lib" "C:\Program Files\VTK\lib\vtksqlite-6.3.lib" "C:\Program Files\VTK\lib\vtkGUISupportQtWebkit-6.3.lib" "C:\Program Files\VTK\lib\vtkViewsQt-6.3.lib" "C:\Program Files\VTK\lib\vtkViewsInfovis-6.3.lib" "C:\Program Files\VTK\lib\vtkGeovisCore-6.3.lib" "C:\Program Files\VTK\lib\vtkproj4-6.3.lib" "C:\Program Files\VTK\lib\vtkIOAMR-6.3.lib" "C:\Program Files\VTK\lib\vtkIOEnSight-6.3.lib" "C:\Program Files\VTK\lib\vtkIOExodus-6.3.lib" "C:\Program Files\VTK\lib\vtkIOExport-6.3.lib" "C:\Program Files\VTK\lib\vtkRenderingGL2PS-6.3.lib" "C:\Program Files\VTK\lib\vtkRenderingContextOpenGL-6.3.lib" "C:\Program Files\VTK\lib\vtkgl2ps-6.3.lib" "C:\Program Files\VTK\lib\vtkIOImport-6.3.lib" "C:\Program Files\VTK\lib\vtkIOInfovis-6.3.lib" "C:\Program Files\VTK\lib\vtklibxml2-6.3.lib" "C:\Program Files\VTK\lib\vtkIOLSDyna-6.3.lib" "C:\Program Files\VTK\lib\vtkIOMINC-6.3.lib" "C:\Program Files\VTK\lib\vtkIOMovie-6.3.lib" "C:\Program Files\VTK\lib\vtkoggtheora-6.3.lib" "C:\Program Files\VTK\lib\vtkIOPLY-6.3.lib" "C:\Program Files\VTK\lib\vtkIOParallel-6.3.lib" "C:\Program Files\VTK\lib\vtkjsoncpp-6.3.lib" "C:\Program Files\VTK\lib\vtkIOParallelXML-6.3.lib" "C:\Program Files\VTK\lib\vtkIOVideo-6.3.lib" "C:\Program Files\VTK\lib\vtkImagingMath-6.3.lib" "C:\Program Files\VTK\lib\vtkImagingMorphological-6.3.lib" "C:\Program Files\VTK\lib\vtkImagingStatistics-6.3.lib" "C:\Program Files\VTK\lib\vtkImagingStencil-6.3.lib" "C:\Program Files\VTK\lib\vtkInteractionImage-6.3.lib" "C:\Program Files\VTK\lib\vtkRenderingImage-6.3.lib" "C:\Program Files\VTK\lib\vtkRenderingLIC-6.3.lib" "C:\Program Files\VTK\lib\vtkRenderingLOD-6.3.lib" "C:\Program Files\VTK\lib\vtkRenderingQt-6.3.lib" "C:\Program Files\VTK\lib\vtkRenderingVolumeOpenGL-6.3.lib" "C:\Program Files\VTK\lib\vtkTestingGenericBridge-6.3.lib" "C:\Program Files\VTK\lib\vtkTestingIOSQL-6.3.lib" "C:\Program Files\VTK\lib\vtkTestingRendering-6.3.lib" "C:\Program Files\VTK\lib\vtkViewsContext2D-6.3.lib" glu32.lib opengl32.lib glu32.lib "C:\ITKSNAP\cur\builds\libcurl-vc-x64-release-static-ipv6\lib\libcurl_a.lib" C:\Qt\Qt5.6.2\5.6\msvc2015_64\lib\Qt5Concurrentd.lib C:\Qt\Qt5.6.2\5.6\msvc2015_64\lib\Qt5Qmld.lib "C:\Program Files\ITK\lib\itkgdcmMSFF-4.12.lib" "C:\Program Files\ITK\lib\itkgdcmDICT-4.12.lib" "C:\Program Files\ITK\lib\itkgdcmIOD-4.12.lib" "C:\Program Files\ITK\lib\itkgdcmDSED-4.12.lib" "C:\Program Files\ITK\lib\itkgdcmCommon-4.12.lib" crypt32.lib "C:\Program Files\ITK\lib\itkgdcmjpeg8-4.12.lib" "C:\Program Files\ITK\lib\itkgdcmjpeg12-4.12.lib" "C:\Program Files\ITK\lib\itkgdcmjpeg16-4.12.lib" "C:\Program Files\ITK\lib\itkgdcmopenjpeg-4.12.lib" "C:\Program Files\ITK\lib\itkgdcmcharls-4.12.lib" rpcrt4.lib "C:\Program Files\ITK\lib\itkjpeg-4.12.lib" "C:\Program Files\ITK\lib\ITKIOXML-4.12.lib" "C:\Program Files\ITK\lib\ITKMetaIO-4.12.lib" "C:\Program Files\ITK\lib\ITKEXPAT-4.12.lib" "C:\Program Files\ITK\lib\ITKniftiio-4.12.lib" "C:\Program Files\ITK\lib\ITKznz-4.12.lib" "C:\Program Files\ITK\lib\ITKGPUFiniteDifference-4.12.lib" "C:\Program Files\ITK\lib\ITKGPUImageFilterBase-4.12.lib" "C:\Program Files\ITK\lib\ITKGPUCommon-4.12.lib" "C:\Program Files\NVIDIA GPU Computing Toolkit\CUDA\v10.1\lib\x64\OpenCL.lib" "C:\Program Files\ITK\lib\itkzlib-4.12.lib" "C:\Program Files\ITK\lib\ITKIOIPL-4.12.lib" "C:\Program Files\ITK\lib\ITKIOTIFF-4.12.lib" "C:\Program Files\ITK\lib\ITKIOTransformBase-4.12.lib" "C:\Program Files\ITK\lib\ITKTransformFactory-4.12.lib" "C:\Program Files\ITK\lib\ITKSpatialObjects-4.12.lib" "C:\Program Files\ITK\lib\ITKMesh-4.12.lib" "C:\Program Files\ITK\lib\ITKTransform-4.12.lib" "C:\Program Files\ITK\lib\ITKPath-4.12.lib" "C:\Program Files\ITK\lib\ITKOptimizers-4.12.lib" "C:\Program Files\ITK\lib\ITKStatistics-4.12.lib" "C:\Program Files\ITK\lib\itkNetlibSlatec-4.12.lib" "C:\Program Files\ITK\lib\ITKIOImageBase-4.12.lib" "C:\Program Files\ITK\lib\ITKVideoCore-4.12.lib" "C:\Program Files\ITK\lib\ITKCommon-4.12.lib" "C:\Program Files\ITK\lib\itksys-4.12.lib" "C:\Program Files\ITK\lib\ITKVNLInstantiation-4.12.lib" "C:\Program Files\ITK\lib\itkvnl_algo-4.12.lib" "C:\Program Files\ITK\lib\itkvnl-4.12.lib" "C:\Program Files\ITK\lib\itkv3p_netlib-4.12.lib" "C:\Program Files\ITK\lib\itknetlib-4.12.lib" "C:\Program Files\ITK\lib\itkvcl-4.12.lib" C:\Qt\Qt5.6.2\5.6\msvc2015_64\lib\Qt5OpenGLd.lib C:\Qt\Qt5.6.2\5.6\msvc2015_64\lib\Qt5Networkd.lib "C:\Program Files\VTK\lib\vtkChartsCore-6.3.lib" "C:\Program Files\VTK\lib\vtkFiltersImaging-6.3.lib" "C:\Program Files\VTK\lib\vtkInfovisLayout-6.3.lib" "C:\Program Files\VTK\lib\vtkFiltersAMR-6.3.lib" "C:\Program Files\VTK\lib\vtkInfovisCore-6.3.lib" "C:\Program Files\VTK\lib\vtkFiltersParallel-6.3.lib" "C:\Program Files\VTK\lib\vtkexoIIc-6.3.lib" "C:\Program Files\VTK\lib\vtkIONetCDF-6.3.lib" "C:\Program Files\VTK\lib\vtkNetCDF_cxx-6.3.lib" "C:\Program Files\VTK\lib\vtkNetCDF-6.3.lib" "C:\Program Files\VTK\lib\vtkhdf5_hl-6.3.lib" "C:\Program Files\VTK\lib\vtkhdf5-6.3.lib" "C:\Program Files\VTK\lib\vtkParallelCore-6.3.lib" "C:\Program Files\VTK\lib\vtkIOXML-6.3.lib" "C:\Program Files\VTK\lib\vtkIOGeometry-6.3.lib" "C:\Program Files\VTK\lib\vtkIOXMLParser-6.3.lib" "C:\Program Files\VTK\lib\vtkexpat-6.3.lib" "C:\Program Files\VTK\lib\vtkIOLegacy-6.3.lib" "C:\Program Files\VTK\lib\vtkFiltersTexture-6.3.lib" "C:\Program Files\VTK\lib\vtkGUISupportQt-6.3.lib" "C:\Program Files\VTK\lib\vtkRenderingLabel-6.3.lib" C:\Qt\Qt5.6.2\5.6\msvc2015_64\lib\Qt5Widgetsd.lib C:\Qt\Qt5.6.2\5.6\msvc2015_64\lib\Qt5Guid.lib C:\Qt\Qt5.6.2\5.6\msvc2015_64\lib\Qt5Cored.lib C:\Qt\Qt5.6.2\5.6\msvc2015_64\lib\qtmaind.lib "C:\Program Files\VTK\lib\vtkRenderingOpenGL-6.3.lib" "C:\Program Files (x86)\Microsoft DirectX SDK\Lib\x64\d3d9.lib" wbemuuid.lib "C:\Program Files\VTK\lib\vtkIOSQL-6.3.lib" "C:\Program Files\VTK\lib\vtkRenderingContext2D-6.3.lib" "C:\Program Files\VTK\lib\vtkViewsCore-6.3.lib" "C:\Program Files\VTK\lib\vtkInteractionWidgets-6.3.lib" "C:\Program Files\VTK\lib\vtkFiltersHybrid-6.3.lib" "C:\Program Files\VTK\lib\vtkImagingGeneral-6.3.lib" "C:\Program Files\VTK\lib\vtkImagingSources-6.3.lib" "C:\Program Files\VTK\lib\vtkFiltersModeling-6.3.lib" "C:\Program Files\VTK\lib\vtkInteractionStyle-6.3.lib" "C:\Program Files\VTK\lib\vtkImagingHybrid-6.3.lib" "C:\Program Files\VTK\lib\vtkIOImage-6.3.lib" "C:\Program Files\VTK\lib\vtkDICOMParser-6.3.lib" "C:\Program Files\VTK\lib\vtkIOCore-6.3.lib" "C:\Program Files\VTK\lib\vtkmetaio-6.3.lib" comctl32.lib wsock32.lib "C:\Program Files\VTK\lib\vtkpng-6.3.lib" "C:\Program Files\VTK\lib\vtktiff-6.3.lib" "C:\Program Files\VTK\lib\vtkjpeg-6.3.lib" "C:\Program Files\VTK\lib\vtkRenderingAnnotation-6.3.lib" "C:\Program Files\VTK\lib\vtkRenderingFreeType-6.3.lib" "C:\Program Files\VTK\lib\vtkftgl-6.3.lib" "C:\Program Files\VTK\lib\vtkfreetype-6.3.lib" "C:\Program Files\VTK\lib\vtkzlib-6.3.lib" "C:\Program Files\VTK\lib\vtkImagingColor-6.3.lib" "C:\Program Files\VTK\lib\vtkRenderingVolume-6.3.lib" "C:\Program Files\VTK\lib\vtkRenderingCore-6.3.lib" "C:\Program Files\VTK\lib\vtkCommonColor-6.3.lib" "C:\Program Files\VTK\lib\vtkFiltersExtraction-6.3.lib" "C:\Program Files\VTK\lib\vtkFiltersStatistics-6.3.lib" "C:\Program Files\VTK\lib\vtkImagingFourier-6.3.lib" "C:\Program Files\VTK\lib\vtkImagingCore-6.3.lib" "C:\Program Files\VTK\lib\vtkalglib-6.3.lib" "C:\Program Files\VTK\lib\vtkFiltersGeometry-6.3.lib" "C:\Program Files\VTK\lib\vtkFiltersSources-6.3.lib" "C:\Program Files\VTK\lib\vtkFiltersGeneral-6.3.lib" "C:\Program Files\VTK\lib\vtkFiltersCore-6.3.lib" "C:\Program Files\VTK\lib\vtkCommonExecutionModel-6.3.lib" "C:\Program Files\VTK\lib\vtkCommonComputationalGeometry-6.3.lib" "C:\Program Files\VTK\lib\vtkCommonDataModel-6.3.lib" "C:\Program Files\VTK\lib\vtkCommonMisc-6.3.lib" "C:\Program Files\VTK\lib\vtkCommonTransforms-6.3.lib" "C:\Program Files\VTK\lib\vtkCommonMath-6.3.lib" "C:\Program Files\VTK\lib\vtkCommonSystem-6.3.lib" "C:\Program Files\VTK\lib\vtkCommonCore-6.3.lib" "C:\Program Files\VTK\lib\vtksys-6.3.lib" ws2_32.lib Psapi.lib glu32.lib opengl32.lib /MANIFEST /MANIFESTUAC:"level='asInvoker' uiAccess='false'" /manifest:embed /DEBUG /PDB:"C:/ITKSNAP/itk-snap- bin/Debug/ITK-SNAP.pdb" /SUBSYSTEM:WINDOWS /TLBID:1 /DYNAMICBASE /NXCOMPAT /IMPLIB:"C:/ITKSNAP/itk-snap- bin/Debug/ITK-SNAP.lib" /MACHINE:X64   /machine:x64 "ITK-SNAP.dir\Debug\itksnap.res"
         "ITK-SNAP.dir\Debug\main.obj"
     1>itksys-4.12.lib(SystemTools.obj) : error LNK2038: 偵測到 '_ITERATOR_DEBUG_LEVEL' 不符: '0' 值與 '2' 值 (位於 main.obj) 不符
     1>itksys-4.12.lib(SystemTools.obj) : error LNK2038: 偵測到 'RuntimeLibrary' 不符: 'MD_DynamicRelease' 值與 'MDd_DynamicDebug' 值 (位於 main.obj) 不符
     1>itksys-4.12.lib(RegularExpression.obj) : error LNK2038: 偵測到 '_ITERATOR_DEBUG_LEVEL' 不符: '0' 值與 '2' 值 (位於 main.obj) 不符
     1>itksys-4.12.lib(RegularExpression.obj) : error LNK2038: 偵測到 'RuntimeLibrary' 不符: 'MD_DynamicRelease' 值與 'MDd_DynamicDebug' 值 (位於 main.obj) 不符
     1>itksys-4.12.lib(Directory.obj) : error LNK2038: 偵測到 '_ITERATOR_DEBUG_LEVEL' 不符: '0' 值與 '2' 值 (位於 main.obj) 不符
     1>itksys-4.12.lib(Directory.obj) : error LNK2038: 偵測到 'RuntimeLibrary' 不符: 'MD_DynamicRelease' 值與 'MDd_DynamicDebug' 值 (位於 main.obj) 不符
     1>itksys-4.12.lib(EncodingCXX.obj) : error LNK2038: 偵測到 '_ITERATOR_DEBUG_LEVEL' 不符: '0' 值與 '2' 值 (位於 main.obj) 不符
     1>itksys-4.12.lib(EncodingCXX.obj) : error LNK2038: 偵測到 'RuntimeLibrary' 不符: 'MD_DynamicRelease' 值與 'MDd_DynamicDebug' 值 (位於 main.obj) 不符
     1>itkvnl_algo-4.12.lib(vnl_svd+double-.obj) : error LNK2038: 偵測到 '_ITERATOR_DEBUG_LEVEL' 不符: '0' 值與 '2' 值 (位於 main.obj) 不符
     1>itkvnl_algo-4.12.lib(vnl_svd+double-.obj) : error LNK2038: 偵測到 'RuntimeLibrary' 不符: 'MD_DynamicRelease' 值與 'MDd_DynamicDebug' 值 (位於 main.obj) 不符
     1>itkvnl_algo-4.12.lib(vnl_svd+float-.obj) : error LNK2038: 偵測到 '_ITERATOR_DEBUG_LEVEL' 不符: '0' 值與 '2' 值 (位於 main.obj) 不符
     1>itkvnl_algo-4.12.lib(vnl_svd+float-.obj) : error LNK2038: 偵測到 'RuntimeLibrary' 不符: 'MD_DynamicRelease' 值與 'MDd_DynamicDebug' 值 (位於 main.obj) 不符
     1>itkvnl_algo-4.12.lib(vnl_determinant+double-.obj) : error LNK2038: 偵測到 '_ITERATOR_DEBUG_LEVEL' 不符: '0' 值與 '2' 值 (位於 main.obj) 不符
     1>itkvnl_algo-4.12.lib(vnl_determinant+double-.obj) : error LNK2038: 偵測到 'RuntimeLibrary' 不符: 'MD_DynamicRelease' 值與 'MDd_DynamicDebug' 值 (位於 main.obj) 不符
     1>itkvnl_algo-4.12.lib(vnl_symmetric_eigensystem+double-.obj) : error LNK2038: 偵測到 '_ITERATOR_DEBUG_LEVEL' 不符: '0' 值與 '2' 值 (位於 main.obj) 不符
     1>itkvnl_algo-4.12.lib(vnl_symmetric_eigensystem+double-.obj) : error LNK2038: 偵測到 'RuntimeLibrary' 不符: 'MD_DynamicRelease' 值與 'MDd_DynamicDebug' 值 (位於 main.obj) 不符
     1>itkvnl_algo-4.12.lib(vnl_symmetric_eigensystem+float-.obj) : error LNK2038: 偵測到 '_ITERATOR_DEBUG_LEVEL' 不符: '0' 值與 '2' 值 (位於 main.obj) 不符
     1>itkvnl_algo-4.12.lib(vnl_symmetric_eigensystem+float-.obj) : error LNK2038: 偵測到 'RuntimeLibrary' 不符: 'MD_DynamicRelease' 值與 'MDd_DynamicDebug' 值 (位於 main.obj) 不符
     1>itkvnl_algo-4.12.lib(vnl_powell.obj) : error LNK2038: 偵測到 '_ITERATOR_DEBUG_LEVEL' 不符: '0' 值與 '2' 值 (位於 main.obj) 不符
     1>itkvnl_algo-4.12.lib(vnl_powell.obj) : error LNK2038: 偵測到 'RuntimeLibrary' 不符: 'MD_DynamicRelease' 值與 'MDd_DynamicDebug' 值 (位於 main.obj) 不符
     1>itkvnl_algo-4.12.lib(vnl_lbfgs.obj) : error LNK2038: 偵測到 '_ITERATOR_DEBUG_LEVEL' 不符: '0' 值與 '2' 值 (位於 main.obj) 不符
     1>itkvnl_algo-4.12.lib(vnl_lbfgs.obj) : error LNK2038: 偵測到 'RuntimeLibrary' 不符: 'MD_DynamicRelease' 值與 'MDd_DynamicDebug' 值 (位於 main.obj) 不符
     1>itkvnl_algo-4.12.lib(vnl_determinant+float-.obj) : error LNK2038: 偵測到 '_ITERATOR_DEBUG_LEVEL' 不符: '0' 值與 '2' 值 (位於 main.obj) 不符
     1>itkvnl_algo-4.12.lib(vnl_determinant+float-.obj) : error LNK2038: 偵測到 'RuntimeLibrary' 不符: 'MD_DynamicRelease' 值與 'MDd_DynamicDebug' 值 (位於 main.obj) 不符
     1>itkvnl_algo-4.12.lib(vnl_qr+double-.obj) : error LNK2038: 偵測到 '_ITERATOR_DEBUG_LEVEL' 不符: '0' 值與 '2' 值 (位於 main.obj) 不符
     1>itkvnl_algo-4.12.lib(vnl_qr+double-.obj) : error LNK2038: 偵測到 'RuntimeLibrary' 不符: 'MD_DynamicRelease' 值與 'MDd_DynamicDebug' 值 (位於 main.obj) 不符
     1>itkvnl_algo-4.12.lib(vnl_brent_minimizer.obj) : error LNK2038: 偵測到 '_ITERATOR_DEBUG_LEVEL' 不符: '0' 值與 '2' 值 (位於 main.obj) 不符
     1>itkvnl_algo-4.12.lib(vnl_brent_minimizer.obj) : error LNK2038: 偵測到 'RuntimeLibrary' 不符: 'MD_DynamicRelease' 值與 'MDd_DynamicDebug' 值 (位於 main.obj) 不符
     1>itkvnl_algo-4.12.lib(vnl_bracket_minimum.obj) : error LNK2038: 偵測到 '_ITERATOR_DEBUG_LEVEL' 不符: '0' 值與 '2' 值 (位於 main.obj) 不符
     1>itkvnl_algo-4.12.lib(vnl_bracket_minimum.obj) : error LNK2038: 偵測到 'RuntimeLibrary' 不符: 'MD_DynamicRelease' 值與 'MDd_DynamicDebug' 值 (位於 main.obj) 不符
     1>itkvnl_algo-4.12.lib(vnl_qr+float-.obj) : error LNK2038: 偵測到 '_ITERATOR_DEBUG_LEVEL' 不符: '0' 值與 '2' 值 (位於 main.obj) 不符
     1>itkvnl_algo-4.12.lib(vnl_qr+float-.obj) : error LNK2038: 偵測到 'RuntimeLibrary' 不符: 'MD_DynamicRelease' 值與 'MDd_DynamicDebug' 值 (位於 main.obj) 不符
     1>itkvnl-4.12.lib(vnl_vector+int-.obj) : error LNK2038: 偵測到 '_ITERATOR_DEBUG_LEVEL' 不符: '0' 值與 '2' 值 (位於 main.obj) 不符
     1>itkvnl-4.12.lib(vnl_vector+int-.obj) : error LNK2038: 偵測到 'RuntimeLibrary' 不符: 'MD_DynamicRelease' 值與 'MDd_DynamicDebug' 值 (位於 main.obj) 不符
     1>itkvnl-4.12.lib(vnl_matrix+double-.obj) : error LNK2038: 偵測到 '_ITERATOR_DEBUG_LEVEL' 不符: '0' 值與 '2' 值 (位於 main.obj) 不符
     1>itkvnl-4.12.lib(vnl_matrix+double-.obj) : error LNK2038: 偵測到 'RuntimeLibrary' 不符: 'MD_DynamicRelease' 值與 'MDd_DynamicDebug' 值 (位於 main.obj) 不符
     1>itkvnl-4.12.lib(vnl_vector+double-.obj) : error LNK2038: 偵測到 '_ITERATOR_DEBUG_LEVEL' 不符: '0' 值與 '2' 值 (位於 main.obj) 不符
     1>itkvnl-4.12.lib(vnl_vector+double-.obj) : error LNK2038: 偵測到 'RuntimeLibrary' 不符: 'MD_DynamicRelease' 值與 'MDd_DynamicDebug' 值 (位於 main.obj) 不符
     1>itkvnl-4.12.lib(vnl_error.obj) : error LNK2038: 偵測到 '_ITERATOR_DEBUG_LEVEL' 不符: '0' 值與 '2' 值 (位於 main.obj) 不符
     1>itkvnl-4.12.lib(vnl_error.obj) : error LNK2038: 偵測到 'RuntimeLibrary' 不符: 'MD_DynamicRelease' 值與 'MDd_DynamicDebug' 值 (位於 main.obj) 不符
     1>itkvnl-4.12.lib(vnl_vector_fixed+double.3-.obj) : error LNK2038: 偵測到 '_ITERATOR_DEBUG_LEVEL' 不符: '0' 值與 '2' 值 (位於 main.obj) 不符
     1>itkvnl-4.12.lib(vnl_vector_fixed+double.3-.obj) : error LNK2038: 偵測到 'RuntimeLibrary' 不符: 'MD_DynamicRelease' 值與 'MDd_DynamicDebug' 值 (位於 main.obj) 不符
     1>itkvnl-4.12.lib(vnl_vector_fixed+int.3-.obj) : error LNK2038: 偵測到 '_ITERATOR_DEBUG_LEVEL' 不符: '0' 值與 '2' 值 (位於 main.obj) 不符
     1>itkvnl-4.12.lib(vnl_vector_fixed+int.3-.obj) : error LNK2038: 偵測到 'RuntimeLibrary' 不符: 'MD_DynamicRelease' 值與 'MDd_DynamicDebug' 值 (位於 main.obj) 不符
     1>itkvnl-4.12.lib(vnl_c_vector+int-.obj) : error LNK2038: 偵測到 '_ITERATOR_DEBUG_LEVEL' 不符: '0' 值與 '2' 值 (位於 main.obj) 不符
     1>itkvnl-4.12.lib(vnl_c_vector+int-.obj) : error LNK2038: 偵測到 'RuntimeLibrary' 不符: 'MD_DynamicRelease' 值與 'MDd_DynamicDebug' 值 (位於 main.obj) 不符
     1>itkvnl-4.12.lib(vnl_c_vector+double-.obj) : error LNK2038: 偵測到 '_ITERATOR_DEBUG_LEVEL' 不符: '0' 值與 '2' 值 (位於 main.obj) 不符
     1>itkvnl-4.12.lib(vnl_c_vector+double-.obj) : error LNK2038: 偵測到 'RuntimeLibrary' 不符: 'MD_DynamicRelease' 值與 'MDd_DynamicDebug' 值 (位於 main.obj) 不符
     1>itkvnl-4.12.lib(vnl_math.obj) : error LNK2038: 偵測到 '_ITERATOR_DEBUG_LEVEL' 不符: '0' 值與 '2' 值 (位於 main.obj) 不符
     1>itkvnl-4.12.lib(vnl_math.obj) : error LNK2038: 偵測到 'RuntimeLibrary' 不符: 'MD_DynamicRelease' 值與 'MDd_DynamicDebug' 值 (位於 main.obj) 不符
     1>itkvnl-4.12.lib(vnl_random.obj) : error LNK2038: 偵測到 '_ITERATOR_DEBUG_LEVEL' 不符: '0' 值與 '2' 值 (位於 main.obj) 不符
     1>itkvnl-4.12.lib(vnl_random.obj) : error LNK2038: 偵測到 'RuntimeLibrary' 不符: 'MD_DynamicRelease' 值與 'MDd_DynamicDebug' 值 (位於 main.obj) 不符
     1>itkvnl-4.12.lib(vnl_real_polynomial.obj) : error LNK2038: 偵測到 '_ITERATOR_DEBUG_LEVEL' 不符: '0' 值與 '2' 值 (位於 main.obj) 不符
     1>itkvnl-4.12.lib(vnl_real_polynomial.obj) : error LNK2038: 偵測到 'RuntimeLibrary' 不符: 'MD_DynamicRelease' 值與 'MDd_DynamicDebug' 值 (位於 main.obj) 不符
     1>itkvnl-4.12.lib(vnl_matrix+float-.obj) : error LNK2038: 偵測到 '_ITERATOR_DEBUG_LEVEL' 不符: '0' 值與 '2' 值 (位於 main.obj) 不符
     1>itkvnl-4.12.lib(vnl_matrix+float-.obj) : error LNK2038: 偵測到 'RuntimeLibrary' 不符: 'MD_DynamicRelease' 值與 'MDd_DynamicDebug' 值 (位於 main.obj) 不符
     1>itkvnl-4.12.lib(vnl_vector+float-.obj) : error LNK2038: 偵測到 '_ITERATOR_DEBUG_LEVEL' 不符: '0' 值與 '2' 值 (位於 main.obj) 不符
     1>itkvnl-4.12.lib(vnl_vector+float-.obj) : error LNK2038: 偵測到 'RuntimeLibrary' 不符: 'MD_DynamicRelease' 值與 'MDd_DynamicDebug' 值 (位於 main.obj) 不符
     1>itkvnl-4.12.lib(vnl_vector+uint-.obj) : error LNK2038: 偵測到 '_ITERATOR_DEBUG_LEVEL' 不符: '0' 值與 '2' 值 (位於 main.obj) 不符
     1>itkvnl-4.12.lib(vnl_vector+uint-.obj) : error LNK2038: 偵測到 'RuntimeLibrary' 不符: 'MD_DynamicRelease' 值與 'MDd_DynamicDebug' 值 (位於 main.obj) 不符
     1>itkvnl-4.12.lib(vnl_c_vector+uint-.obj) : error LNK2038: 偵測到 '_ITERATOR_DEBUG_LEVEL' 不符: '0' 值與 '2' 值 (位於 main.obj) 不符
     1>itkvnl-4.12.lib(vnl_c_vector+uint-.obj) : error LNK2038: 偵測到 'RuntimeLibrary' 不符: 'MD_DynamicRelease' 值與 'MDd_DynamicDebug' 值 (位於 main.obj) 不符
     1>itkvnl-4.12.lib(vnl_vector_fixed+double.4-.obj) : error LNK2038: 偵測到 '_ITERATOR_DEBUG_LEVEL' 不符: '0' 值與 '2' 值 (位於 main.obj) 不符
     1>itkvnl-4.12.lib(vnl_vector_fixed+double.4-.obj) : error LNK2038: 偵測到 'RuntimeLibrary' 不符: 'MD_DynamicRelease' 值與 'MDd_DynamicDebug' 值 (位於 main.obj) 不符
     1>itkvnl-4.12.lib(vnl_quaternion+double-.obj) : error LNK2038: 偵測到 '_ITERATOR_DEBUG_LEVEL' 不符: '0' 值與 '2' 值 (位於 main.obj) 不符
     1>itkvnl-4.12.lib(vnl_quaternion+double-.obj) : error LNK2038: 偵測到 'RuntimeLibrary' 不符: 'MD_DynamicRelease' 值與 'MDd_DynamicDebug' 值 (位於 main.obj) 不符
     1>itkvnl-4.12.lib(vnl_det+double-.obj) : error LNK2038: 偵測到 '_ITERATOR_DEBUG_LEVEL' 不符: '0' 值與 '2' 值 (位於 main.obj) 不符
     1>itkvnl-4.12.lib(vnl_det+double-.obj) : error LNK2038: 偵測到 'RuntimeLibrary' 不符: 'MD_DynamicRelease' 值與 'MDd_DynamicDebug' 值 (位於 main.obj) 不符
     1>itkvnl-4.12.lib(vnl_vector_fixed+double.2-.obj) : error LNK2038: 偵測到 '_ITERATOR_DEBUG_LEVEL' 不符: '0' 值與 '2' 值 (位於 main.obj) 不符
     1>itkvnl-4.12.lib(vnl_vector_fixed+double.2-.obj) : error LNK2038: 偵測到 'RuntimeLibrary' 不符: 'MD_DynamicRelease' 值與 'MDd_DynamicDebug' 值 (位於 main.obj) 不符
     1>itkvnl-4.12.lib(vnl_vector+long-.obj) : error LNK2038: 偵測到 '_ITERATOR_DEBUG_LEVEL' 不符: '0' 值與 '2' 值 (位於 main.obj) 不符
     1>itkvnl-4.12.lib(vnl_vector+long-.obj) : error LNK2038: 偵測到 'RuntimeLibrary' 不符: 'MD_DynamicRelease' 值與 'MDd_DynamicDebug' 值 (位於 main.obj) 不符
     1>itkvnl-4.12.lib(vnl_matrix+long-.obj) : error LNK2038: 偵測到 '_ITERATOR_DEBUG_LEVEL' 不符: '0' 值與 '2' 值 (位於 main.obj) 不符
     1>itkvnl-4.12.lib(vnl_matrix+long-.obj) : error LNK2038: 偵測到 'RuntimeLibrary' 不符: 'MD_DynamicRelease' 值與 'MDd_DynamicDebug' 值 (位於 main.obj) 不符
     1>itkvnl-4.12.lib(vnl_c_vector+float-.obj) : error LNK2038: 偵測到 '_ITERATOR_DEBUG_LEVEL' 不符: '0' 值與 '2' 值 (位於 main.obj) 不符
     1>itkvnl-4.12.lib(vnl_c_vector+float-.obj) : error LNK2038: 偵測到 'RuntimeLibrary' 不符: 'MD_DynamicRelease' 值與 'MDd_DynamicDebug' 值 (位於 main.obj) 不符
     1>itkvnl-4.12.lib(vnl_vector_fixed+int.2-.obj) : error LNK2038: 偵測到 '_ITERATOR_DEBUG_LEVEL' 不符: '0' 值與 '2' 值 (位於 main.obj) 不符
     1>itkvnl-4.12.lib(vnl_vector_fixed+int.2-.obj) : error LNK2038: 偵測到 'RuntimeLibrary' 不符: 'MD_DynamicRelease' 值與 'MDd_DynamicDebug' 值 (位於 main.obj) 不符
     1>itkvnl-4.12.lib(vnl_matrix+uint-.obj) : error LNK2038: 偵測到 '_ITERATOR_DEBUG_LEVEL' 不符: '0' 值與 '2' 值 (位於 main.obj) 不符
     1>itkvnl-4.12.lib(vnl_matrix+uint-.obj) : error LNK2038: 偵測到 'RuntimeLibrary' 不符: 'MD_DynamicRelease' 值與 'MDd_DynamicDebug' 值 (位於 main.obj) 不符
     1>itkvnl-4.12.lib(vnl_unary_function+double.vnl_vector+double--.obj) : error LNK2038: 偵測到 '_ITERATOR_DEBUG_LEVEL' 不符: '0' 值與 '2' 值 (位於 main.obj) 不符
     1>itkvnl-4.12.lib(vnl_unary_function+double.vnl_vector+double--.obj) : error LNK2038: 偵測到 'RuntimeLibrary' 不符: 'MD_DynamicRelease' 值與 'MDd_DynamicDebug' 值 (位於 main.obj) 不符
     1>itkvnl-4.12.lib(vnl_cost_function.obj) : error LNK2038: 偵測到 '_ITERATOR_DEBUG_LEVEL' 不符: '0' 值與 '2' 值 (位於 main.obj) 不符
     1>itkvnl-4.12.lib(vnl_cost_function.obj) : error LNK2038: 偵測到 'RuntimeLibrary' 不符: 'MD_DynamicRelease' 值與 'MDd_DynamicDebug' 值 (位於 main.obj) 不符
     1>itkvnl-4.12.lib(vnl_nonlinear_minimizer.obj) : error LNK2038: 偵測到 '_ITERATOR_DEBUG_LEVEL' 不符: '0' 值與 '2' 值 (位於 main.obj) 不符
     1>itkvnl-4.12.lib(vnl_nonlinear_minimizer.obj) : error LNK2038: 偵測到 'RuntimeLibrary' 不符: 'MD_DynamicRelease' 值與 'MDd_DynamicDebug' 值 (位於 main.obj) 不符
     1>itkvnl-4.12.lib(vnl_vector_fixed+float.2-.obj) : error LNK2038: 偵測到 '_ITERATOR_DEBUG_LEVEL' 不符: '0' 值與 '2' 值 (位於 main.obj) 不符
     1>itkvnl-4.12.lib(vnl_vector_fixed+float.2-.obj) : error LNK2038: 偵測到 'RuntimeLibrary' 不符: 'MD_DynamicRelease' 值與 'MDd_DynamicDebug' 值 (位於 main.obj) 不符
     1>itkvnl-4.12.lib(vnl_vector_fixed+float.3-.obj) : error LNK2038: 偵測到 '_ITERATOR_DEBUG_LEVEL' 不符: '0' 值與 '2' 值 (位於 main.obj) 不符
     1>itkvnl-4.12.lib(vnl_vector_fixed+float.3-.obj) : error LNK2038: 偵測到 'RuntimeLibrary' 不符: 'MD_DynamicRelease' 值與 'MDd_DynamicDebug' 值 (位於 main.obj) 不符
     1>itkvnl-4.12.lib(vnl_vector_fixed+float.4-.obj) : error LNK2038: 偵測到 '_ITERATOR_DEBUG_LEVEL' 不符: '0' 值與 '2' 值 (位於 main.obj) 不符
     1>itkvnl-4.12.lib(vnl_vector_fixed+float.4-.obj) : error LNK2038: 偵測到 'RuntimeLibrary' 不符: 'MD_DynamicRelease' 值與 'MDd_DynamicDebug' 值 (位於 main.obj) 不符
     1>itkvnl-4.12.lib(vnl_det+float-.obj) : error LNK2038: 偵測到 '_ITERATOR_DEBUG_LEVEL' 不符: '0' 值與 '2' 值 (位於 main.obj) 不符
     1>itkvnl-4.12.lib(vnl_det+float-.obj) : error LNK2038: 偵測到 'RuntimeLibrary' 不符: 'MD_DynamicRelease' 值與 'MDd_DynamicDebug' 值 (位於 main.obj) 不符
     1>itkvnl-4.12.lib(vnl_fortran_copy+double-.obj) : error LNK2038: 偵測到 '_ITERATOR_DEBUG_LEVEL' 不符: '0' 值與 '2' 值 (位於 main.obj) 不符
     1>itkvnl-4.12.lib(vnl_fortran_copy+double-.obj) : error LNK2038: 偵測到 'RuntimeLibrary' 不符: 'MD_DynamicRelease' 值與 'MDd_DynamicDebug' 值 (位於 main.obj) 不符
     1>itkvnl-4.12.lib(vnl_matlab_print+double-.obj) : error LNK2038: 偵測到 '_ITERATOR_DEBUG_LEVEL' 不符: '0' 值與 '2' 值 (位於 main.obj) 不符
     1>itkvnl-4.12.lib(vnl_matlab_print+double-.obj) : error LNK2038: 偵測到 'RuntimeLibrary' 不符: 'MD_DynamicRelease' 值與 'MDd_DynamicDebug' 值 (位於 main.obj) 不符
     1>itkvnl-4.12.lib(vnl_diag_matrix+double-.obj) : error LNK2038: 偵測到 '_ITERATOR_DEBUG_LEVEL' 不符: '0' 值與 '2' 值 (位於 main.obj) 不符
     1>itkvnl-4.12.lib(vnl_diag_matrix+double-.obj) : error LNK2038: 偵測到 'RuntimeLibrary' 不符: 'MD_DynamicRelease' 值與 'MDd_DynamicDebug' 值 (位於 main.obj) 不符
     1>itkvnl-4.12.lib(vnl_fortran_copy+float-.obj) : error LNK2038: 偵測到 '_ITERATOR_DEBUG_LEVEL' 不符: '0' 值與 '2' 值 (位於 main.obj) 不符
     1>itkvnl-4.12.lib(vnl_fortran_copy+float-.obj) : error LNK2038: 偵測到 'RuntimeLibrary' 不符: 'MD_DynamicRelease' 值與 'MDd_DynamicDebug' 值 (位於 main.obj) 不符
     1>itkvnl-4.12.lib(vnl_matlab_print+float-.obj) : error LNK2038: 偵測到 '_ITERATOR_DEBUG_LEVEL' 不符: '0' 值與 '2' 值 (位於 main.obj) 不符
     1>itkvnl-4.12.lib(vnl_matlab_print+float-.obj) : error LNK2038: 偵測到 'RuntimeLibrary' 不符: 'MD_DynamicRelease' 值與 'MDd_DynamicDebug' 值 (位於 main.obj) 不符
     1>itkvnl-4.12.lib(vnl_diag_matrix+float-.obj) : error LNK2038: 偵測到 '_ITERATOR_DEBUG_LEVEL' 不符: '0' 值與 '2' 值 (位於 main.obj) 不符
     1>itkvnl-4.12.lib(vnl_diag_matrix+float-.obj) : error LNK2038: 偵測到 'RuntimeLibrary' 不符: 'MD_DynamicRelease' 值與 'MDd_DynamicDebug' 值 (位於 main.obj) 不符
     1>itkvnl-4.12.lib(vnl_copy.obj) : error LNK2038: 偵測到 '_ITERATOR_DEBUG_LEVEL' 不符: '0' 值與 '2' 值 (位於 main.obj) 不符
     1>itkvnl-4.12.lib(vnl_copy.obj) : error LNK2038: 偵測到 'RuntimeLibrary' 不符: 'MD_DynamicRelease' 值與 'MDd_DynamicDebug' 值 (位於 main.obj) 不符
     1>itkvnl-4.12.lib(vnl_matrix+int-.obj) : error LNK2038: 偵測到 '_ITERATOR_DEBUG_LEVEL' 不符: '0' 值與 '2' 值 (位於 main.obj) 不符
     1>itkvnl-4.12.lib(vnl_matrix+int-.obj) : error LNK2038: 偵測到 'RuntimeLibrary' 不符: 'MD_DynamicRelease' 值與 'MDd_DynamicDebug' 值 (位於 main.obj) 不符
     1>itkvnl-4.12.lib(vnl_c_vector+long-.obj) : error LNK2038: 偵測到 '_ITERATOR_DEBUG_LEVEL' 不符: '0' 值與 '2' 值 (位於 main.obj) 不符
     1>itkvnl-4.12.lib(vnl_c_vector+long-.obj) : error LNK2038: 偵測到 'RuntimeLibrary' 不符: 'MD_DynamicRelease' 值與 'MDd_DynamicDebug' 值 (位於 main.obj) 不符
     1>itkvnl-4.12.lib(vnl_matlab_print_scalar.obj) : error LNK2038: 偵測到 '_ITERATOR_DEBUG_LEVEL' 不符: '0' 值與 '2' 值 (位於 main.obj) 不符
     1>itkvnl-4.12.lib(vnl_matlab_print_scalar.obj) : error LNK2038: 偵測到 'RuntimeLibrary' 不符: 'MD_DynamicRelease' 值與 'MDd_DynamicDebug' 值 (位於 main.obj) 不符
     1>itkvnl-4.12.lib(vnl_matlab_print_format.obj) : error LNK2038: 偵測到 '_ITERATOR_DEBUG_LEVEL' 不符: '0' 值與 '2' 值 (位於 main.obj) 不符
     1>itkvnl-4.12.lib(vnl_matlab_print_format.obj) : error LNK2038: 偵測到 'RuntimeLibrary' 不符: 'MD_DynamicRelease' 值與 'MDd_DynamicDebug' 值 (位於 main.obj) 不符
     1>itkvcl-4.12.lib(vcl_deprecated.obj) : error LNK2038: 偵測到 '_ITERATOR_DEBUG_LEVEL' 不符: '0' 值與 '2' 值 (位於 main.obj) 不符
     1>itkvcl-4.12.lib(vcl_deprecated.obj) : error LNK2038: 偵測到 'RuntimeLibrary' 不符: 'MD_DynamicRelease' 值與 'MDd_DynamicDebug' 值 (位於 main.obj) 不符
     1>itkgdcmMSFF-4.12.lib(gdcmSerieHelper.obj) : error LNK2038: 偵測到 '_ITERATOR_DEBUG_LEVEL' 不符: '0' 值與 '2' 值 (位於 main.obj) 不符
     1>itkgdcmMSFF-4.12.lib(gdcmSerieHelper.obj) : error LNK2038: 偵測到 'RuntimeLibrary' 不符: 'MD_DynamicRelease' 值與 'MDd_DynamicDebug' 值 (位於 main.obj) 不符
     1>itkgdcmMSFF-4.12.lib(gdcmStringFilter.obj) : error LNK2038: 偵測到 '_ITERATOR_DEBUG_LEVEL' 不符: '0' 值與 '2' 值 (位於 main.obj) 不符
     1>itkgdcmMSFF-4.12.lib(gdcmStringFilter.obj) : error LNK2038: 偵測到 'RuntimeLibrary' 不符: 'MD_DynamicRelease' 值與 'MDd_DynamicDebug' 值 (位於 main.obj) 不符
     1>itkgdcmMSFF-4.12.lib(gdcmImageHelper.obj) : error LNK2038: 偵測到 '_ITERATOR_DEBUG_LEVEL' 不符: '0' 值與 '2' 值 (位於 main.obj) 不符
     1>itkgdcmMSFF-4.12.lib(gdcmImageHelper.obj) : error LNK2038: 偵測到 'RuntimeLibrary' 不符: 'MD_DynamicRelease' 值與 'MDd_DynamicDebug' 值 (位於 main.obj) 不符
     1>itkgdcmMSFF-4.12.lib(gdcmSorter.obj) : error LNK2038: 偵測到 '_ITERATOR_DEBUG_LEVEL' 不符: '0' 值與 '2' 值 (位於 main.obj) 不符
     1>itkgdcmMSFF-4.12.lib(gdcmSorter.obj) : error LNK2038: 偵測到 'RuntimeLibrary' 不符: 'MD_DynamicRelease' 值與 'MDd_DynamicDebug' 值 (位於 main.obj) 不符
     1>itkgdcmMSFF-4.12.lib(gdcmIPPSorter.obj) : error LNK2038: 偵測到 '_ITERATOR_DEBUG_LEVEL' 不符: '0' 值與 '2' 值 (位於 main.obj) 不符
     1>itkgdcmMSFF-4.12.lib(gdcmIPPSorter.obj) : error LNK2038: 偵測到 'RuntimeLibrary' 不符: 'MD_DynamicRelease' 值與 'MDd_DynamicDebug' 值 (位於 main.obj) 不符
     1>itkgdcmMSFF-4.12.lib(gdcmImageReader.obj) : error LNK2038: 偵測到 '_ITERATOR_DEBUG_LEVEL' 不符: '0' 值與 '2' 值 (位於 main.obj) 不符
     1>itkgdcmMSFF-4.12.lib(gdcmImageReader.obj) : error LNK2038: 偵測到 'RuntimeLibrary' 不符: 'MD_DynamicRelease' 值與 'MDd_DynamicDebug' 值 (位於 main.obj) 不符
     1>itkgdcmMSFF-4.12.lib(gdcmDataSetHelper.obj) : error LNK2038: 偵測到 '_ITERATOR_DEBUG_LEVEL' 不符: '0' 值與 '2' 值 (位於 main.obj) 不符
     1>itkgdcmMSFF-4.12.lib(gdcmDataSetHelper.obj) : error LNK2038: 偵測到 'RuntimeLibrary' 不符: 'MD_DynamicRelease' 值與 'MDd_DynamicDebug' 值 (位於 main.obj) 不符
     1>itkgdcmMSFF-4.12.lib(gdcmPixelFormat.obj) : error LNK2038: 偵測到 '_ITERATOR_DEBUG_LEVEL' 不符: '0' 值與 '2' 值 (位於 main.obj) 不符
     1>itkgdcmMSFF-4.12.lib(gdcmPixelFormat.obj) : error LNK2038: 偵測到 'RuntimeLibrary' 不符: 'MD_DynamicRelease' 值與 'MDd_DynamicDebug' 值 (位於 main.obj) 不符
     1>itkgdcmMSFF-4.12.lib(gdcmPhotometricInterpretation.obj) : error LNK2038: 偵測到 '_ITERATOR_DEBUG_LEVEL' 不符: '0' 值與 '2' 值 (位於 main.obj) 不符
     1>itkgdcmMSFF-4.12.lib(gdcmPhotometricInterpretation.obj) : error LNK2038: 偵測到 'RuntimeLibrary' 不符: 'MD_DynamicRelease' 值與 'MDd_DynamicDebug' 值 (位於 main.obj) 不符
     1>itkgdcmMSFF-4.12.lib(gdcmLookupTable.obj) : error LNK2038: 偵測到 '_ITERATOR_DEBUG_LEVEL' 不符: '0' 值與 '2' 值 (位於 main.obj) 不符
     1>itkgdcmMSFF-4.12.lib(gdcmLookupTable.obj) : error LNK2038: 偵測到 'RuntimeLibrary' 不符: 'MD_DynamicRelease' 值與 'MDd_DynamicDebug' 值 (位於 main.obj) 不符
     1>itkgdcmMSFF-4.12.lib(gdcmBitmap.obj) : error LNK2038: 偵測到 '_ITERATOR_DEBUG_LEVEL' 不符: '0' 值與 '2' 值 (位於 main.obj) 不符
     1>itkgdcmMSFF-4.12.lib(gdcmBitmap.obj) : error LNK2038: 偵測到 'RuntimeLibrary' 不符: 'MD_DynamicRelease' 值與 'MDd_DynamicDebug' 值 (位於 main.obj) 不符
     1>itkgdcmMSFF-4.12.lib(gdcmImage.obj) : error LNK2038: 偵測到 '_ITERATOR_DEBUG_LEVEL' 不符: '0' 值與 '2' 值 (位於 main.obj) 不符
     1>itkgdcmMSFF-4.12.lib(gdcmImage.obj) : error LNK2038: 偵測到 'RuntimeLibrary' 不符: 'MD_DynamicRelease' 值與 'MDd_DynamicDebug' 值 (位於 main.obj) 不符
     1>itkgdcmMSFF-4.12.lib(gdcmDirectionCosines.obj) : error LNK2038: 偵測到 '_ITERATOR_DEBUG_LEVEL' 不符: '0' 值與 '2' 值 (位於 main.obj) 不符
     1>itkgdcmMSFF-4.12.lib(gdcmDirectionCosines.obj) : error LNK2038: 偵測到 'RuntimeLibrary' 不符: 'MD_DynamicRelease' 值與 'MDd_DynamicDebug' 值 (位於 main.obj) 不符
     1>itkgdcmMSFF-4.12.lib(gdcmSegmentedPaletteColorLookupTable.obj) : error LNK2038: 偵測到 '_ITERATOR_DEBUG_LEVEL' 不符: '0' 值與 '2' 值 (位於 main.obj) 不符
     1>itkgdcmMSFF-4.12.lib(gdcmSegmentedPaletteColorLookupTable.obj) : error LNK2038: 偵測到 'RuntimeLibrary' 不符: 'MD_DynamicRelease' 值與 'MDd_DynamicDebug' 值 (位於 main.obj) 不符
     1>itkgdcmMSFF-4.12.lib(gdcmScanner.obj) : error LNK2038: 偵測到 '_ITERATOR_DEBUG_LEVEL' 不符: '0' 值與 '2' 值 (位於 main.obj) 不符
     1>itkgdcmMSFF-4.12.lib(gdcmScanner.obj) : error LNK2038: 偵測到 'RuntimeLibrary' 不符: 'MD_DynamicRelease' 值與 'MDd_DynamicDebug' 值 (位於 main.obj) 不符
     1>itkgdcmMSFF-4.12.lib(gdcmPixmap.obj) : error LNK2038: 偵測到 '_ITERATOR_DEBUG_LEVEL' 不符: '0' 值與 '2' 值 (位於 main.obj) 不符
     1>itkgdcmMSFF-4.12.lib(gdcmPixmap.obj) : error LNK2038: 偵測到 'RuntimeLibrary' 不符: 'MD_DynamicRelease' 值與 'MDd_DynamicDebug' 值 (位於 main.obj) 不符
     1>itkgdcmMSFF-4.12.lib(gdcmPixmapReader.obj) : error LNK2038: 偵測到 '_ITERATOR_DEBUG_LEVEL' 不符: '0' 值與 '2' 值 (位於 main.obj) 不符
     1>itkgdcmMSFF-4.12.lib(gdcmPixmapReader.obj) : error LNK2038: 偵測到 'RuntimeLibrary' 不符: 'MD_DynamicRelease' 值與 'MDd_DynamicDebug' 值 (位於 main.obj) 不符
     1>itkgdcmMSFF-4.12.lib(gdcmImageCodec.obj) : error LNK2038: 偵測到 '_ITERATOR_DEBUG_LEVEL' 不符: '0' 值與 '2' 值 (位於 main.obj) 不符
     1>itkgdcmMSFF-4.12.lib(gdcmImageCodec.obj) : error LNK2038: 偵測到 'RuntimeLibrary' 不符: 'MD_DynamicRelease' 值與 'MDd_DynamicDebug' 值 (位於 main.obj) 不符
     1>itkgdcmMSFF-4.12.lib(gdcmRAWCodec.obj) : error LNK2038: 偵測到 '_ITERATOR_DEBUG_LEVEL' 不符: '0' 值與 '2' 值 (位於 main.obj) 不符
     1>itkgdcmMSFF-4.12.lib(gdcmRAWCodec.obj) : error LNK2038: 偵測到 'RuntimeLibrary' 不符: 'MD_DynamicRelease' 值與 'MDd_DynamicDebug' 值 (位於 main.obj) 不符
     1>itkgdcmMSFF-4.12.lib(gdcmJPEGCodec.obj) : error LNK2038: 偵測到 '_ITERATOR_DEBUG_LEVEL' 不符: '0' 值與 '2' 值 (位於 main.obj) 不符
     1>itkgdcmMSFF-4.12.lib(gdcmJPEGCodec.obj) : error LNK2038: 偵測到 'RuntimeLibrary' 不符: 'MD_DynamicRelease' 值與 'MDd_DynamicDebug' 值 (位於 main.obj) 不符
     1>itkgdcmMSFF-4.12.lib(gdcmPVRGCodec.obj) : error LNK2038: 偵測到 '_ITERATOR_DEBUG_LEVEL' 不符: '0' 值與 '2' 值 (位於 main.obj) 不符
     1>itkgdcmMSFF-4.12.lib(gdcmPVRGCodec.obj) : error LNK2038: 偵測到 'RuntimeLibrary' 不符: 'MD_DynamicRelease' 值與 'MDd_DynamicDebug' 值 (位於 main.obj) 不符
     1>itkgdcmMSFF-4.12.lib(gdcmKAKADUCodec.obj) : error LNK2038: 偵測到 '_ITERATOR_DEBUG_LEVEL' 不符: '0' 值與 '2' 值 (位於 main.obj) 不符
     1>itkgdcmMSFF-4.12.lib(gdcmKAKADUCodec.obj) : error LNK2038: 偵測到 'RuntimeLibrary' 不符: 'MD_DynamicRelease' 值與 'MDd_DynamicDebug' 值 (位於 main.obj) 不符
     1>itkgdcmMSFF-4.12.lib(gdcmJPEGLSCodec.obj) : error LNK2038: 偵測到 '_ITERATOR_DEBUG_LEVEL' 不符: '0' 值與 '2' 值 (位於 main.obj) 不符
     1>itkgdcmMSFF-4.12.lib(gdcmJPEGLSCodec.obj) : error LNK2038: 偵測到 'RuntimeLibrary' 不符: 'MD_DynamicRelease' 值與 'MDd_DynamicDebug' 值 (位於 main.obj) 不符
     1>itkgdcmMSFF-4.12.lib(gdcmJPEG2000Codec.obj) : error LNK2038: 偵測到 '_ITERATOR_DEBUG_LEVEL' 不符: '0' 值與 '2' 值 (位於 main.obj) 不符
     1>itkgdcmMSFF-4.12.lib(gdcmJPEG2000Codec.obj) : error LNK2038: 偵測到 'RuntimeLibrary' 不符: 'MD_DynamicRelease' 值與 'MDd_DynamicDebug' 值 (位於 main.obj) 不符
     1>itkgdcmMSFF-4.12.lib(gdcmRLECodec.obj) : error LNK2038: 偵測到 '_ITERATOR_DEBUG_LEVEL' 不符: '0' 值與 '2' 值 (位於 main.obj) 不符
     1>itkgdcmMSFF-4.12.lib(gdcmRLECodec.obj) : error LNK2038: 偵測到 'RuntimeLibrary' 不符: 'MD_DynamicRelease' 值與 'MDd_DynamicDebug' 值 (位於 main.obj) 不符
     1>itkgdcmMSFF-4.12.lib(gdcmOverlay.obj) : error LNK2038: 偵測到 '_ITERATOR_DEBUG_LEVEL' 不符: '0' 值與 '2' 值 (位於 main.obj) 不符
     1>itkgdcmMSFF-4.12.lib(gdcmOverlay.obj) : error LNK2038: 偵測到 'RuntimeLibrary' 不符: 'MD_DynamicRelease' 值與 'MDd_DynamicDebug' 值 (位於 main.obj) 不符
     1>itkgdcmMSFF-4.12.lib(gdcmCurve.obj) : error LNK2038: 偵測到 '_ITERATOR_DEBUG_LEVEL' 不符: '0' 值與 '2' 值 (位於 main.obj) 不符
     1>itkgdcmMSFF-4.12.lib(gdcmCurve.obj) : error LNK2038: 偵測到 'RuntimeLibrary' 不符: 'MD_DynamicRelease' 值與 'MDd_DynamicDebug' 值 (位於 main.obj) 不符
     1>itkgdcmMSFF-4.12.lib(gdcmJPEG8Codec.obj) : error LNK2038: 偵測到 '_ITERATOR_DEBUG_LEVEL' 不符: '0' 值與 '2' 值 (位於 main.obj) 不符
     1>itkgdcmMSFF-4.12.lib(gdcmJPEG8Codec.obj) : error LNK2038: 偵測到 'RuntimeLibrary' 不符: 'MD_DynamicRelease' 值與 'MDd_DynamicDebug' 值 (位於 main.obj) 不符
     1>itkgdcmMSFF-4.12.lib(gdcmJPEG12Codec.obj) : error LNK2038: 偵測到 '_ITERATOR_DEBUG_LEVEL' 不符: '0' 值與 '2' 值 (位於 main.obj) 不符
     1>itkgdcmMSFF-4.12.lib(gdcmJPEG12Codec.obj) : error LNK2038: 偵測到 'RuntimeLibrary' 不符: 'MD_DynamicRelease' 值與 'MDd_DynamicDebug' 值 (位於 main.obj) 不符
     1>itkgdcmMSFF-4.12.lib(gdcmJPEG16Codec.obj) : error LNK2038: 偵測到 '_ITERATOR_DEBUG_LEVEL' 不符: '0' 值與 '2' 值 (位於 main.obj) 不符
     1>itkgdcmMSFF-4.12.lib(gdcmJPEG16Codec.obj) : error LNK2038: 偵測到 'RuntimeLibrary' 不符: 'MD_DynamicRelease' 值與 'MDd_DynamicDebug' 值 (位於 main.obj) 不符
     1>itkgdcmMSFF-4.12.lib(info.obj) : error LNK2038: 偵測到 '_ITERATOR_DEBUG_LEVEL' 不符: '0' 值與 '2' 值 (位於 main.obj) 不符
     1>itkgdcmMSFF-4.12.lib(info.obj) : error LNK2038: 偵測到 'RuntimeLibrary' 不符: 'MD_DynamicRelease' 值與 'MDd_DynamicDebug' 值 (位於 main.obj) 不符
     1>itkgdcmMSFF-4.12.lib(rle.obj) : error LNK2038: 偵測到 '_ITERATOR_DEBUG_LEVEL' 不符: '0' 值與 '2' 值 (位於 main.obj) 不符
     1>itkgdcmMSFF-4.12.lib(rle.obj) : error LNK2038: 偵測到 'RuntimeLibrary' 不符: 'MD_DynamicRelease' 值與 'MDd_DynamicDebug' 值 (位於 main.obj) 不符
     1>itkgdcmMSFF-4.12.lib(io.obj) : error LNK2038: 偵測到 '_ITERATOR_DEBUG_LEVEL' 不符: '0' 值與 '2' 值 (位於 main.obj) 不符
     1>itkgdcmMSFF-4.12.lib(io.obj) : error LNK2038: 偵測到 'RuntimeLibrary' 不符: 'MD_DynamicRelease' 值與 'MDd_DynamicDebug' 值 (位於 main.obj) 不符
     1>ITKGPUCommon-4.12.lib(itkOpenCLUtil.obj) : error LNK2038: 偵測到 '_ITERATOR_DEBUG_LEVEL' 不符: '0' 值與 '2' 值 (位於 main.obj) 不符
     1>ITKGPUCommon-4.12.lib(itkOpenCLUtil.obj) : error LNK2038: 偵測到 'RuntimeLibrary' 不符: 'MD_DynamicRelease' 值與 'MDd_DynamicDebug' 值 (位於 main.obj) 不符
     1>ITKGPUCommon-4.12.lib(itkGPUContextManager.obj) : error LNK2038: 偵測到 '_ITERATOR_DEBUG_LEVEL' 不符: '0' 值與 '2' 值 (位於 main.obj) 不符
     1>ITKGPUCommon-4.12.lib(itkGPUContextManager.obj) : error LNK2038: 偵測到 'RuntimeLibrary' 不符: 'MD_DynamicRelease' 值與 'MDd_DynamicDebug' 值 (位於 main.obj) 不符
     1>ITKGPUCommon-4.12.lib(itkGPUDataManager.obj) : error LNK2038: 偵測到 '_ITERATOR_DEBUG_LEVEL' 不符: '0' 值與 '2' 值 (位於 main.obj) 不符
     1>ITKGPUCommon-4.12.lib(itkGPUDataManager.obj) : error LNK2038: 偵測到 'RuntimeLibrary' 不符: 'MD_DynamicRelease' 值與 'MDd_DynamicDebug' 值 (位於 main.obj) 不符
     1>ITKGPUCommon-4.12.lib(itkGPUKernelManager.obj) : error LNK2038: 偵測到 '_ITERATOR_DEBUG_LEVEL' 不符: '0' 值與 '2' 值 (位於 main.obj) 不符
     1>ITKGPUCommon-4.12.lib(itkGPUKernelManager.obj) : error LNK2038: 偵測到 'RuntimeLibrary' 不符: 'MD_DynamicRelease' 值與 'MDd_DynamicDebug' 值 (位於 main.obj) 不符
     1>ITKGPUImageFilterBase-4.12.lib(GPUNeighborhoodOperatorImageFilterKernel.obj) : error LNK2038: 偵測到 '_ITERATOR_DEBUG_LEVEL' 不符: '0' 值與 '2' 值 (位於 main.obj) 不符
     1>ITKGPUImageFilterBase-4.12.lib(GPUNeighborhoodOperatorImageFilterKernel.obj) : error LNK2038: 偵測到 'RuntimeLibrary' 不符: 'MD_DynamicRelease' 值與 'MDd_DynamicDebug' 值 (位於 main.obj) 不符
     1>ITKTransformFactory-4.12.lib(itkTransformFactoryBase.obj) : error LNK2038: 偵測到 '_ITERATOR_DEBUG_LEVEL' 不符: '0' 值與 '2' 值 (位於 main.obj) 不符
     1>ITKTransformFactory-4.12.lib(itkTransformFactoryBase.obj) : error LNK2038: 偵測到 'RuntimeLibrary' 不符: 'MD_DynamicRelease' 值與 'MDd_DynamicDebug' 值 (位於 main.obj) 不符
     1>ITKTransformFactory-4.12.lib(itkTransformFactoryBaseRegisterDoubleParameters.obj) : error LNK2038: 偵測到 '_ITERATOR_DEBUG_LEVEL' 不符: '0' 值與 '2' 值 (位於 main.obj) 不符
     1>ITKTransformFactory-4.12.lib(itkTransformFactoryBaseRegisterDoubleParameters.obj) : error LNK2038: 偵測到 'RuntimeLibrary' 不符: 'MD_DynamicRelease' 值與 'MDd_DynamicDebug' 值 (位於 main.obj) 不符
     1>ITKTransformFactory-4.12.lib(itkTransformFactoryBaseRegisterFloatParameters.obj) : error LNK2038: 偵測到 '_ITERATOR_DEBUG_LEVEL' 不符: '0' 值與 '2' 值 (位於 main.obj) 不符
     1>ITKTransformFactory-4.12.lib(itkTransformFactoryBaseRegisterFloatParameters.obj) : error LNK2038: 偵測到 'RuntimeLibrary' 不符: 'MD_DynamicRelease' 值與 'MDd_DynamicDebug' 值 (位於 main.obj) 不符
     1>itkgdcmDSED-4.12.lib(gdcmReader.obj) : error LNK2038: 偵測到 '_ITERATOR_DEBUG_LEVEL' 不符: '0' 值與 '2' 值 (位於 main.obj) 不符
     1>itkgdcmDSED-4.12.lib(gdcmReader.obj) : error LNK2038: 偵測到 'RuntimeLibrary' 不符: 'MD_DynamicRelease' 值與 'MDd_DynamicDebug' 值 (位於 main.obj) 不符
     1>itkgdcmDSED-4.12.lib(gdcmTag.obj) : error LNK2038: 偵測到 '_ITERATOR_DEBUG_LEVEL' 不符: '0' 值與 '2' 值 (位於 main.obj) 不符
     1>itkgdcmDSED-4.12.lib(gdcmTag.obj) : error LNK2038: 偵測到 'RuntimeLibrary' 不符: 'MD_DynamicRelease' 值與 'MDd_DynamicDebug' 值 (位於 main.obj) 不符
     1>itkgdcmDSED-4.12.lib(gdcmPreamble.obj) : error LNK2038: 偵測到 '_ITERATOR_DEBUG_LEVEL' 不符: '0' 值與 '2' 值 (位於 main.obj) 不符
     1>itkgdcmDSED-4.12.lib(gdcmPreamble.obj) : error LNK2038: 偵測到 'RuntimeLibrary' 不符: 'MD_DynamicRelease' 值與 'MDd_DynamicDebug' 值 (位於 main.obj) 不符
     1>itkgdcmDSED-4.12.lib(gdcmFileMetaInformation.obj) : error LNK2038: 偵測到 '_ITERATOR_DEBUG_LEVEL' 不符: '0' 值與 '2' 值 (位於 main.obj) 不符
     1>itkgdcmDSED-4.12.lib(gdcmFileMetaInformation.obj) : error LNK2038: 偵測到 'RuntimeLibrary' 不符: 'MD_DynamicRelease' 值與 'MDd_DynamicDebug' 值 (位於 main.obj) 不符
     1>itkgdcmDSED-4.12.lib(gdcmFile.obj) : error LNK2038: 偵測到 '_ITERATOR_DEBUG_LEVEL' 不符: '0' 值與 '2' 值 (位於 main.obj) 不符
     1>itkgdcmDSED-4.12.lib(gdcmFile.obj) : error LNK2038: 偵測到 'RuntimeLibrary' 不符: 'MD_DynamicRelease' 值與 'MDd_DynamicDebug' 值 (位於 main.obj) 不符
     1>itkgdcmDSED-4.12.lib(gdcmVR.obj) : error LNK2038: 偵測到 '_ITERATOR_DEBUG_LEVEL' 不符: '0' 值與 '2' 值 (位於 main.obj) 不符
     1>itkgdcmDSED-4.12.lib(gdcmVR.obj) : error LNK2038: 偵測到 'RuntimeLibrary' 不符: 'MD_DynamicRelease' 值與 'MDd_DynamicDebug' 值 (位於 main.obj) 不符
     1>itkgdcmDSED-4.12.lib(gdcmDataElement.obj) : error LNK2038: 偵測到 '_ITERATOR_DEBUG_LEVEL' 不符: '0' 值與 '2' 值 (位於 main.obj) 不符
     1>itkgdcmDSED-4.12.lib(gdcmDataElement.obj) : error LNK2038: 偵測到 'RuntimeLibrary' 不符: 'MD_DynamicRelease' 值與 'MDd_DynamicDebug' 值 (位於 main.obj) 不符
     1>itkgdcmDSED-4.12.lib(gdcmVM.obj) : error LNK2038: 偵測到 '_ITERATOR_DEBUG_LEVEL' 不符: '0' 值與 '2' 值 (位於 main.obj) 不符
     1>itkgdcmDSED-4.12.lib(gdcmVM.obj) : error LNK2038: 偵測到 'RuntimeLibrary' 不符: 'MD_DynamicRelease' 值與 'MDd_DynamicDebug' 值 (位於 main.obj) 不符
     1>itkgdcmDSED-4.12.lib(gdcmDataSet.obj) : error LNK2038: 偵測到 '_ITERATOR_DEBUG_LEVEL' 不符: '0' 值與 '2' 值 (位於 main.obj) 不符
     1>itkgdcmDSED-4.12.lib(gdcmDataSet.obj) : error LNK2038: 偵測到 'RuntimeLibrary' 不符: 'MD_DynamicRelease' 值與 'MDd_DynamicDebug' 值 (位於 main.obj) 不符
     1>itkgdcmDSED-4.12.lib(gdcmSequenceOfItems.obj) : error LNK2038: 偵測到 '_ITERATOR_DEBUG_LEVEL' 不符: '0' 值與 '2' 值 (位於 main.obj) 不符
     1>itkgdcmDSED-4.12.lib(gdcmSequenceOfItems.obj) : error LNK2038: 偵測到 'RuntimeLibrary' 不符: 'MD_DynamicRelease' 值與 'MDd_DynamicDebug' 值 (位於 main.obj) 不符
     1>itkgdcmDSED-4.12.lib(gdcmMediaStorage.obj) : error LNK2038: 偵測到 '_ITERATOR_DEBUG_LEVEL' 不符: '0' 值與 '2' 值 (位於 main.obj) 不符
     1>itkgdcmDSED-4.12.lib(gdcmMediaStorage.obj) : error LNK2038: 偵測到 'RuntimeLibrary' 不符: 'MD_DynamicRelease' 值與 'MDd_DynamicDebug' 值 (位於 main.obj) 不符
     1>itkgdcmDSED-4.12.lib(gdcmValue.obj) : error LNK2038: 偵測到 '_ITERATOR_DEBUG_LEVEL' 不符: '0' 值與 '2' 值 (位於 main.obj) 不符
     1>itkgdcmDSED-4.12.lib(gdcmValue.obj) : error LNK2038: 偵測到 'RuntimeLibrary' 不符: 'MD_DynamicRelease' 值與 'MDd_DynamicDebug' 值 (位於 main.obj) 不符
     1>itkgdcmDSED-4.12.lib(gdcmByteValue.obj) : error LNK2038: 偵測到 '_ITERATOR_DEBUG_LEVEL' 不符: '0' 值與 '2' 值 (位於 main.obj) 不符
     1>itkgdcmDSED-4.12.lib(gdcmByteValue.obj) : error LNK2038: 偵測到 'RuntimeLibrary' 不符: 'MD_DynamicRelease' 值與 'MDd_DynamicDebug' 值 (位於 main.obj) 不符
     1>itkgdcmDSED-4.12.lib(gdcmTransferSyntax.obj) : error LNK2038: 偵測到 '_ITERATOR_DEBUG_LEVEL' 不符: '0' 值與 '2' 值 (位於 main.obj) 不符
     1>itkgdcmDSED-4.12.lib(gdcmTransferSyntax.obj) : error LNK2038: 偵測到 'RuntimeLibrary' 不符: 'MD_DynamicRelease' 值與 'MDd_DynamicDebug' 值 (位於 main.obj) 不符
     1>itkgdcmDSED-4.12.lib(gdcmSequenceOfFragments.obj) : error LNK2038: 偵測到 '_ITERATOR_DEBUG_LEVEL' 不符: '0' 值與 '2' 值 (位於 main.obj) 不符
     1>itkgdcmDSED-4.12.lib(gdcmSequenceOfFragments.obj) : error LNK2038: 偵測到 'RuntimeLibrary' 不符: 'MD_DynamicRelease' 值與 'MDd_DynamicDebug' 值 (位於 main.obj) 不符
     1>itkgdcmDSED-4.12.lib(gdcmPrivateTag.obj) : error LNK2038: 偵測到 '_ITERATOR_DEBUG_LEVEL' 不符: '0' 值與 '2' 值 (位於 main.obj) 不符
     1>itkgdcmDSED-4.12.lib(gdcmPrivateTag.obj) : error LNK2038: 偵測到 'RuntimeLibrary' 不符: 'MD_DynamicRelease' 值與 'MDd_DynamicDebug' 值 (位於 main.obj) 不符
     1>itkgdcmDSED-4.12.lib(gdcmExplicitDataElement.obj) : error LNK2038: 偵測到 '_ITERATOR_DEBUG_LEVEL' 不符: '0' 值與 '2' 值 (位於 main.obj) 不符
     1>itkgdcmDSED-4.12.lib(gdcmExplicitDataElement.obj) : error LNK2038: 偵測到 'RuntimeLibrary' 不符: 'MD_DynamicRelease' 值與 'MDd_DynamicDebug' 值 (位於 main.obj) 不符
     1>itkgdcmDSED-4.12.lib(gdcmByteSwapFilter.obj) : error LNK2038: 偵測到 '_ITERATOR_DEBUG_LEVEL' 不符: '0' 值與 '2' 值 (位於 main.obj) 不符
     1>itkgdcmDSED-4.12.lib(gdcmByteSwapFilter.obj) : error LNK2038: 偵測到 'RuntimeLibrary' 不符: 'MD_DynamicRelease' 值與 'MDd_DynamicDebug' 值 (位於 main.obj) 不符
     1>itkgdcmDSED-4.12.lib(gdcmImplicitDataElement.obj) : error LNK2038: 偵測到 '_ITERATOR_DEBUG_LEVEL' 不符: '0' 值與 '2' 值 (位於 main.obj) 不符
     1>itkgdcmDSED-4.12.lib(gdcmImplicitDataElement.obj) : error LNK2038: 偵測到 'RuntimeLibrary' 不符: 'MD_DynamicRelease' 值與 'MDd_DynamicDebug' 值 (位於 main.obj) 不符
     1>itkgdcmDSED-4.12.lib(gdcmUNExplicitDataElement.obj) : error LNK2038: 偵測到 '_ITERATOR_DEBUG_LEVEL' 不符: '0' 值與 '2' 值 (位於 main.obj) 不符
     1>itkgdcmDSED-4.12.lib(gdcmUNExplicitDataElement.obj) : error LNK2038: 偵測到 'RuntimeLibrary' 不符: 'MD_DynamicRelease' 值與 'MDd_DynamicDebug' 值 (位於 main.obj) 不符
     1>itkgdcmDSED-4.12.lib(gdcmCP246ExplicitDataElement.obj) : error LNK2038: 偵測到 '_ITERATOR_DEBUG_LEVEL' 不符: '0' 值與 '2' 值 (位於 main.obj) 不符
     1>itkgdcmDSED-4.12.lib(gdcmCP246ExplicitDataElement.obj) : error LNK2038: 偵測到 'RuntimeLibrary' 不符: 'MD_DynamicRelease' 值與 'MDd_DynamicDebug' 值 (位於 main.obj) 不符
     1>itkgdcmDSED-4.12.lib(gdcmExplicitImplicitDataElement.obj) : error LNK2038: 偵測到 '_ITERATOR_DEBUG_LEVEL' 不符: '0' 值與 '2' 值 (位於 main.obj) 不符
     1>itkgdcmDSED-4.12.lib(gdcmExplicitImplicitDataElement.obj) : error LNK2038: 偵測到 'RuntimeLibrary' 不符: 'MD_DynamicRelease' 值與 'MDd_DynamicDebug' 值 (位於 main.obj) 不符
     1>itkgdcmDSED-4.12.lib(gdcmVR16ExplicitDataElement.obj) : error LNK2038: 偵測到 '_ITERATOR_DEBUG_LEVEL' 不符: '0' 值與 '2' 值 (位於 main.obj) 不符
     1>itkgdcmDSED-4.12.lib(gdcmVR16ExplicitDataElement.obj) : error LNK2038: 偵測到 'RuntimeLibrary' 不符: 'MD_DynamicRelease' 值與 'MDd_DynamicDebug' 值 (位於 main.obj) 不符
     1>itkgdcmDSED-4.12.lib(gdcmFragment.obj) : error LNK2038: 偵測到 '_ITERATOR_DEBUG_LEVEL' 不符: '0' 值與 '2' 值 (位於 main.obj) 不符
     1>itkgdcmDSED-4.12.lib(gdcmFragment.obj) : error LNK2038: 偵測到 'RuntimeLibrary' 不符: 'MD_DynamicRelease' 值與 'MDd_DynamicDebug' 值 (位於 main.obj) 不符
     1>itkgdcmCommon-4.12.lib(gdcmDirectory.obj) : error LNK2038: 偵測到 '_ITERATOR_DEBUG_LEVEL' 不符: '0' 值與 '2' 值 (位於 main.obj) 不符
     1>itkgdcmCommon-4.12.lib(gdcmDirectory.obj) : error LNK2038: 偵測到 'RuntimeLibrary' 不符: 'MD_DynamicRelease' 值與 'MDd_DynamicDebug' 值 (位於 main.obj) 不符
     1>itkgdcmCommon-4.12.lib(gdcmTrace.obj) : error LNK2038: 偵測到 '_ITERATOR_DEBUG_LEVEL' 不符: '0' 值與 '2' 值 (位於 main.obj) 不符
     1>itkgdcmCommon-4.12.lib(gdcmTrace.obj) : error LNK2038: 偵測到 'RuntimeLibrary' 不符: 'MD_DynamicRelease' 值與 'MDd_DynamicDebug' 值 (位於 main.obj) 不符
     1>itkgdcmCommon-4.12.lib(gdcmSystem.obj) : error LNK2038: 偵測到 '_ITERATOR_DEBUG_LEVEL' 不符: '0' 值與 '2' 值 (位於 main.obj) 不符
     1>itkgdcmCommon-4.12.lib(gdcmSystem.obj) : error LNK2038: 偵測到 'RuntimeLibrary' 不符: 'MD_DynamicRelease' 值與 'MDd_DynamicDebug' 值 (位於 main.obj) 不符
     1>itkgdcmCommon-4.12.lib(gdcmSubject.obj) : error LNK2038: 偵測到 '_ITERATOR_DEBUG_LEVEL' 不符: '0' 值與 '2' 值 (位於 main.obj) 不符
     1>itkgdcmCommon-4.12.lib(gdcmSubject.obj) : error LNK2038: 偵測到 'RuntimeLibrary' 不符: 'MD_DynamicRelease' 值與 'MDd_DynamicDebug' 值 (位於 main.obj) 不符
     1>itkgdcmCommon-4.12.lib(gdcmEvent.obj) : error LNK2038: 偵測到 '_ITERATOR_DEBUG_LEVEL' 不符: '0' 值與 '2' 值 (位於 main.obj) 不符
     1>itkgdcmCommon-4.12.lib(gdcmEvent.obj) : error LNK2038: 偵測到 'RuntimeLibrary' 不符: 'MD_DynamicRelease' 值與 'MDd_DynamicDebug' 值 (位於 main.obj) 不符
     1>itkgdcmCommon-4.12.lib(gdcmSwapCode.obj) : error LNK2038: 偵測到 '_ITERATOR_DEBUG_LEVEL' 不符: '0' 值與 '2' 值 (位於 main.obj) 不符
     1>itkgdcmCommon-4.12.lib(gdcmSwapCode.obj) : error LNK2038: 偵測到 'RuntimeLibrary' 不符: 'MD_DynamicRelease' 值與 'MDd_DynamicDebug' 值 (位於 main.obj) 不符
     1>itkgdcmCommon-4.12.lib(gdcmUnpacker12Bits.obj) : error LNK2038: 偵測到 '_ITERATOR_DEBUG_LEVEL' 不符: '0' 值與 '2' 值 (位於 main.obj) 不符
     1>itkgdcmCommon-4.12.lib(gdcmUnpacker12Bits.obj) : error LNK2038: 偵測到 'RuntimeLibrary' 不符: 'MD_DynamicRelease' 值與 'MDd_DynamicDebug' 值 (位於 main.obj) 不符
     1>itkgdcmCommon-4.12.lib(gdcmFilename.obj) : error LNK2038: 偵測到 '_ITERATOR_DEBUG_LEVEL' 不符: '0' 值與 '2' 值 (位於 main.obj) 不符
     1>itkgdcmCommon-4.12.lib(gdcmFilename.obj) : error LNK2038: 偵測到 'RuntimeLibrary' 不符: 'MD_DynamicRelease' 值與 'MDd_DynamicDebug' 值 (位於 main.obj) 不符
     1>itkgdcmcharls-4.12.lib(interface.obj) : error LNK2038: 偵測到 '_ITERATOR_DEBUG_LEVEL' 不符: '0' 值與 '2' 值 (位於 main.obj) 不符
     1>itkgdcmcharls-4.12.lib(interface.obj) : error LNK2038: 偵測到 'RuntimeLibrary' 不符: 'MD_DynamicRelease' 值與 'MDd_DynamicDebug' 值 (位於 main.obj) 不符
     1>itkgdcmcharls-4.12.lib(header.obj) : error LNK2038: 偵測到 '_ITERATOR_DEBUG_LEVEL' 不符: '0' 值與 '2' 值 (位於 main.obj) 不符
     1>itkgdcmcharls-4.12.lib(header.obj) : error LNK2038: 偵測到 'RuntimeLibrary' 不符: 'MD_DynamicRelease' 值與 'MDd_DynamicDebug' 值 (位於 main.obj) 不符
     1>itkgdcmcharls-4.12.lib(jpegls.obj) : error LNK2038: 偵測到 '_ITERATOR_DEBUG_LEVEL' 不符: '0' 值與 '2' 值 (位於 main.obj) 不符
     1>itkgdcmcharls-4.12.lib(jpegls.obj) : error LNK2038: 偵測到 'RuntimeLibrary' 不符: 'MD_DynamicRelease' 值與 'MDd_DynamicDebug' 值 (位於 main.obj) 不符
     1>itkvnl-4.12.lib(vnl_vector+ulong-.obj) : error LNK2038: 偵測到 '_ITERATOR_DEBUG_LEVEL' 不符: '0' 值與 '2' 值 (位於 main.obj) 不符
     1>itkvnl-4.12.lib(vnl_vector+ulong-.obj) : error LNK2038: 偵測到 'RuntimeLibrary' 不符: 'MD_DynamicRelease' 值與 'MDd_DynamicDebug' 值 (位於 main.obj) 不符
     1>itkvnl-4.12.lib(vnl_quaternion+float-.obj) : error LNK2038: 偵測到 '_ITERATOR_DEBUG_LEVEL' 不符: '0' 值與 '2' 值 (位於 main.obj) 不符
     1>itkvnl-4.12.lib(vnl_quaternion+float-.obj) : error LNK2038: 偵測到 'RuntimeLibrary' 不符: 'MD_DynamicRelease' 值與 'MDd_DynamicDebug' 值 (位於 main.obj) 不符
     1>itkvnl-4.12.lib(vnl_c_vector+ulong-.obj) : error LNK2038: 偵測到 '_ITERATOR_DEBUG_LEVEL' 不符: '0' 值與 '2' 值 (位於 main.obj) 不符
     1>itkvnl-4.12.lib(vnl_c_vector+ulong-.obj) : error LNK2038: 偵測到 'RuntimeLibrary' 不符: 'MD_DynamicRelease' 值與 'MDd_DynamicDebug' 值 (位於 main.obj) 不符
     1>itkvnl-4.12.lib(vnl_matrix+ulong-.obj) : error LNK2038: 偵測到 '_ITERATOR_DEBUG_LEVEL' 不符: '0' 值與 '2' 值 (位於 main.obj) 不符
     1>itkvnl-4.12.lib(vnl_matrix+ulong-.obj) : error LNK2038: 偵測到 'RuntimeLibrary' 不符: 'MD_DynamicRelease' 值與 'MDd_DynamicDebug' 值 (位於 main.obj) 不符
     1>itkvnl-4.12.lib(vnl_matrix_fixed+float.4.4-.obj) : error LNK2038: 偵測到 '_ITERATOR_DEBUG_LEVEL' 不符: '0' 值與 '2' 值 (位於 main.obj) 不符
     1>itkvnl-4.12.lib(vnl_matrix_fixed+float.4.4-.obj) : error LNK2038: 偵測到 'RuntimeLibrary' 不符: 'MD_DynamicRelease' 值與 'MDd_DynamicDebug' 值 (位於 main.obj) 不符
     1>itkgdcmDICT-4.12.lib(gdcmDicts.obj) : error LNK2038: 偵測到 '_ITERATOR_DEBUG_LEVEL' 不符: '0' 值與 '2' 值 (位於 main.obj) 不符
     1>itkgdcmDICT-4.12.lib(gdcmDicts.obj) : error LNK2038: 偵測到 'RuntimeLibrary' 不符: 'MD_DynamicRelease' 值與 'MDd_DynamicDebug' 值 (位於 main.obj) 不符
     1>itkgdcmDICT-4.12.lib(gdcmGlobal.obj) : error LNK2038: 偵測到 '_ITERATOR_DEBUG_LEVEL' 不符: '0' 值與 '2' 值 (位於 main.obj) 不符
     1>itkgdcmDICT-4.12.lib(gdcmGlobal.obj) : error LNK2038: 偵測到 'RuntimeLibrary' 不符: 'MD_DynamicRelease' 值與 'MDd_DynamicDebug' 值 (位於 main.obj) 不符
     1>itkgdcmDICT-4.12.lib(gdcmDefaultDicts.obj) : error LNK2038: 偵測到 '_ITERATOR_DEBUG_LEVEL' 不符: '0' 值與 '2' 值 (位於 main.obj) 不符
     1>itkgdcmDICT-4.12.lib(gdcmDefaultDicts.obj) : error LNK2038: 偵測到 'RuntimeLibrary' 不符: 'MD_DynamicRelease' 值與 'MDd_DynamicDebug' 值 (位於 main.obj) 不符
     1>itkgdcmDICT-4.12.lib(gdcmPrivateDefaultDicts.obj) : error LNK2038: 偵測到 '_ITERATOR_DEBUG_LEVEL' 不符: '0' 值與 '2' 值 (位於 main.obj) 不符
     1>itkgdcmDICT-4.12.lib(gdcmPrivateDefaultDicts.obj) : error LNK2038: 偵測到 'RuntimeLibrary' 不符: 'MD_DynamicRelease' 值與 'MDd_DynamicDebug' 值 (位於 main.obj) 不符
     1>itkgdcmDICT-4.12.lib(gdcmCSAHeaderDefaultDicts.obj) : error LNK2038: 偵測到 '_ITERATOR_DEBUG_LEVEL' 不符: '0' 值與 '2' 值 (位於 main.obj) 不符
     1>itkgdcmDICT-4.12.lib(gdcmCSAHeaderDefaultDicts.obj) : error LNK2038: 偵測到 'RuntimeLibrary' 不符: 'MD_DynamicRelease' 值與 'MDd_DynamicDebug' 值 (位於 main.obj) 不符
     1>itkgdcmIOD-4.12.lib(gdcmDefs.obj) : error LNK2038: 偵測到 '_ITERATOR_DEBUG_LEVEL' 不符: '0' 值與 '2' 值 (位於 main.obj) 不符
     1>itkgdcmIOD-4.12.lib(gdcmDefs.obj) : error LNK2038: 偵測到 'RuntimeLibrary' 不符: 'MD_DynamicRelease' 值與 'MDd_DynamicDebug' 值 (位於 main.obj) 不符
     1>itkgdcmIOD-4.12.lib(gdcmType.obj) : error LNK2038: 偵測到 '_ITERATOR_DEBUG_LEVEL' 不符: '0' 值與 '2' 值 (位於 main.obj) 不符
     1>itkgdcmIOD-4.12.lib(gdcmType.obj) : error LNK2038: 偵測到 'RuntimeLibrary' 不符: 'MD_DynamicRelease' 值與 'MDd_DynamicDebug' 值 (位於 main.obj) 不符
     1>itkgdcmIOD-4.12.lib(gdcmModule.obj) : error LNK2038: 偵測到 '_ITERATOR_DEBUG_LEVEL' 不符: '0' 值與 '2' 值 (位於 main.obj) 不符
     1>itkgdcmIOD-4.12.lib(gdcmModule.obj) : error LNK2038: 偵測到 'RuntimeLibrary' 不符: 'MD_DynamicRelease' 值與 'MDd_DynamicDebug' 值 (位於 main.obj) 不符
     1>itkgdcmIOD-4.12.lib(gdcmIODEntry.obj) : error LNK2038: 偵測到 '_ITERATOR_DEBUG_LEVEL' 不符: '0' 值與 '2' 值 (位於 main.obj) 不符
     1>itkgdcmIOD-4.12.lib(gdcmIODEntry.obj) : error LNK2038: 偵測到 'RuntimeLibrary' 不符: 'MD_DynamicRelease' 值與 'MDd_DynamicDebug' 值 (位於 main.obj) 不符
     1>itkgdcmIOD-4.12.lib(gdcmTableReader.obj) : error LNK2038: 偵測到 '_ITERATOR_DEBUG_LEVEL' 不符: '0' 值與 '2' 值 (位於 main.obj) 不符
     1>itkgdcmIOD-4.12.lib(gdcmTableReader.obj) : error LNK2038: 偵測到 'RuntimeLibrary' 不符: 'MD_DynamicRelease' 值與 'MDd_DynamicDebug' 值 (位於 main.obj) 不符
     1>itkgdcmIOD-4.12.lib(gdcmMacro.obj) : error LNK2038: 偵測到 '_ITERATOR_DEBUG_LEVEL' 不符: '0' 值與 '2' 值 (位於 main.obj) 不符
     1>itkgdcmIOD-4.12.lib(gdcmMacro.obj) : error LNK2038: 偵測到 'RuntimeLibrary' 不符: 'MD_DynamicRelease' 值與 'MDd_DynamicDebug' 值 (位於 main.obj) 不符
            正在建立程式庫 C:/ITKSNAP/itk-snap- bin/Debug/ITK-SNAP.lib 和物件 C:/ITKSNAP/itk-snap- bin/Debug/ITK-SNAP.exp
     1>LINK : warning LNK4098: 預設的程式庫 'MSVCRT' 與其他使用的程式庫衝突，請使用 /NODEFAULTLIB:library
     1>LINK : warning LNK4098: 預設的程式庫 'LIBCMT' 與其他使用的程式庫衝突，請使用 /NODEFAULTLIB:library
     1>C:\ITKSNAP\itk-snap- bin\Debug\ITK-SNAP.exe : fatal error LNK1319: 偵測到 302 個不符的項目
     1>專案 "C:\ITKSNAP\itk-snap- bin\ITK-SNAP.vcxproj" (Build 目標) 建置完成 -- 失敗。

建置失敗。

經過時間 00:00:04.19
