c:\itksnap\itk-snap- bin\itk-snap.dir\debug\vc140.pdb
c:\itksnap\itk-snap- bin\itk-snap.dir\debug\main.obj
c:\itksnap\itk-snap- bin\cmakefiles\generate.stamp
c:\itksnap\itk-snap- bin\itk-snap.dir\debug\itksnap.res
c:\itksnap\itk-snap- bin\debug\itk-snap.pdb
c:\itksnap\itk-snap- bin\itk-snap.dir\debug\itk-snap.tlog\cl.command.1.tlog
c:\itksnap\itk-snap- bin\itk-snap.dir\debug\itk-snap.tlog\cl.read.1.tlog
c:\itksnap\itk-snap- bin\itk-snap.dir\debug\itk-snap.tlog\cl.write.1.tlog
c:\itksnap\itk-snap- bin\itk-snap.dir\debug\itk-snap.tlog\custombuild.command.1.tlog
c:\itksnap\itk-snap- bin\itk-snap.dir\debug\itk-snap.tlog\custombuild.read.1.tlog
c:\itksnap\itk-snap- bin\itk-snap.dir\debug\itk-snap.tlog\custombuild.write.1.tlog
c:\itksnap\itk-snap- bin\itk-snap.dir\debug\itk-snap.tlog\link-cvtres.read.1.tlog
c:\itksnap\itk-snap- bin\itk-snap.dir\debug\itk-snap.tlog\link-cvtres.write.1.tlog
c:\itksnap\itk-snap- bin\itk-snap.dir\debug\itk-snap.tlog\link-rc.read.1.tlog
c:\itksnap\itk-snap- bin\itk-snap.dir\debug\itk-snap.tlog\link-rc.write.1.tlog
c:\itksnap\itk-snap- bin\itk-snap.dir\debug\itk-snap.tlog\link.command.1.tlog
c:\itksnap\itk-snap- bin\itk-snap.dir\debug\itk-snap.tlog\link.read.1.tlog
c:\itksnap\itk-snap- bin\itk-snap.dir\debug\itk-snap.tlog\link.write.1.tlog
c:\itksnap\itk-snap- bin\itk-snap.dir\debug\itk-snap.tlog\rc.command.1.tlog
c:\itksnap\itk-snap- bin\itk-snap.dir\debug\itk-snap.tlog\rc.read.1.tlog
c:\itksnap\itk-snap- bin\itk-snap.dir\debug\itk-snap.tlog\rc.write.1.tlog
