c:\itksnap\itk-snap- bin\itksnapui_qt.dir\release\polygontoolpanel.obj
c:\itksnap\itk-snap- bin\itksnapui_qt.dir\release\paintbrushtoolpanel.obj
c:\itksnap\itk-snap- bin\itksnapui_qt.dir\release\generallayerinspector.obj
c:\itksnap\itk-snap- bin\itksnapui_qt.dir\release\metadatainspector.obj
c:\itksnap\itk-snap- bin\itksnapui_qt.dir\release\layerinspectorrowdelegate.obj
c:\itksnap\itk-snap- bin\itksnapui_qt.dir\release\latentitkeventnotifier.obj
c:\itksnap\itk-snap- bin\itksnapui_qt.dir\release\labelselectionbutton.obj
c:\itksnap\itk-snap- bin\itksnapui_qt.dir\release\labelminiinspector.obj
c:\itksnap\itk-snap- bin\itksnapui_qt.dir\release\labelinspector.obj
c:\itksnap\itk-snap- bin\itksnapui_qt.dir\release\imageinfoinspector.obj
c:\itksnap\itk-snap- bin\itksnapui_qt.dir\release\historyqlistmodel.obj
c:\itksnap\itk-snap- bin\itksnapui_qt.dir\release\filechooserpanelwithhistory.obj
c:\itksnap\itk-snap- bin\itksnapui_qt.dir\release\dicomlistingtable.obj
c:\itksnap\itk-snap- bin\itksnapui_qt.dir\release\displaylayoutinspector.obj
c:\itksnap\itk-snap- bin\itksnapui_qt.dir\release\cursorinspector.obj
c:\itksnap\itk-snap- bin\itksnapui_qt.dir\release\contrastinspector.obj
c:\itksnap\itk-snap- bin\itksnapui_qt.dir\release\colormapinspector.obj
c:\itksnap\itk-snap- bin\itksnapui_qt.dir\release\colorlabelquicklistwidget.obj
c:\itksnap\itk-snap- bin\itksnapui_qt.dir\release\collapsablegroupbox.obj
c:\itksnap\itk-snap- bin\itksnapui_qt.dir\release\annotationtoolpanel.obj
c:\itksnap\itk-snap- bin\itksnapui_qt.dir\release\taglistwidget.obj
c:\itksnap\itk-snap- bin\itksnapui_qt.dir\release\synchronizationinspector.obj
c:\itksnap\itk-snap- bin\itksnapui_qt.dir\release\sliceviewpanel.obj
c:\itksnap\itk-snap- bin\itksnapui_qt.dir\release\snapqtcommon.obj
c:\itksnap\itk-snap- bin\itksnapui_qt.dir\release\snapqapplication.obj
c:\itksnap\itk-snap- bin\itksnapui_qt.dir\release\snapcomponent.obj
c:\itksnap\itk-snap- bin\itksnapui_qt.dir\release\snakewizardpanel.obj
c:\itksnap\itk-snap- bin\itksnapui_qt.dir\release\snaketoolroipanel.obj
c:\itksnap\itk-snap- bin\itksnapui_qt.dir\release\recenthistoryitemsview.obj
c:\itksnap\itk-snap- bin\itksnapui_qt.dir\release\qtwidgetactivator.obj
c:\itksnap\itk-snap- bin\itksnapui_qt.dir\release\qtwarningdialog.obj
c:\itksnap\itk-snap- bin\itksnapui_qt.dir\release\qtreporterdelegates.obj
c:\itksnap\itk-snap- bin\itksnapui_qt.dir\release\qtrendererplatformsupport.obj
c:\itksnap\itk-snap- bin\itksnapui_qt.dir\release\qtipcmanager.obj
c:\itksnap\itk-snap- bin\itksnapui_qt.dir\release\qthideondeactivatecontainer.obj
c:\itksnap\itk-snap- bin\itksnapui_qt.dir\release\qtflowlayout.obj
c:\itksnap\itk-snap- bin\itksnapui_qt.dir\release\qdoublesliderwitheditor.obj
c:\itksnap\itk-snap- bin\itksnapui_qt.dir\release\qdoubleslider.obj
c:\itksnap\itk-snap- bin\itksnapui_qt.dir\release\qcolorbuttonwidget.obj
c:\itksnap\itk-snap- bin\itksnapui_qt.dir\release\qactionbutton.obj
c:\itksnap\itk-snap- bin\itksnapui_qt.dir\release\slicewindowinteractiondelegatewidget.obj
c:\itksnap\itk-snap- bin\itksnapui_qt.dir\release\registrationinteractionmode.obj
c:\itksnap\itk-snap- bin\itksnapui_qt.dir\release\polygondrawinginteractionmode.obj
c:\itksnap\itk-snap- bin\itksnapui_qt.dir\release\paintbrushinteractionmode.obj
c:\itksnap\itk-snap- bin\itksnapui_qt.dir\release\qtvtkrenderwindowbox.obj
c:\itksnap\itk-snap- bin\itksnapui_qt.dir\release\qtvtkinteractiondelegatewidget.obj
c:\itksnap\itk-snap- bin\itksnapui_qt.dir\release\qtsimpleopenglbox.obj
c:\itksnap\itk-snap- bin\itksnapui_qt.dir\release\qtinteractiondelegatewidget.obj
c:\itksnap\itk-snap- bin\itksnapui_qt.dir\release\qtabstractopenglbox.obj
c:\itksnap\itk-snap- bin\itksnapui_qt.dir\release\interactionmodeclient.obj
c:\itksnap\itk-snap- bin\itksnapui_qt.dir\release\genericview3d.obj
c:\itksnap\itk-snap- bin\itksnapui_qt.dir\release\genericsliceview.obj
c:\itksnap\itk-snap- bin\itksnapui_qt.dir\release\crosshairsinteractionmode.obj
c:\itksnap\itk-snap- bin\itksnapui_qt.dir\release\colormapbox.obj
c:\itksnap\itk-snap- bin\itksnapui_qt.dir\release\annotationinteractionmode.obj
c:\itksnap\itk-snap- bin\itksnapui_qt.dir\release\gmmtablemodel.obj
c:\itksnap\itk-snap- bin\itksnapui_qt.dir\release\colorwheel.obj
c:\itksnap\itk-snap- bin\itksnapui_qt.dir\release\zoominspector.obj
c:\itksnap\itk-snap- bin\itksnapui_qt.dir\release\voxelintensityqtablemodel.obj
c:\itksnap\itk-snap- bin\itksnapui_qt.dir\release\viewpanel3d.obj
c:\itksnap\itk-snap- bin\itksnapui_qt.dir\release\simplefiledialogwithhistory.obj
c:\itksnap\itk-snap- bin\itksnapui_qt.dir\release\savemodifiedlayersdialog.obj
c:\itksnap\itk-snap- bin\itksnapui_qt.dir\release\resampledialog.obj
c:\itksnap\itk-snap- bin\itksnapui_qt.dir\release\reorientimagedialog.obj
c:\itksnap\itk-snap- bin\itksnapui_qt.dir\release\qtstyles.obj
c:\itksnap\itk-snap- bin\itksnapui_qt.dir\release\preferencesdialog.obj
c:\itksnap\itk-snap- bin\itksnapui_qt.dir\release\mainimagewindow.obj
c:\itksnap\itk-snap- bin\itksnapui_qt.dir\release\maincontrolpanel.obj
c:\itksnap\itk-snap- bin\itksnapui_qt.dir\release\labelselectionpopup.obj
c:\itksnap\itk-snap- bin\itksnapui_qt.dir\release\layerinspectordialog.obj
c:\itksnap\itk-snap- bin\itksnapui_qt.dir\release\labeleditordialog.obj
c:\itksnap\itk-snap- bin\itksnapui_qt.dir\release\interpolatelabelsdialog.obj
c:\itksnap\itk-snap- bin\itksnapui_qt.dir\release\overlayrolepage.obj
c:\itksnap\itk-snap- bin\itksnapui_qt.dir\release\imageiowizard.obj
c:\itksnap\itk-snap- bin\itksnapui_qt.dir\release\imageiodialog.obj
c:\itksnap\itk-snap- bin\itksnapui_qt.dir\release\dropactiondialog.obj
c:\itksnap\itk-snap- bin\itksnapui_qt.dir\release\annotationeditdialog.obj
c:\itksnap\itk-snap- bin\itksnapui_qt.dir\release\aboutdialog.obj
c:\itksnap\itk-snap- bin\itksnapui_qt.dir\release\thumbnailinteractionmode.obj
c:\itksnap\itk-snap- bin\itksnapui_qt.dir\release\snakeroiinteractionmode.obj
c:\itksnap\itk-snap- bin\itksnapui_qt.dir\release\moc_filechooserpanelwithhistory.obj
c:\itksnap\itk-snap- bin\itksnapui_qt.dir\release\moc_displaylayoutinspector.obj
c:\itksnap\itk-snap- bin\itksnapui_qt.dir\release\moc_dicomlistingtable.obj
c:\itksnap\itk-snap- bin\itksnapui_qt.dir\release\moc_cursorinspector.obj
c:\itksnap\itk-snap- bin\itksnapui_qt.dir\release\moc_contrastinspector.obj
c:\itksnap\itk-snap- bin\itksnapui_qt.dir\release\moc_colormapinspector.obj
c:\itksnap\itk-snap- bin\itksnapui_qt.dir\release\moc_colorlabelquicklistwidget.obj
c:\itksnap\itk-snap- bin\itksnapui_qt.dir\release\moc_collapsablegroupbox.obj
c:\itksnap\itk-snap- bin\itksnapui_qt.dir\release\moc_annotationtoolpanel.obj
c:\itksnap\itk-snap- bin\itksnapui_qt.dir\release\snaptestqt.obj
c:\itksnap\itk-snap- bin\itksnapui_qt.dir\release\registrationdialog.obj
c:\itksnap\itk-snap- bin\itksnapui_qt.dir\release\meshexportbrowsepage.obj
c:\itksnap\itk-snap- bin\itksnapui_qt.dir\release\meshexportmodepage.obj
c:\itksnap\itk-snap- bin\itksnapui_qt.dir\release\meshexportwizard.obj
c:\itksnap\itk-snap- bin\itksnapui_qt.dir\release\downloadticketdialog.obj
c:\itksnap\itk-snap- bin\itksnapui_qt.dir\release\distributedsegmentationdialog.obj
c:\itksnap\itk-snap- bin\itksnapui_qt.dir\release\statisticsdialog.obj
c:\itksnap\itk-snap- bin\itksnapui_qt.dir\release\splashpanel.obj
c:\itksnap\itk-snap- bin\itksnapui_qt.dir\release\speedimagedialog.obj
c:\itksnap\itk-snap- bin\itksnapui_qt.dir\release\snakeparameterdialog.obj
c:\itksnap\itk-snap- bin\itksnapui_qt.dir\release\moc_qtwidgetactivator.obj
c:\itksnap\itk-snap- bin\itksnapui_qt.dir\release\moc_qtwarningdialog.obj
c:\itksnap\itk-snap- bin\itksnapui_qt.dir\release\moc_qtipcmanager.obj
c:\itksnap\itk-snap- bin\itksnapui_qt.dir\release\moc_qthideondeactivatecontainer.obj
c:\itksnap\itk-snap- bin\itksnapui_qt.dir\release\moc_qtflowlayout.obj
c:\itksnap\itk-snap- bin\itksnapui_qt.dir\release\moc_qdoublesliderwitheditor.obj
c:\itksnap\itk-snap- bin\itksnapui_qt.dir\release\moc_qdoubleslider.obj
c:\itksnap\itk-snap- bin\itksnapui_qt.dir\release\moc_qcolorbuttonwidget.obj
c:\itksnap\itk-snap- bin\itksnapui_qt.dir\release\moc_qactionbutton.obj
c:\itksnap\itk-snap- bin\itksnapui_qt.dir\release\moc_polygontoolpanel.obj
c:\itksnap\itk-snap- bin\itksnapui_qt.dir\release\moc_paintbrushtoolpanel.obj
c:\itksnap\itk-snap- bin\itksnapui_qt.dir\release\moc_generallayerinspector.obj
c:\itksnap\itk-snap- bin\itksnapui_qt.dir\release\moc_metadatainspector.obj
c:\itksnap\itk-snap- bin\itksnapui_qt.dir\release\moc_layerinspectorrowdelegate.obj
c:\itksnap\itk-snap- bin\itksnapui_qt.dir\release\moc_latentitkeventnotifier.obj
c:\itksnap\itk-snap- bin\itksnapui_qt.dir\release\moc_labelselectionbutton.obj
c:\itksnap\itk-snap- bin\itksnapui_qt.dir\release\moc_labelminiinspector.obj
c:\itksnap\itk-snap- bin\itksnapui_qt.dir\release\moc_labelinspector.obj
c:\itksnap\itk-snap- bin\itksnapui_qt.dir\release\moc_imageinfoinspector.obj
c:\itksnap\itk-snap- bin\itksnapui_qt.dir\release\moc_historyqlistmodel.obj
c:\itksnap\itk-snap- bin\itksnapui_qt.dir\release\moc_qtabstractopenglbox.obj
c:\itksnap\itk-snap- bin\itksnapui_qt.dir\release\moc_genericview3d.obj
c:\itksnap\itk-snap- bin\itksnapui_qt.dir\release\moc_genericsliceview.obj
c:\itksnap\itk-snap- bin\itksnapui_qt.dir\release\moc_crosshairsinteractionmode.obj
c:\itksnap\itk-snap- bin\itksnapui_qt.dir\release\moc_colormapbox.obj
c:\itksnap\itk-snap- bin\itksnapui_qt.dir\release\moc_annotationinteractionmode.obj
c:\itksnap\itk-snap- bin\itksnapui_qt.dir\release\moc_gmmtablemodel.obj
c:\itksnap\itk-snap- bin\itksnapui_qt.dir\release\moc_colorwheel.obj
c:\itksnap\itk-snap- bin\itksnapui_qt.dir\release\moc_qtwidgetcoupling.obj
c:\itksnap\itk-snap- bin\itksnapui_qt.dir\release\moc_zoominspector.obj
c:\itksnap\itk-snap- bin\itksnapui_qt.dir\release\moc_voxelintensityqtablemodel.obj
c:\itksnap\itk-snap- bin\itksnapui_qt.dir\release\moc_viewpanel3d.obj
c:\itksnap\itk-snap- bin\itksnapui_qt.dir\release\moc_taglistwidget.obj
c:\itksnap\itk-snap- bin\itksnapui_qt.dir\release\moc_synchronizationinspector.obj
c:\itksnap\itk-snap- bin\itksnapui_qt.dir\release\moc_sliceviewpanel.obj
c:\itksnap\itk-snap- bin\itksnapui_qt.dir\release\moc_snapqapplication.obj
c:\itksnap\itk-snap- bin\itksnapui_qt.dir\release\moc_snapcomponent.obj
c:\itksnap\itk-snap- bin\itksnapui_qt.dir\release\moc_snakewizardpanel.obj
c:\itksnap\itk-snap- bin\itksnapui_qt.dir\release\moc_snaketoolroipanel.obj
c:\itksnap\itk-snap- bin\itksnapui_qt.dir\release\moc_recenthistoryitemsview.obj
c:\itksnap\itk-snap- bin\itksnapui_qt.dir\release\moc_layerinspectordialog.obj
c:\itksnap\itk-snap- bin\itksnapui_qt.dir\release\moc_labeleditordialog.obj
c:\itksnap\itk-snap- bin\itksnapui_qt.dir\release\moc_interpolatelabelsdialog.obj
c:\itksnap\itk-snap- bin\itksnapui_qt.dir\release\moc_overlayrolepage.obj
c:\itksnap\itk-snap- bin\itksnapui_qt.dir\release\moc_imageiowizard.obj
c:\itksnap\itk-snap- bin\itksnapui_qt.dir\release\moc_imageiodialog.obj
c:\itksnap\itk-snap- bin\itksnapui_qt.dir\release\moc_dropactiondialog.obj
c:\itksnap\itk-snap- bin\itksnapui_qt.dir\release\moc_annotationeditdialog.obj
c:\itksnap\itk-snap- bin\itksnapui_qt.dir\release\moc_aboutdialog.obj
c:\itksnap\itk-snap- bin\itksnapui_qt.dir\release\moc_thumbnailinteractionmode.obj
c:\itksnap\itk-snap- bin\itksnapui_qt.dir\release\moc_testopengldialog.obj
c:\itksnap\itk-snap- bin\itksnapui_qt.dir\release\moc_snakeroiinteractionmode.obj
c:\itksnap\itk-snap- bin\itksnapui_qt.dir\release\moc_slicewindowinteractiondelegatewidget.obj
c:\itksnap\itk-snap- bin\itksnapui_qt.dir\release\moc_registrationinteractionmode.obj
c:\itksnap\itk-snap- bin\itksnapui_qt.dir\release\moc_polygondrawinginteractionmode.obj
c:\itksnap\itk-snap- bin\itksnapui_qt.dir\release\moc_paintbrushinteractionmode.obj
c:\itksnap\itk-snap- bin\itksnapui_qt.dir\release\moc_qtvtkrenderwindowbox.obj
c:\itksnap\itk-snap- bin\itksnapui_qt.dir\release\moc_qtvtkinteractiondelegatewidget.obj
c:\itksnap\itk-snap- bin\itksnapui_qt.dir\release\moc_qtsimpleopenglbox.obj
c:\itksnap\itk-snap- bin\itksnapui_qt.dir\release\moc_qtinteractiondelegatewidget.obj
c:\itksnap\itk-snap- bin\itksnapui_qt.dir\release\qrc_snapresources.obj
c:\itksnap\itk-snap- bin\itksnapui_qt.dir\release\moc_snaptestqt.obj
c:\itksnap\itk-snap- bin\itksnapui_qt.dir\release\moc_registrationdialog.obj
c:\itksnap\itk-snap- bin\itksnapui_qt.dir\release\moc_meshexportbrowsepage.obj
c:\itksnap\itk-snap- bin\itksnapui_qt.dir\release\moc_meshexportmodepage.obj
c:\itksnap\itk-snap- bin\itksnapui_qt.dir\release\moc_meshexportwizard.obj
c:\itksnap\itk-snap- bin\itksnapui_qt.dir\release\moc_downloadticketdialog.obj
c:\itksnap\itk-snap- bin\itksnapui_qt.dir\release\moc_distributedsegmentationdialog.obj
c:\itksnap\itk-snap- bin\itksnapui_qt.dir\release\moc_statisticsdialog.obj
c:\itksnap\itk-snap- bin\itksnapui_qt.dir\release\moc_splashpanel.obj
c:\itksnap\itk-snap- bin\itksnapui_qt.dir\release\moc_speedimagedialog.obj
c:\itksnap\itk-snap- bin\itksnapui_qt.dir\release\moc_snakeparameterdialog.obj
c:\itksnap\itk-snap- bin\itksnapui_qt.dir\release\moc_simplefiledialogwithhistory.obj
c:\itksnap\itk-snap- bin\itksnapui_qt.dir\release\moc_savemodifiedlayersdialog.obj
c:\itksnap\itk-snap- bin\itksnapui_qt.dir\release\moc_resampledialog.obj
c:\itksnap\itk-snap- bin\itksnapui_qt.dir\release\moc_reorientimagedialog.obj
c:\itksnap\itk-snap- bin\itksnapui_qt.dir\release\moc_preferencesdialog.obj
c:\itksnap\itk-snap- bin\itksnapui_qt.dir\release\moc_mainimagewindow.obj
c:\itksnap\itk-snap- bin\itksnapui_qt.dir\release\moc_maincontrolpanel.obj
c:\itksnap\itk-snap- bin\itksnapui_qt.dir\release\moc_labelselectionpopup.obj
c:\itksnap\itk-snap- bin\itksnapui_qt.dir\release\qrc_testingscripts.obj
c:\itksnap\itk-snap- bin\itksnapui_qt.dir\release\qrc_snapresources_windows.obj
c:\itksnap\itk-snap- bin\itksnapui_qt.dir\release\qrc_snapresources_macos.obj
c:\itksnap\itk-snap- bin\itksnapui_qt.dir\release\qrc_snapresources_linux.obj
c:\itksnap\itk-snap- bin\cmakefiles\generate.stamp
c:\itksnap\itk-snap- bin\gui\qt\components\moc_annotationtoolpanel.cpp
c:\itksnap\itk-snap- bin\gui\qt\components\moc_collapsablegroupbox.cpp
c:\itksnap\itk-snap- bin\gui\qt\components\moc_colorlabelquicklistwidget.cpp
c:\itksnap\itk-snap- bin\gui\qt\components\moc_colormapinspector.cpp
c:\itksnap\itk-snap- bin\gui\qt\components\moc_contrastinspector.cpp
c:\itksnap\itk-snap- bin\gui\qt\components\moc_cursorinspector.cpp
c:\itksnap\itk-snap- bin\gui\qt\components\moc_dicomlistingtable.cpp
c:\itksnap\itk-snap- bin\gui\qt\components\moc_displaylayoutinspector.cpp
c:\itksnap\itk-snap- bin\gui\qt\components\moc_filechooserpanelwithhistory.cpp
c:\itksnap\itk-snap- bin\gui\qt\components\moc_historyqlistmodel.cpp
c:\itksnap\itk-snap- bin\gui\qt\components\moc_imageinfoinspector.cpp
c:\itksnap\itk-snap- bin\gui\qt\components\moc_labelinspector.cpp
c:\itksnap\itk-snap- bin\gui\qt\components\moc_labelminiinspector.cpp
c:\itksnap\itk-snap- bin\gui\qt\components\moc_labelselectionbutton.cpp
c:\itksnap\itk-snap- bin\gui\qt\components\moc_latentitkeventnotifier.cpp
c:\itksnap\itk-snap- bin\gui\qt\components\moc_layerinspectorrowdelegate.cpp
c:\itksnap\itk-snap- bin\gui\qt\components\moc_metadatainspector.cpp
c:\itksnap\itk-snap- bin\gui\qt\components\moc_generallayerinspector.cpp
c:\itksnap\itk-snap- bin\gui\qt\components\moc_paintbrushtoolpanel.cpp
c:\itksnap\itk-snap- bin\gui\qt\components\moc_polygontoolpanel.cpp
c:\itksnap\itk-snap- bin\gui\qt\components\moc_qactionbutton.cpp
c:\itksnap\itk-snap- bin\gui\qt\components\moc_qcolorbuttonwidget.cpp
c:\itksnap\itk-snap- bin\gui\qt\components\moc_qdoubleslider.cpp
c:\itksnap\itk-snap- bin\gui\qt\components\moc_qdoublesliderwitheditor.cpp
c:\itksnap\itk-snap- bin\gui\qt\components\moc_qtflowlayout.cpp
c:\itksnap\itk-snap- bin\gui\qt\components\moc_qthideondeactivatecontainer.cpp
c:\itksnap\itk-snap- bin\gui\qt\components\moc_qtipcmanager.cpp
c:\itksnap\itk-snap- bin\gui\qt\components\moc_qtwarningdialog.cpp
c:\itksnap\itk-snap- bin\gui\qt\components\moc_qtwidgetactivator.cpp
c:\itksnap\itk-snap- bin\gui\qt\components\moc_recenthistoryitemsview.cpp
c:\itksnap\itk-snap- bin\gui\qt\components\moc_snaketoolroipanel.cpp
c:\itksnap\itk-snap- bin\gui\qt\components\moc_snakewizardpanel.cpp
c:\itksnap\itk-snap- bin\gui\qt\components\moc_snapcomponent.cpp
c:\itksnap\itk-snap- bin\gui\qt\components\moc_snapqapplication.cpp
c:\itksnap\itk-snap- bin\gui\qt\components\moc_sliceviewpanel.cpp
c:\itksnap\itk-snap- bin\gui\qt\components\moc_synchronizationinspector.cpp
c:\itksnap\itk-snap- bin\gui\qt\components\moc_taglistwidget.cpp
c:\itksnap\itk-snap- bin\gui\qt\components\moc_viewpanel3d.cpp
c:\itksnap\itk-snap- bin\gui\qt\components\moc_voxelintensityqtablemodel.cpp
c:\itksnap\itk-snap- bin\gui\qt\components\moc_zoominspector.cpp
c:\itksnap\itk-snap- bin\gui\qt\coupling\moc_qtwidgetcoupling.cpp
c:\itksnap\itk-snap- bin\gui\qt\external\colorwheel\moc_colorwheel.cpp
c:\itksnap\itk-snap- bin\gui\qt\modelview\moc_gmmtablemodel.cpp
c:\itksnap\itk-snap- bin\gui\qt\view\moc_annotationinteractionmode.cpp
c:\itksnap\itk-snap- bin\gui\qt\view\moc_colormapbox.cpp
c:\itksnap\itk-snap- bin\gui\qt\view\moc_crosshairsinteractionmode.cpp
c:\itksnap\itk-snap- bin\gui\qt\view\moc_genericsliceview.cpp
c:\itksnap\itk-snap- bin\gui\qt\view\moc_genericview3d.cpp
c:\itksnap\itk-snap- bin\gui\qt\view\moc_qtabstractopenglbox.cpp
c:\itksnap\itk-snap- bin\gui\qt\view\moc_qtinteractiondelegatewidget.cpp
c:\itksnap\itk-snap- bin\gui\qt\view\moc_qtsimpleopenglbox.cpp
c:\itksnap\itk-snap- bin\gui\qt\view\moc_qtvtkinteractiondelegatewidget.cpp
c:\itksnap\itk-snap- bin\gui\qt\view\moc_qtvtkrenderwindowbox.cpp
c:\itksnap\itk-snap- bin\gui\qt\view\moc_paintbrushinteractionmode.cpp
c:\itksnap\itk-snap- bin\gui\qt\view\moc_polygondrawinginteractionmode.cpp
c:\itksnap\itk-snap- bin\gui\qt\view\moc_registrationinteractionmode.cpp
c:\itksnap\itk-snap- bin\gui\qt\view\moc_slicewindowinteractiondelegatewidget.cpp
c:\itksnap\itk-snap- bin\gui\qt\view\moc_snakeroiinteractionmode.cpp
c:\itksnap\itk-snap- bin\gui\qt\view\moc_testopengldialog.cpp
c:\itksnap\itk-snap- bin\gui\qt\view\moc_thumbnailinteractionmode.cpp
c:\itksnap\itk-snap- bin\gui\qt\windows\moc_aboutdialog.cpp
c:\itksnap\itk-snap- bin\gui\qt\windows\moc_annotationeditdialog.cpp
c:\itksnap\itk-snap- bin\gui\qt\windows\moc_dropactiondialog.cpp
c:\itksnap\itk-snap- bin\gui\qt\windows\moc_imageiodialog.cpp
c:\itksnap\itk-snap- bin\gui\qt\windows\moc_imageiowizard.cpp
c:\itksnap\itk-snap- bin\gui\qt\windows\imageiowizard\moc_overlayrolepage.cpp
c:\itksnap\itk-snap- bin\gui\qt\windows\moc_interpolatelabelsdialog.cpp
c:\itksnap\itk-snap- bin\gui\qt\windows\moc_labeleditordialog.cpp
c:\itksnap\itk-snap- bin\gui\qt\windows\moc_layerinspectordialog.cpp
c:\itksnap\itk-snap- bin\gui\qt\windows\moc_labelselectionpopup.cpp
c:\itksnap\itk-snap- bin\gui\qt\windows\moc_maincontrolpanel.cpp
c:\itksnap\itk-snap- bin\gui\qt\windows\moc_mainimagewindow.cpp
c:\itksnap\itk-snap- bin\gui\qt\windows\moc_preferencesdialog.cpp
c:\itksnap\itk-snap- bin\gui\qt\windows\moc_reorientimagedialog.cpp
c:\itksnap\itk-snap- bin\gui\qt\windows\moc_resampledialog.cpp
c:\itksnap\itk-snap- bin\gui\qt\windows\moc_savemodifiedlayersdialog.cpp
c:\itksnap\itk-snap- bin\gui\qt\windows\moc_simplefiledialogwithhistory.cpp
c:\itksnap\itk-snap- bin\gui\qt\windows\moc_snakeparameterdialog.cpp
c:\itksnap\itk-snap- bin\gui\qt\windows\moc_speedimagedialog.cpp
c:\itksnap\itk-snap- bin\gui\qt\windows\moc_splashpanel.cpp
c:\itksnap\itk-snap- bin\gui\qt\windows\moc_statisticsdialog.cpp
c:\itksnap\itk-snap- bin\gui\qt\windows\dss\moc_distributedsegmentationdialog.cpp
c:\itksnap\itk-snap- bin\gui\qt\windows\dss\moc_downloadticketdialog.cpp
c:\itksnap\itk-snap- bin\gui\qt\windows\meshexportwizard\moc_meshexportwizard.cpp
c:\itksnap\itk-snap- bin\gui\qt\windows\meshexportwizard\moc_meshexportmodepage.cpp
c:\itksnap\itk-snap- bin\gui\qt\windows\meshexportwizard\moc_meshexportbrowsepage.cpp
c:\itksnap\itk-snap- bin\gui\qt\windows\registration\moc_registrationdialog.cpp
c:\itksnap\itk-snap- bin\testing\gui\qt\moc_snaptestqt.cpp
c:\itksnap\itk-snap- bin\ui_annotationtoolpanel.h
c:\itksnap\itk-snap- bin\ui_collapsablegroupbox.h
c:\itksnap\itk-snap- bin\ui_colormapinspector.h
c:\itksnap\itk-snap- bin\ui_contrastinspector.h
c:\itksnap\itk-snap- bin\ui_cursorinspector.h
c:\itksnap\itk-snap- bin\ui_displaylayoutinspector.h
c:\itksnap\itk-snap- bin\ui_filechooserpanelwithhistory.h
c:\itksnap\itk-snap- bin\ui_imageinfoinspector.h
c:\itksnap\itk-snap- bin\ui_labelinspector.h
c:\itksnap\itk-snap- bin\ui_labelminiinspector.h
c:\itksnap\itk-snap- bin\ui_layerinspectorrowdelegate.h
c:\itksnap\itk-snap- bin\ui_metadatainspector.h
c:\itksnap\itk-snap- bin\ui_generallayerinspector.h
c:\itksnap\itk-snap- bin\ui_paintbrushtoolpanel.h
c:\itksnap\itk-snap- bin\ui_polygontoolpanel.h
c:\itksnap\itk-snap- bin\ui_qdoublesliderwitheditor.h
c:\itksnap\itk-snap- bin\ui_qtwarningdialog.h
c:\itksnap\itk-snap- bin\ui_recenthistoryitemsview.h
c:\itksnap\itk-snap- bin\ui_sliceviewpanel.h
c:\itksnap\itk-snap- bin\ui_snaketoolroipanel.h
c:\itksnap\itk-snap- bin\ui_snakewizardpanel.h
c:\itksnap\itk-snap- bin\ui_synchronizationinspector.h
c:\itksnap\itk-snap- bin\ui_viewpanel3d.h
c:\itksnap\itk-snap- bin\ui_zoominspector.h
c:\itksnap\itk-snap- bin\ui_aboutdialog.h
c:\itksnap\itk-snap- bin\ui_annotationeditdialog.h
c:\itksnap\itk-snap- bin\ui_dropactiondialog.h
c:\itksnap\itk-snap- bin\ui_imageiodialog.h
c:\itksnap\itk-snap- bin\ui_overlayrolepage.h
c:\itksnap\itk-snap- bin\ui_interpolatelabelsdialog.h
c:\itksnap\itk-snap- bin\ui_labeleditordialog.h
c:\itksnap\itk-snap- bin\ui_layerinspectordialog.h
c:\itksnap\itk-snap- bin\ui_labelselectionpopup.h
c:\itksnap\itk-snap- bin\ui_maincontrolpanel.h
c:\itksnap\itk-snap- bin\ui_mainimagewindow.h
c:\itksnap\itk-snap- bin\ui_preferencesdialog.h
c:\itksnap\itk-snap- bin\ui_reorientimagedialog.h
c:\itksnap\itk-snap- bin\ui_resampledialog.h
c:\itksnap\itk-snap- bin\ui_savemodifiedlayersdialog.h
c:\itksnap\itk-snap- bin\ui_simplefiledialogwithhistory.h
c:\itksnap\itk-snap- bin\ui_snakeparameterdialog.h
c:\itksnap\itk-snap- bin\ui_speedimagedialog.h
c:\itksnap\itk-snap- bin\ui_splashpanel.h
c:\itksnap\itk-snap- bin\ui_statisticsdialog.h
c:\itksnap\itk-snap- bin\ui_distributedsegmentationdialog.h
c:\itksnap\itk-snap- bin\ui_downloadticketdialog.h
c:\itksnap\itk-snap- bin\ui_meshexportwizard.h
c:\itksnap\itk-snap- bin\ui_meshexportmodepage.h
c:\itksnap\itk-snap- bin\ui_meshexportbrowsepage.h
c:\itksnap\itk-snap- bin\ui_registrationdialog.h
c:\itksnap\itk-snap- bin\qrc_snapresources.cpp
c:\itksnap\itk-snap- bin\qrc_snapresources_linux.cpp
c:\itksnap\itk-snap- bin\qrc_snapresources_macos.cpp
c:\itksnap\itk-snap- bin\qrc_snapresources_windows.cpp
c:\itksnap\itk-snap- bin\qrc_testingscripts.cpp
c:\itksnap\itk-snap- bin\release\itksnapui_qt.lib
c:\itksnap\itk-snap- bin\itksnapui_qt.dir\release\itksnapui_qt.tlog\cl.command.1.tlog
c:\itksnap\itk-snap- bin\itksnapui_qt.dir\release\itksnapui_qt.tlog\cl.read.1.tlog
c:\itksnap\itk-snap- bin\itksnapui_qt.dir\release\itksnapui_qt.tlog\cl.write.1.tlog
c:\itksnap\itk-snap- bin\itksnapui_qt.dir\release\itksnapui_qt.tlog\custombuild.command.1.tlog
c:\itksnap\itk-snap- bin\itksnapui_qt.dir\release\itksnapui_qt.tlog\custombuild.read.1.tlog
c:\itksnap\itk-snap- bin\itksnapui_qt.dir\release\itksnapui_qt.tlog\custombuild.write.1.tlog
c:\itksnap\itk-snap- bin\itksnapui_qt.dir\release\itksnapui_qt.tlog\lib-link.read.1.tlog
c:\itksnap\itk-snap- bin\itksnapui_qt.dir\release\itksnapui_qt.tlog\lib-link.write.1.tlog
c:\itksnap\itk-snap- bin\itksnapui_qt.dir\release\itksnapui_qt.tlog\lib.command.1.tlog
