已經開始建置於 2021/6/30 上午 11:08:21。
     1>節點 2 (Build 目標) 上的專案 "C:\ITKSNAP\itk-snap- bin\itksnapui_qt.vcxproj"。
     1>ClCompile:
         C:\Program Files (x86)\Microsoft Visual Studio 14.0\VC\bin\x86_amd64\CL.exe /c /I"C:\ITKSNAP\itk-snap- bin\ITKIOFactoryRegistration" /I"C:\Program Files\NVIDIA GPU Computing Toolkit\CUDA\v10.1\include" /I"C:\Program Files\ITK\include\ITK-4.12" /I"C:\Program Files\VTK\include\vtk-6.3" /I"C:\ITKSNAP\cur\builds\libcurl-vc-x64-release-static-ipv6\include" /I"C:\ITKSNAP\itk-snap-src\Common" /I"C:\ITKSNAP\itk-snap-src\Common\ITKExtras" /I"C:\ITKSNAP\itk-snap-src\Common\JSon" /I"C:\ITKSNAP\itk-snap-src\Logic" /I"C:\ITKSNAP\itk-snap-src\Logic\Common" /I"C:\ITKSNAP\itk-snap-src\Logic\Framework" /I"C:\ITKSNAP\itk-snap-src\Logic\ImageWrapper" /I"C:\ITKSNAP\itk-snap-src\Logic\LevelSet" /I"C:\ITKSNAP\itk-snap-src\Logic\Mesh" /I"C:\ITKSNAP\itk-snap-src\Logic\Preprocessing" /I"C:\ITKSNAP\itk-snap-src\Logic\Preprocessing\GMM" /I"C:\ITKSNAP\itk-snap-src\Logic\Preprocessing\Texture" /I"C:\ITKSNAP\itk-snap-src\Logic\RLEImage" /I"C:\ITKSNAP\itk-snap-src\Logic\Slicing" /I"C:\ITKSNAP\itk-snap-src\Logic\WorkspaceAPI" /I"C:\ITKSNAP\itk-snap-src\Submodules\c3d" /I"C:\ITKSNAP\itk-snap-src\Submodules\c3d\itkextras" /I"C:\ITKSNAP\itk-snap-src\Submodules\c3d\itkextras\RandomForest" /I"C:\ITKSNAP\itk-snap-src\Submodules\c3d\itkextras\PovRayIO" /I"C:\ITKSNAP\itk-snap-src\Submodules\c3d\api" /I"C:\ITKSNAP\itk-snap-src\Submodules\greedy\src" /I"C:\ITKSNAP\itk-snap-src\Submodules\greedy\src\ITKFilters\include" /I"C:\ITKSNAP\itk-snap-src\GUI" /I"C:\ITKSNAP\itk-snap-src\GUI\Model" /I"C:\ITKSNAP\itk-snap-src\GUI\Renderer" /I"C:\ITKSNAP\itk-snap-src\GUI\Renderer\OrientationWidget\Reorient" /I"C:\ITKSNAP\itk-snap-src\GUI\Qt" /I"C:\ITKSNAP\itk-snap-src\GUI\Qt\Components" /I"C:\ITKSNAP\itk-snap-src\GUI\Qt\Coupling" /I"C:\ITKSNAP\itk-snap-src\GUI\Qt\External" /I"C:\ITKSNAP\itk-snap-src\GUI\Qt\External\ColorWheel" /I"C:\ITKSNAP\itk-snap-src\GUI\Qt\ModelView" /I"C:\ITKSNAP\itk-snap-src\GUI\Qt\Testing" /I"C:\ITKSNAP\itk-snap-src\GUI\Qt\View" /I"C:\ITKSNAP\itk-snap-src\GUI\Qt\Windows" /I"C:\ITKSNAP\itk-snap-src\GUI\Qt\Windows\DSS" /I"C:\ITKSNAP\itk-snap-src\GUI\Qt\Windows\MeshExportWizard" /I"C:\ITKSNAP\itk-snap-src\GUI\Qt\Windows\Registration" /I"C:\ITKSNAP\itk-snap-src\Testing\Logic" /I"C:\ITKSNAP\itk-snap-src\Testing\GUI\Qt" /I"C:\Program Files\ITK\lib\cmake\ITK-4.12\Utilities\zlib" /I"C:\ITKSNAP\itk-snap- bin" /IC:\Qt\Qt5.6.2\5.6\msvc2015_64\include /IC:\Qt\Qt5.6.2\5.6\msvc2015_64\include\QtWidgets /IC:\Qt\Qt5.6.2\5.6\msvc2015_64\include\QtGui /IC:\Qt\Qt5.6.2\5.6\msvc2015_64\include\QtCore /I"C:\Qt\Qt5.6.2\5.6\msvc2015_64\.\mkspecs\win32-msvc2015" /IC:\Qt\Qt5.6.2\5.6\msvc2015_64\include\QtOpenGL /IC:\Qt\Qt5.6.2\5.6\msvc2015_64\include\QtConcurrent /IC:\Qt\Qt5.6.2\5.6\msvc2015_64\include\QtQml /IC:\Qt\Qt5.6.2\5.6\msvc2015_64\include\QtNetwork /I"C:\Program Files\ITK\include" /I"C:\Program Files\VTK\include" /nologo /W3 /WX- /O2 /Ob2 /D WIN32 /D _WINDOWS /D NDEBUG /D ITK_IO_FACTORY_REGISTER_MANAGER /D "vtkRenderingContext2D_AUTOINIT=1(vtkRenderingContextOpenGL)" /D "vtkRenderingCore_INCLUDE=\"C:/ITKSNAP/itk-snap- bin/CMakeFiles/vtkRenderingCore_AUTOINIT_vtkInteractionStyle_vtkRenderingFreeType_vtkRenderingOpenGL.h\"" /D "vtkRenderingVolume_AUTOINIT=1(vtkRenderingVolumeOpenGL)" /D _CRT_SECURE_NO_DEPRECATE /D _SCL_SECURE_NO_WARNINGS /D _CRT_SECURE_NO_WARNINGS /D NOMINMAX /D QT_WIDGETS_LIB /D QT_GUI_LIB /D QT_CORE_LIB /D QT_NO_DEBUG /D QT_OPENGL_LIB /D QT_CONCURRENT_LIB /D QT_QML_LIB /D QT_NETWORK_LIB /D "CMAKE_INTDIR=\"Release\"" /D _MBCS /Gm- /EHsc /MD /GS /fp:precise /Zc:wchar_t /Zc:forScope /Zc:inline /GR /Fo"itksnapui_qt.dir\Release\\" /Fd"itksnapui_qt.dir\Release\itksnapui_qt.pdb" /Gd /TP /errorReport:prompt   /bigobj "C:\ITKSNAP\itk-snap-src\GUI\Qt\Windows\MainImageWindow.cxx"
         MainImageWindow.cxx
       Lib:
         C:\Program Files (x86)\Microsoft Visual Studio 14.0\VC\bin\x86_amd64\Lib.exe /OUT:"C:\ITKSNAP\itk-snap- bin\Release\itksnapui_qt.lib" /NOLOGO /MACHINE:X64   /machine:x64 itksnapui_qt.dir\Release\AnnotationToolPanel.obj
         itksnapui_qt.dir\Release\CollapsableGroupBox.obj
         itksnapui_qt.dir\Release\ColorLabelQuickListWidget.obj
         itksnapui_qt.dir\Release\ColorMapInspector.obj
         itksnapui_qt.dir\Release\ContrastInspector.obj
         itksnapui_qt.dir\Release\CursorInspector.obj
         itksnapui_qt.dir\Release\DisplayLayoutInspector.obj
         itksnapui_qt.dir\Release\DICOMListingTable.obj
         itksnapui_qt.dir\Release\FileChooserPanelWithHistory.obj
         itksnapui_qt.dir\Release\HistoryQListModel.obj
         itksnapui_qt.dir\Release\ImageInfoInspector.obj
         itksnapui_qt.dir\Release\LabelInspector.obj
         itksnapui_qt.dir\Release\LabelMiniInspector.obj
         itksnapui_qt.dir\Release\LabelSelectionButton.obj
         itksnapui_qt.dir\Release\LatentITKEventNotifier.obj
         itksnapui_qt.dir\Release\LayerInspectorRowDelegate.obj
         itksnapui_qt.dir\Release\MetadataInspector.obj
         itksnapui_qt.dir\Release\GeneralLayerInspector.obj
         itksnapui_qt.dir\Release\PaintbrushToolPanel.obj
         itksnapui_qt.dir\Release\PolygonToolPanel.obj
         itksnapui_qt.dir\Release\QActionButton.obj
         itksnapui_qt.dir\Release\QColorButtonWidget.obj
         itksnapui_qt.dir\Release\QDoubleSlider.obj
         itksnapui_qt.dir\Release\QDoubleSliderWithEditor.obj
         itksnapui_qt.dir\Release\QtFlowLayout.obj
         itksnapui_qt.dir\Release\QtHideOnDeactivateContainer.obj
         itksnapui_qt.dir\Release\QtIPCManager.obj
         itksnapui_qt.dir\Release\QtRendererPlatformSupport.obj
         itksnapui_qt.dir\Release\QtReporterDelegates.obj
         itksnapui_qt.dir\Release\QtWarningDialog.obj
         itksnapui_qt.dir\Release\QtWidgetActivator.obj
         itksnapui_qt.dir\Release\RecentHistoryItemsView.obj
         itksnapui_qt.dir\Release\SnakeToolROIPanel.obj
         itksnapui_qt.dir\Release\SnakeWizardPanel.obj
         itksnapui_qt.dir\Release\SNAPComponent.obj
         itksnapui_qt.dir\Release\SNAPQApplication.obj
         itksnapui_qt.dir\Release\SNAPQtCommon.obj
         itksnapui_qt.dir\Release\SliceViewPanel.obj
         itksnapui_qt.dir\Release\SynchronizationInspector.obj
         itksnapui_qt.dir\Release\TagListWidget.obj
         itksnapui_qt.dir\Release\ViewPanel3D.obj
         itksnapui_qt.dir\Release\VoxelIntensityQTableModel.obj
         itksnapui_qt.dir\Release\ZoomInspector.obj
         itksnapui_qt.dir\Release\ColorWheel.obj
         itksnapui_qt.dir\Release\GMMTableModel.obj
         itksnapui_qt.dir\Release\AnnotationInteractionMode.obj
         itksnapui_qt.dir\Release\ColorMapBox.obj
         itksnapui_qt.dir\Release\CrosshairsInteractionMode.obj
         itksnapui_qt.dir\Release\GenericSliceView.obj
         itksnapui_qt.dir\Release\GenericView3D.obj
         itksnapui_qt.dir\Release\InteractionModeClient.obj
         itksnapui_qt.dir\Release\QtAbstractOpenGLBox.obj
         itksnapui_qt.dir\Release\QtInteractionDelegateWidget.obj
         itksnapui_qt.dir\Release\QtSimpleOpenGLBox.obj
         itksnapui_qt.dir\Release\QtVTKInteractionDelegateWidget.obj
         itksnapui_qt.dir\Release\QtVTKRenderWindowBox.obj
         itksnapui_qt.dir\Release\PaintbrushInteractionMode.obj
         itksnapui_qt.dir\Release\PolygonDrawingInteractionMode.obj
         itksnapui_qt.dir\Release\RegistrationInteractionMode.obj
         itksnapui_qt.dir\Release\SliceWindowInteractionDelegateWidget.obj
         itksnapui_qt.dir\Release\SnakeROIInteractionMode.obj
         itksnapui_qt.dir\Release\ThumbnailInteractionMode.obj
         itksnapui_qt.dir\Release\AboutDialog.obj
         itksnapui_qt.dir\Release\AnnotationEditDialog.obj
         itksnapui_qt.dir\Release\DropActionDialog.obj
         itksnapui_qt.dir\Release\ImageIODialog.obj
         itksnapui_qt.dir\Release\ImageIOWizard.obj
         itksnapui_qt.dir\Release\OverlayRolePage.obj
         itksnapui_qt.dir\Release\InterpolateLabelsDialog.obj
         itksnapui_qt.dir\Release\LabelEditorDialog.obj
         itksnapui_qt.dir\Release\LayerInspectorDialog.obj
         itksnapui_qt.dir\Release\LabelSelectionPopup.obj
         itksnapui_qt.dir\Release\MainControlPanel.obj
         itksnapui_qt.dir\Release\MainImageWindow.obj
         itksnapui_qt.dir\Release\PreferencesDialog.obj
         itksnapui_qt.dir\Release\QtStyles.obj
         itksnapui_qt.dir\Release\ReorientImageDialog.obj
         itksnapui_qt.dir\Release\ResampleDialog.obj
         itksnapui_qt.dir\Release\SaveModifiedLayersDialog.obj
         itksnapui_qt.dir\Release\SimpleFileDialogWithHistory.obj
         itksnapui_qt.dir\Release\SnakeParameterDialog.obj
         itksnapui_qt.dir\Release\SpeedImageDialog.obj
         itksnapui_qt.dir\Release\SplashPanel.obj
         itksnapui_qt.dir\Release\StatisticsDialog.obj
         itksnapui_qt.dir\Release\DistributedSegmentationDialog.obj
         itksnapui_qt.dir\Release\DownloadTicketDialog.obj
         itksnapui_qt.dir\Release\MeshExportWizard.obj
         itksnapui_qt.dir\Release\MeshExportModePage.obj
         itksnapui_qt.dir\Release\MeshExportBrowsePage.obj
         itksnapui_qt.dir\Release\RegistrationDialog.obj
         itksnapui_qt.dir\Release\SNAPTestQt.obj
         itksnapui_qt.dir\Release\moc_AnnotationToolPanel.obj
         itksnapui_qt.dir\Release\moc_CollapsableGroupBox.obj
         itksnapui_qt.dir\Release\moc_ColorLabelQuickListWidget.obj
         itksnapui_qt.dir\Release\moc_ColorMapInspector.obj
         itksnapui_qt.dir\Release\moc_ContrastInspector.obj
         itksnapui_qt.dir\Release\moc_CursorInspector.obj
         itksnapui_qt.dir\Release\moc_DICOMListingTable.obj
         itksnapui_qt.dir\Release\moc_DisplayLayoutInspector.obj
         itksnapui_qt.dir\Release\moc_FileChooserPanelWithHistory.obj
         itksnapui_qt.dir\Release\moc_HistoryQListModel.obj
         itksnapui_qt.dir\Release\moc_ImageInfoInspector.obj
         itksnapui_qt.dir\Release\moc_LabelInspector.obj
         itksnapui_qt.dir\Release\moc_LabelMiniInspector.obj
         itksnapui_qt.dir\Release\moc_LabelSelectionButton.obj
         itksnapui_qt.dir\Release\moc_LatentITKEventNotifier.obj
         itksnapui_qt.dir\Release\moc_LayerInspectorRowDelegate.obj
         itksnapui_qt.dir\Release\moc_MetadataInspector.obj
         itksnapui_qt.dir\Release\moc_GeneralLayerInspector.obj
         itksnapui_qt.dir\Release\moc_PaintbrushToolPanel.obj
         itksnapui_qt.dir\Release\moc_PolygonToolPanel.obj
         itksnapui_qt.dir\Release\moc_QActionButton.obj
         itksnapui_qt.dir\Release\moc_QColorButtonWidget.obj
         itksnapui_qt.dir\Release\moc_QDoubleSlider.obj
         itksnapui_qt.dir\Release\moc_QDoubleSliderWithEditor.obj
         itksnapui_qt.dir\Release\moc_QtFlowLayout.obj
         itksnapui_qt.dir\Release\moc_QtHideOnDeactivateContainer.obj
         itksnapui_qt.dir\Release\moc_QtIPCManager.obj
         itksnapui_qt.dir\Release\moc_QtWarningDialog.obj
         itksnapui_qt.dir\Release\moc_QtWidgetActivator.obj
         itksnapui_qt.dir\Release\moc_RecentHistoryItemsView.obj
         itksnapui_qt.dir\Release\moc_SnakeToolROIPanel.obj
         itksnapui_qt.dir\Release\moc_SnakeWizardPanel.obj
         itksnapui_qt.dir\Release\moc_SNAPComponent.obj
         itksnapui_qt.dir\Release\moc_SNAPQApplication.obj
         itksnapui_qt.dir\Release\moc_SliceViewPanel.obj
         itksnapui_qt.dir\Release\moc_SynchronizationInspector.obj
         itksnapui_qt.dir\Release\moc_TagListWidget.obj
         itksnapui_qt.dir\Release\moc_ViewPanel3D.obj
         itksnapui_qt.dir\Release\moc_VoxelIntensityQTableModel.obj
         itksnapui_qt.dir\Release\moc_ZoomInspector.obj
         itksnapui_qt.dir\Release\moc_QtWidgetCoupling.obj
         itksnapui_qt.dir\Release\moc_ColorWheel.obj
         itksnapui_qt.dir\Release\moc_GMMTableModel.obj
         itksnapui_qt.dir\Release\moc_AnnotationInteractionMode.obj
         itksnapui_qt.dir\Release\moc_ColorMapBox.obj
         itksnapui_qt.dir\Release\moc_CrosshairsInteractionMode.obj
         itksnapui_qt.dir\Release\moc_GenericSliceView.obj
         itksnapui_qt.dir\Release\moc_GenericView3D.obj
         itksnapui_qt.dir\Release\moc_QtAbstractOpenGLBox.obj
         itksnapui_qt.dir\Release\moc_QtInteractionDelegateWidget.obj
         itksnapui_qt.dir\Release\moc_QtSimpleOpenGLBox.obj
         itksnapui_qt.dir\Release\moc_QtVTKInteractionDelegateWidget.obj
         itksnapui_qt.dir\Release\moc_QtVTKRenderWindowBox.obj
         itksnapui_qt.dir\Release\moc_PaintbrushInteractionMode.obj
         itksnapui_qt.dir\Release\moc_PolygonDrawingInteractionMode.obj
         itksnapui_qt.dir\Release\moc_RegistrationInteractionMode.obj
         itksnapui_qt.dir\Release\moc_SliceWindowInteractionDelegateWidget.obj
         itksnapui_qt.dir\Release\moc_SnakeROIInteractionMode.obj
         itksnapui_qt.dir\Release\moc_TestOpenGLDialog.obj
         itksnapui_qt.dir\Release\moc_ThumbnailInteractionMode.obj
         itksnapui_qt.dir\Release\moc_AboutDialog.obj
         itksnapui_qt.dir\Release\moc_AnnotationEditDialog.obj
         itksnapui_qt.dir\Release\moc_DropActionDialog.obj
         itksnapui_qt.dir\Release\moc_ImageIODialog.obj
         itksnapui_qt.dir\Release\moc_ImageIOWizard.obj
         itksnapui_qt.dir\Release\moc_OverlayRolePage.obj
         itksnapui_qt.dir\Release\moc_InterpolateLabelsDialog.obj
         itksnapui_qt.dir\Release\moc_LabelEditorDialog.obj
         itksnapui_qt.dir\Release\moc_LayerInspectorDialog.obj
         itksnapui_qt.dir\Release\moc_LabelSelectionPopup.obj
         itksnapui_qt.dir\Release\moc_MainControlPanel.obj
         itksnapui_qt.dir\Release\moc_MainImageWindow.obj
         itksnapui_qt.dir\Release\moc_PreferencesDialog.obj
         itksnapui_qt.dir\Release\moc_ReorientImageDialog.obj
         itksnapui_qt.dir\Release\moc_ResampleDialog.obj
         itksnapui_qt.dir\Release\moc_SaveModifiedLayersDialog.obj
         itksnapui_qt.dir\Release\moc_SimpleFileDialogWithHistory.obj
         itksnapui_qt.dir\Release\moc_SnakeParameterDialog.obj
         itksnapui_qt.dir\Release\moc_SpeedImageDialog.obj
         itksnapui_qt.dir\Release\moc_SplashPanel.obj
         itksnapui_qt.dir\Release\moc_StatisticsDialog.obj
         itksnapui_qt.dir\Release\moc_DistributedSegmentationDialog.obj
         itksnapui_qt.dir\Release\moc_DownloadTicketDialog.obj
         itksnapui_qt.dir\Release\moc_MeshExportWizard.obj
         itksnapui_qt.dir\Release\moc_MeshExportModePage.obj
         itksnapui_qt.dir\Release\moc_MeshExportBrowsePage.obj
         itksnapui_qt.dir\Release\moc_RegistrationDialog.obj
         itksnapui_qt.dir\Release\moc_SNAPTestQt.obj
         itksnapui_qt.dir\Release\qrc_SNAPResources.obj
         itksnapui_qt.dir\Release\qrc_SNAPResources_Linux.obj
         itksnapui_qt.dir\Release\qrc_SNAPResources_MacOS.obj
         itksnapui_qt.dir\Release\qrc_SNAPResources_Windows.obj
         itksnapui_qt.dir\Release\qrc_TestingScripts.obj
         itksnapui_qt.vcxproj -> C:\ITKSNAP\itk-snap- bin\Release\itksnapui_qt.lib
     1>專案 "C:\ITKSNAP\itk-snap- bin\itksnapui_qt.vcxproj" (Build 目標) 建置完成。

建置成功。

經過時間 00:00:04.68
