已經開始建置於 2021/6/30 上午 10:36:21。
     1>節點 13 (Rebuild 目標) 上的專案 "C:\ITKSNAP\itk-snap- bin\itksnapui_model.vcxproj"。
     1>CustomBuild:
         Building Custom Rule C:/ITKSNAP/itk-snap-src/CMakeLists.txt
         CMake does not need to re-run because C:/ITKSNAP/itk-snap- bin/CMakeFiles/generate.stamp is up-to-date.
       ClCompile:
         C:\Program Files (x86)\Microsoft Visual Studio 14.0\VC\bin\x86_amd64\CL.exe /c /I"C:\ITKSNAP\itk-snap- bin\ITKIOFactoryRegistration" /I"C:\Program Files\NVIDIA GPU Computing Toolkit\CUDA\v10.1\include" /I"C:\Program Files\ITK\include\ITK-4.12" /I"C:\Program Files\VTK\include\vtk-6.3" /I"C:\ITKSNAP\cur\builds\libcurl-vc-x64-release-static-ipv6\include" /I"C:\ITKSNAP\itk-snap-src\Common" /I"C:\ITKSNAP\itk-snap-src\Common\ITKExtras" /I"C:\ITKSNAP\itk-snap-src\Common\JSon" /I"C:\ITKSNAP\itk-snap-src\Logic" /I"C:\ITKSNAP\itk-snap-src\Logic\Common" /I"C:\ITKSNAP\itk-snap-src\Logic\Framework" /I"C:\ITKSNAP\itk-snap-src\Logic\ImageWrapper" /I"C:\ITKSNAP\itk-snap-src\Logic\LevelSet" /I"C:\ITKSNAP\itk-snap-src\Logic\Mesh" /I"C:\ITKSNAP\itk-snap-src\Logic\Preprocessing" /I"C:\ITKSNAP\itk-snap-src\Logic\Preprocessing\GMM" /I"C:\ITKSNAP\itk-snap-src\Logic\Preprocessing\Texture" /I"C:\ITKSNAP\itk-snap-src\Logic\RLEImage" /I"C:\ITKSNAP\itk-snap-src\Logic\Slicing" /I"C:\ITKSNAP\itk-snap-src\Logic\WorkspaceAPI" /I"C:\ITKSNAP\itk-snap-src\Submodules\c3d" /I"C:\ITKSNAP\itk-snap-src\Submodules\c3d\itkextras" /I"C:\ITKSNAP\itk-snap-src\Submodules\c3d\itkextras\RandomForest" /I"C:\ITKSNAP\itk-snap-src\Submodules\c3d\itkextras\PovRayIO" /I"C:\ITKSNAP\itk-snap-src\Submodules\c3d\api" /I"C:\ITKSNAP\itk-snap-src\Submodules\greedy\src" /I"C:\ITKSNAP\itk-snap-src\Submodules\greedy\src\ITKFilters\include" /I"C:\ITKSNAP\itk-snap-src\GUI" /I"C:\ITKSNAP\itk-snap-src\GUI\Model" /I"C:\ITKSNAP\itk-snap-src\GUI\Renderer" /I"C:\ITKSNAP\itk-snap-src\GUI\Renderer\OrientationWidget\Reorient" /I"C:\ITKSNAP\itk-snap-src\GUI\Qt" /I"C:\ITKSNAP\itk-snap-src\GUI\Qt\Components" /I"C:\ITKSNAP\itk-snap-src\GUI\Qt\Coupling" /I"C:\ITKSNAP\itk-snap-src\GUI\Qt\External" /I"C:\ITKSNAP\itk-snap-src\GUI\Qt\External\ColorWheel" /I"C:\ITKSNAP\itk-snap-src\GUI\Qt\ModelView" /I"C:\ITKSNAP\itk-snap-src\GUI\Qt\Testing" /I"C:\ITKSNAP\itk-snap-src\GUI\Qt\View" /I"C:\ITKSNAP\itk-snap-src\GUI\Qt\Windows" /I"C:\ITKSNAP\itk-snap-src\GUI\Qt\Windows\DSS" /I"C:\ITKSNAP\itk-snap-src\GUI\Qt\Windows\MeshExportWizard" /I"C:\ITKSNAP\itk-snap-src\GUI\Qt\Windows\Registration" /I"C:\ITKSNAP\itk-snap-src\Testing\Logic" /I"C:\ITKSNAP\itk-snap-src\Testing\GUI\Qt" /I"C:\Program Files\ITK\lib\cmake\ITK-4.12\Utilities\zlib" /I"C:\ITKSNAP\itk-snap- bin" /IC:\Qt\Qt5.6.2\5.6\msvc2015_64\include /IC:\Qt\Qt5.6.2\5.6\msvc2015_64\include\QtWidgets /IC:\Qt\Qt5.6.2\5.6\msvc2015_64\include\QtGui /IC:\Qt\Qt5.6.2\5.6\msvc2015_64\include\QtCore /I"C:\Qt\Qt5.6.2\5.6\msvc2015_64\.\mkspecs\win32-msvc2015" /IC:\Qt\Qt5.6.2\5.6\msvc2015_64\include\QtOpenGL /IC:\Qt\Qt5.6.2\5.6\msvc2015_64\include\QtConcurrent /IC:\Qt\Qt5.6.2\5.6\msvc2015_64\include\QtQml /IC:\Qt\Qt5.6.2\5.6\msvc2015_64\include\QtNetwork /I"C:\Program Files\ITK\include" /I"C:\Program Files\VTK\include" /nologo /W3 /WX- /O2 /Ob2 /D WIN32 /D _WINDOWS /D NDEBUG /D ITK_IO_FACTORY_REGISTER_MANAGER /D "vtkRenderingContext2D_AUTOINIT=1(vtkRenderingContextOpenGL)" /D "vtkRenderingCore_INCLUDE=\"C:/ITKSNAP/itk-snap- bin/CMakeFiles/vtkRenderingCore_AUTOINIT_vtkInteractionStyle_vtkRenderingFreeType_vtkRenderingOpenGL.h\"" /D "vtkRenderingVolume_AUTOINIT=1(vtkRenderingVolumeOpenGL)" /D _CRT_SECURE_NO_DEPRECATE /D _SCL_SECURE_NO_WARNINGS /D _CRT_SECURE_NO_WARNINGS /D NOMINMAX /D QT_WIDGETS_LIB /D QT_GUI_LIB /D QT_CORE_LIB /D QT_NO_DEBUG /D "CMAKE_INTDIR=\"Release\"" /D _MBCS /Gm- /EHsc /MD /GS /fp:precise /Zc:wchar_t /Zc:forScope /Zc:inline /GR /Fo"itksnapui_model.dir\Release\\" /Fd"itksnapui_model.dir\Release\itksnapui_model.pdb" /Gd /TP /errorReport:prompt   /bigobj "C:\ITKSNAP\itk-snap-src\GUI\Model\AnnotationModel.cxx" "C:\ITKSNAP\itk-snap-src\GUI\Model\ColorLabelQuickListModel.cxx" "C:\ITKSNAP\itk-snap-src\GUI\Model\ColorMapModel.cxx" "C:\ITKSNAP\itk-snap-src\GUI\Model\CursorInspectionModel.cxx" "C:\ITKSNAP\itk-snap-src\GUI\Model\DisplayLayoutModel.cxx" "C:\ITKSNAP\itk-snap-src\GUI\Model\DistributedSegmentationModel.cxx" "C:\ITKSNAP\itk-snap-src\GUI\Model\Generic3DModel.cxx" "C:\ITKSNAP\itk-snap-src\GUI\Model\GenericSliceModel.cxx" "C:\ITKSNAP\itk-snap-src\GUI\Model\GlobalPreferencesModel.cxx" "C:\ITKSNAP\itk-snap-src\GUI\Model\GlobalUIModel.cxx" "C:\ITKSNAP\itk-snap-src\GUI\Model\ImageIOWizardModel.cxx" "C:\ITKSNAP\itk-snap-src\GUI\Model\ImageInfoModel.cxx" "C:\ITKSNAP\itk-snap-src\GUI\Model\IntensityCurveModel.cxx" "C:\ITKSNAP\itk-snap-src\GUI\Model\InteractiveRegistrationModel.cxx" "C:\ITKSNAP\itk-snap-src\GUI\Model\InterpolateLabelModel.cxx" "C:\ITKSNAP\itk-snap-src\GUI\Model\LabelEditorModel.cxx" "C:\ITKSNAP\itk-snap-src\GUI\Model\LayerGeneralPropertiesModel.cxx" "C:\ITKSNAP\itk-snap-src\GUI\Model\LayerTableRowModel.cxx" "C:\ITKSNAP\itk-snap-src\GUI\Model\LayerSelectionModel.cxx" "C:\ITKSNAP\itk-snap-src\GUI\Model\MeshExportModel.cxx" "C:\ITKSNAP\itk-snap-src\GUI\Model\OrthogonalSliceCursorNavigationModel.cxx" "C:\ITKSNAP\itk-snap-src\GUI\Model\PaintbrushModel.cxx" "C:\ITKSNAP\itk-snap-src\GUI\Model\PaintbrushSettingsModel.cxx" "C:\ITKSNAP\itk-snap-src\GUI\Model\PolygonDrawingModel.cxx" "C:\ITKSNAP\itk-snap-src\GUI\Model\PolygonSettingsModel.cxx" "C:\ITKSNAP\itk-snap-src\GUI\Model\RegistrationModel.cxx" "C:\ITKSNAP\itk-snap-src\GUI\Model\ReorientImageModel.cxx" "C:\ITKSNAP\itk-snap-src\GUI\Model\SaveModifiedLayersModel.cxx" "C:\ITKSNAP\itk-snap-src\GUI\Model\SliceWindowCoordinator.cxx" "C:\ITKSNAP\itk-snap-src\GUI\Model\SnakeParameterModel.cxx" "C:\ITKSNAP\itk-snap-src\GUI\Model\SnakeROIModel.cxx" "C:\ITKSNAP\itk-snap-src\GUI\Model\SnakeROIResampleModel.cxx" "C:\ITKSNAP\itk-snap-src\GUI\Model\SnakeWizardModel.cxx" "C:\ITKSNAP\itk-snap-src\GUI\Model\StateManagement.cxx" "C:\ITKSNAP\itk-snap-src\GUI\Model\SynchronizationModel.cxx" "C:\ITKSNAP\itk-snap-src\GUI\Model\UIAction.cxx" "C:\ITKSNAP\itk-snap-src\GUI\Model\UIReporterDelegates.cxx" "C:\ITKSNAP\itk-snap-src\GUI\Renderer\AbstractRenderer.cxx" "C:\ITKSNAP\itk-snap-src\GUI\Renderer\AbstractVTKRenderer.cxx" "C:\ITKSNAP\itk-snap-src\GUI\Renderer\AbstractVTKSceneRenderer.cxx" "C:\ITKSNAP\itk-snap-src\GUI\Renderer\AnnotationRenderer.cxx" "C:\ITKSNAP\itk-snap-src\GUI\Renderer\ColorMapRenderer.cxx" "C:\ITKSNAP\itk-snap-src\GUI\Renderer\CrosshairsRenderer.cxx" "C:\ITKSNAP\itk-snap-src\GUI\Renderer\EdgePreprocessingSettingsRenderer.cxx" "C:\ITKSNAP\itk-snap-src\GUI\Renderer\GenericSliceRenderer.cxx" "C:\ITKSNAP\itk-snap-src\GUI\Renderer\Generic3DRenderer.cxx" "C:\ITKSNAP\itk-snap-src\GUI\Renderer\GLToPNG.cxx" "C:\ITKSNAP\itk-snap-src\GUI\Renderer\GMMRenderer.cxx" "C:\ITKSNAP\itk-snap-src\GUI\Renderer\IntensityCurveVTKRenderer.cxx" "C:\ITKSNAP\itk-snap-src\GUI\Renderer\IntensityUnderCursorRenderer.cxx" "C:\ITKSNAP\itk-snap-src\GUI\Renderer\LayerHistogramPlotAssembly.cxx" "C:\ITKSNAP\itk-snap-src\GUI\Renderer\OpenGLSliceTexture.cxx" "C:\ITKSNAP\itk-snap-src\GUI\Renderer\OptimizationProgressRenderer.cxx" "C:\ITKSNAP\itk-snap-src\GUI\Renderer\OrientationGraphicRenderer.cxx" "C:\ITKSNAP\itk-snap-src\GUI\Renderer\PaintbrushRenderer.cxx" "C:\ITKSNAP\itk-snap-src\GUI\Renderer\PolygonDrawingRenderer.cxx" "C:\ITKSNAP\itk-snap-src\GUI\Renderer\PolygonScanConvert.cxx" "C:\ITKSNAP\itk-snap-src\GUI\Renderer\RegistrationRenderer.cxx" "C:\ITKSNAP\itk-snap-src\GUI\Renderer\SliceWindowDecorationRenderer.cxx" "C:\ITKSNAP\itk-snap-src\GUI\Renderer\SnakeParameterPreviewRenderer.cxx" "C:\ITKSNAP\itk-snap-src\GUI\Renderer\SnakeROIRenderer.cxx" "C:\ITKSNAP\itk-snap-src\GUI\Renderer\SnakeModeRenderer.cxx" "C:\ITKSNAP\itk-snap-src\GUI\Renderer\ThresholdSettingsRenderer.cxx" "C:\ITKSNAP\itk-snap-src\GUI\Renderer\Window3DPicker.cxx" "C:\ITKSNAP\itk-snap-src\GUI\Renderer\OrientationWidget\Reorient\AbstractScannerHelper.cxx" "C:\ITKSNAP\itk-snap-src\GUI\Renderer\OrientationWidget\Reorient\AxesWidget.cxx" "C:\ITKSNAP\itk-snap-src\GUI\Renderer\OrientationWidget\Reorient\ScannedHuman.cxx" "C:\ITKSNAP\itk-snap-src\GUI\Renderer\OrientationWidget\Reorient\ScanningROI.cxx" "C:\ITKSNAP\itk-snap-src\GUI\Renderer\OrientationWidget\Reorient\ReorientProps.cxx" "C:\ITKSNAP\itk-snap-src\GUI\Renderer\OrientationWidget\Reorient\PolyDataAlgorithm2ActorPipe.cxx"
         AnnotationModel.cxx
     1>C:\ITKSNAP\itk-snap-src\GUI\Model\AnnotationModel.cxx(620): warning C4018: '>=': signed/unsigned 不相符
     1>C:\ITKSNAP\itk-snap-src\GUI\Model\AnnotationModel.cxx(634): warning C4018: '<=': signed/unsigned 不相符
         ColorLabelQuickListModel.cxx
         ColorMapModel.cxx
         CursorInspectionModel.cxx
         DisplayLayoutModel.cxx
     1>C:\ITKSNAP\itk-snap-src\GUI\Model\DisplayLayoutModel.cxx(240): warning C4018: '<=': signed/unsigned 不相符
     1>C:\ITKSNAP\itk-snap-src\GUI\Model\DisplayLayoutModel.cxx(245): warning C4018: '>=': signed/unsigned 不相符
         DistributedSegmentationModel.cxx
     1>C:\ITKSNAP\itk-snap-src\GUI\Model\DistributedSegmentationModel.cxx(614): warning C4018: '<': signed/unsigned 不相符
     1>C:\ITKSNAP\itk-snap-src\GUI\Model\DistributedSegmentationModel.cxx(731): warning C4018: '<': signed/unsigned 不相符
     1>C:\ITKSNAP\itk-snap-src\GUI\Model\DistributedSegmentationModel.cxx(898): warning C4018: '<': signed/unsigned 不相符
     1>C:\ITKSNAP\itk-snap-src\GUI\Model\DistributedSegmentationModel.cxx(996): warning C4018: '<': signed/unsigned 不相符
     1>C:\ITKSNAP\itk-snap-src\GUI\Model\DistributedSegmentationModel.cxx(1006): warning C4018: '<': signed/unsigned 不相符
         Generic3DModel.cxx
     1>c:\itksnap\itk-snap-src\logic\rleimage\RLEImage.txx(113): warning C4018: '<': signed/unsigned 不相符
         c:\itksnap\itk-snap-src\logic\rleimage\RLEImage.txx(101): note: 編譯類別 樣板 成員函式 'int RLEImage<LabelImageWrapperTraits::ComponentType,3,unsigned short>::SetPixel(std::vector<std::pair<CounterType,unsigned short>,std::allocator<_Ty>> &,__int64 &,__int64 &,const TPixel &)' 時
                 with
                 [
                     CounterType=unsigned short,
                     _Ty=std::pair<unsigned short,unsigned short>,
                     TPixel=LabelImageWrapperTraits::ComponentType
                 ]
         C:\ITKSNAP\itk-snap-src\Logic\RLEImage\RLEImageRegionIterator.h(71): note: 請參閱所要編譯的函式 樣板 具現化 'int RLEImage<LabelImageWrapperTraits::ComponentType,3,unsigned short>::SetPixel(std::vector<std::pair<CounterType,unsigned short>,std::allocator<_Ty>> &,__int64 &,__int64 &,const TPixel &)' 之參考
                 with
                 [
                     CounterType=unsigned short,
                     _Ty=std::pair<unsigned short,unsigned short>,
                     TPixel=LabelImageWrapperTraits::ComponentType
                 ]
         c:\itksnap\itk-snap-src\logic\imagewrapper\ImageWrapper.h(98): note: 請參閱要編譯的類別 樣板 具現化 'RLEImage<LabelImageWrapperTraits::ComponentType,3,unsigned short>' 之參考
         c:\itksnap\itk-snap-src\logic\imagewrapper\ScalarImageWrapper.h(62): note: 請參閱要編譯的類別 樣板 具現化 'ImageWrapper<TTraits,TBase>' 之參考
                 with
                 [
                     TTraits=LabelImageWrapperTraits,
                     TBase=ScalarImageWrapperBase
                 ]
         C:\ITKSNAP\itk-snap-src\Logic\ImageWrapper\LabelImageWrapper.h(11): note: 請參閱要編譯的類別 樣板 具現化 'ScalarImageWrapper<LabelImageWrapperTraits,ScalarImageWrapperBase>' 之參考
     1>c:\itksnap\itk-snap-src\logic\rleimage\RLEImage.txx(131): warning C4018: '<': signed/unsigned 不相符
     1>c:\itksnap\itk-snap-src\logic\rleimage\RLEImage.txx(141): warning C4018: '<': signed/unsigned 不相符
     1>c:\itksnap\itk-snap-src\logic\rleimage\RLEImage.txx(224): warning C4018: '<': signed/unsigned 不相符
         c:\itksnap\itk-snap-src\logic\rleimage\RLEImage.txx(215): note: 編譯類別 樣板 成員函式 'const LabelImageWrapperTraits::ComponentType &RLEImage<LabelImageWrapperTraits::ComponentType,3,unsigned short>::GetPixel(const itk::Index<3> &) const' 時
         c:\itksnap\itk-snap-src\logic\common\ImageRayIntersectionFinder.txx(102): note: 請參閱所要編譯的函式 樣板 具現化 'const LabelImageWrapperTraits::ComponentType &RLEImage<LabelImageWrapperTraits::ComponentType,3,unsigned short>::GetPixel(const itk::Index<3> &) const' 之參考
         c:\itksnap\itk-snap-src\logic\rleimage\RLEImage.txx(42): note: 編譯類別 樣板 成員函式 'void RLEImage<LabelImageWrapperTraits::ComponentType,3,unsigned short>::Allocate(bool)' 時
         GenericSliceModel.cxx
     1>C:\ITKSNAP\itk-snap-src\GUI\Model\GenericSliceModel.cxx(72): warning C4146: 一元減號運算子套用 unsigned 類型，所得的結果也會是 unsigned 類型
     1>C:\ITKSNAP\itk-snap-src\GUI\Model\GenericSliceModel.cxx(727): warning C4018: '>=': signed/unsigned 不相符
     1>C:\ITKSNAP\itk-snap-src\GUI\Model\GenericSliceModel.cxx(728): warning C4018: '>=': signed/unsigned 不相符
     1>C:\ITKSNAP\itk-snap-src\GUI\Model\GenericSliceModel.cxx(728): warning C4018: '<': signed/unsigned 不相符
         GlobalPreferencesModel.cxx
         GlobalUIModel.cxx
         ImageIOWizardModel.cxx
         ImageInfoModel.cxx
         IntensityCurveModel.cxx
         InteractiveRegistrationModel.cxx
         InterpolateLabelModel.cxx
     1>c:\itksnap\itk-snap-src\logic\rleimage\RLEImage.txx(113): warning C4018: '<': signed/unsigned 不相符
         c:\itksnap\itk-snap-src\logic\rleimage\RLEImage.txx(101): note: 編譯類別 樣板 成員函式 'int RLEImage<LabelImageWrapperTraits::ComponentType,3,unsigned short>::SetPixel(std::vector<std::pair<CounterType,unsigned short>,std::allocator<_Ty>> &,__int64 &,__int64 &,const TPixel &)' 時
                 with
                 [
                     CounterType=unsigned short,
                     _Ty=std::pair<unsigned short,unsigned short>,
                     TPixel=LabelImageWrapperTraits::ComponentType
                 ]
         C:\ITKSNAP\itk-snap-src\Logic\RLEImage\RLEImageRegionIterator.h(71): note: 請參閱所要編譯的函式 樣板 具現化 'int RLEImage<LabelImageWrapperTraits::ComponentType,3,unsigned short>::SetPixel(std::vector<std::pair<CounterType,unsigned short>,std::allocator<_Ty>> &,__int64 &,__int64 &,const TPixel &)' 之參考
                 with
                 [
                     CounterType=unsigned short,
                     _Ty=std::pair<unsigned short,unsigned short>,
                     TPixel=LabelImageWrapperTraits::ComponentType
                 ]
         c:\itksnap\itk-snap-src\logic\imagewrapper\ImageWrapper.h(98): note: 請參閱要編譯的類別 樣板 具現化 'RLEImage<LabelImageWrapperTraits::ComponentType,3,unsigned short>' 之參考
         c:\itksnap\itk-snap-src\logic\imagewrapper\ScalarImageWrapper.h(62): note: 請參閱要編譯的類別 樣板 具現化 'ImageWrapper<TTraits,TBase>' 之參考
                 with
                 [
                     TTraits=LabelImageWrapperTraits,
                     TBase=ScalarImageWrapperBase
                 ]
         C:\ITKSNAP\itk-snap-src\Logic\ImageWrapper\LabelImageWrapper.h(11): note: 請參閱要編譯的類別 樣板 具現化 'ScalarImageWrapper<LabelImageWrapperTraits,ScalarImageWrapperBase>' 之參考
     1>c:\itksnap\itk-snap-src\logic\rleimage\RLEImage.txx(131): warning C4018: '<': signed/unsigned 不相符
     1>c:\itksnap\itk-snap-src\logic\rleimage\RLEImage.txx(141): warning C4018: '<': signed/unsigned 不相符
     1>c:\itksnap\itk-snap-src\logic\rleimage\RLEImage.txx(224): warning C4018: '<': signed/unsigned 不相符
         c:\itksnap\itk-snap-src\logic\rleimage\RLEImage.txx(215): note: 編譯類別 樣板 成員函式 'const LabelImageWrapperTraits::ComponentType &RLEImage<LabelImageWrapperTraits::ComponentType,3,unsigned short>::GetPixel(const itk::Index<3> &) const' 時
         c:\itksnap\itk-snap-src\common\itkextras\itkMorphologicalContourInterpolator.hxx(205): note: 請參閱所要編譯的函式 樣板 具現化 'const LabelImageWrapperTraits::ComponentType &RLEImage<LabelImageWrapperTraits::ComponentType,3,unsigned short>::GetPixel(const itk::Index<3> &) const' 之參考
         c:\itksnap\itk-snap-src\logic\rleimage\RLEImage.txx(11): note: 編譯類別 樣板 成員函式 'itk::Index<2> RLEImage<LabelImageWrapperTraits::ComponentType,3,unsigned short>::truncateIndex(const itk::Index<3> &)' 時
         c:\itksnap\itk-snap-src\logic\rleimage\RLEImage.txx(35): note: 請參閱所要編譯的函式 樣板 具現化 'itk::Index<2> RLEImage<LabelImageWrapperTraits::ComponentType,3,unsigned short>::truncateIndex(const itk::Index<3> &)' 之參考
         c:\itksnap\itk-snap-src\logic\rleimage\RLEImage.txx(42): note: 編譯類別 樣板 成員函式 'void RLEImage<LabelImageWrapperTraits::ComponentType,3,unsigned short>::Allocate(bool)' 時
         LabelEditorModel.cxx
         LayerGeneralPropertiesModel.cxx
         LayerTableRowModel.cxx
         LayerSelectionModel.cxx
         MeshExportModel.cxx
         正在產生程式碼...
         正在編譯...
         OrthogonalSliceCursorNavigationModel.cxx
         PaintbrushModel.cxx
     1>c:\itksnap\itk-snap-src\logic\rleimage\RLEImage.txx(113): warning C4018: '<': signed/unsigned 不相符
         c:\itksnap\itk-snap-src\logic\rleimage\RLEImage.txx(101): note: 編譯類別 樣板 成員函式 'int RLEImage<LabelImageWrapperTraits::ComponentType,3,unsigned short>::SetPixel(std::vector<std::pair<CounterType,unsigned short>,std::allocator<_Ty>> &,__int64 &,__int64 &,const TPixel &)' 時
                 with
                 [
                     CounterType=unsigned short,
                     _Ty=std::pair<unsigned short,unsigned short>,
                     TPixel=LabelImageWrapperTraits::ComponentType
                 ]
         C:\ITKSNAP\itk-snap-src\Logic\RLEImage\RLEImageRegionIterator.h(71): note: 請參閱所要編譯的函式 樣板 具現化 'int RLEImage<LabelImageWrapperTraits::ComponentType,3,unsigned short>::SetPixel(std::vector<std::pair<CounterType,unsigned short>,std::allocator<_Ty>> &,__int64 &,__int64 &,const TPixel &)' 之參考
                 with
                 [
                     CounterType=unsigned short,
                     _Ty=std::pair<unsigned short,unsigned short>,
                     TPixel=LabelImageWrapperTraits::ComponentType
                 ]
         C:\ITKSNAP\itk-snap-src\Logic\ImageWrapper\ImageWrapper.h(98): note: 請參閱要編譯的類別 樣板 具現化 'RLEImage<LabelImageWrapperTraits::ComponentType,3,unsigned short>' 之參考
         c:\itksnap\itk-snap-src\logic\imagewrapper\ScalarImageWrapper.h(62): note: 請參閱要編譯的類別 樣板 具現化 'ImageWrapper<TTraits,TBase>' 之參考
                 with
                 [
                     TTraits=LabelImageWrapperTraits,
                     TBase=ScalarImageWrapperBase
                 ]
         C:\ITKSNAP\itk-snap-src\Logic\ImageWrapper\LabelImageWrapper.h(11): note: 請參閱要編譯的類別 樣板 具現化 'ScalarImageWrapper<LabelImageWrapperTraits,ScalarImageWrapperBase>' 之參考
     1>c:\itksnap\itk-snap-src\logic\rleimage\RLEImage.txx(131): warning C4018: '<': signed/unsigned 不相符
     1>c:\itksnap\itk-snap-src\logic\rleimage\RLEImage.txx(141): warning C4018: '<': signed/unsigned 不相符
         PaintbrushSettingsModel.cxx
         PolygonDrawingModel.cxx
         PolygonSettingsModel.cxx
         RegistrationModel.cxx
         ReorientImageModel.cxx
         SaveModifiedLayersModel.cxx
         SliceWindowCoordinator.cxx
         SnakeParameterModel.cxx
         SnakeROIModel.cxx
     1>C:\Program Files (x86)\Microsoft Visual Studio 14.0\VC\include\xutility(2148): warning C4244: '=': 將 'const itk::Index<3>::IndexValueType' 轉換為 'long'，由於類型不同，可能導致資料遺失
         C:\Program Files (x86)\Microsoft Visual Studio 14.0\VC\include\xutility(2169): note: 請參閱所要編譯的函式 樣板 具現化 '_OutIt std::_Copy_impl<_InIt,_OutIt>(_InIt,_InIt,_OutIt,std::_Nonscalar_ptr_iterator_tag)' 之參考
                 with
                 [
                     _OutIt=long *,
                     _InIt=const itk::Index<3>::IndexValueType *
                 ]
         C:\Program Files (x86)\Microsoft Visual Studio 14.0\VC\include\xutility(2180): note: 請參閱所要編譯的函式 樣板 具現化 '_OutIt std::_Copy_impl<_Iter,long>(_InIt,_InIt,_OutIt)' 之參考
                 with
                 [
                     _OutIt=long *,
                     _Iter=const itk::Index<3>::IndexValueType *,
                     _InIt=const itk::Index<3>::IndexValueType *
                 ]
         c:\program files\itk\include\itk-4.12\itkFixedArray.h(152): note: 請參閱所要編譯的函式 樣板 具現化 '_OutIt std::copy<const TScalarValue*,long*>(_InIt,_InIt,_OutIt)' 之參考
                 with
                 [
                     _OutIt=long *,
                     TScalarValue=itk::Index<3>::IndexValueType,
                     _InIt=const itk::Index<3>::IndexValueType *
                 ]
         C:\ITKSNAP\itk-snap-src\GUI\Model\SnakeROIModel.cxx(186): note: 請參閱所要編譯的函式 樣板 具現化 'itk::FixedArray<T,3>::FixedArray<itk::Index<3>::IndexValueType>(const TScalarValue *)' 之參考
                 with
                 [
                     T=long,
                     TScalarValue=itk::Index<3>::IndexValueType
                 ]
         C:\ITKSNAP\itk-snap-src\GUI\Model\SnakeROIModel.cxx(186): note: 請參閱所要編譯的函式 樣板 具現化 'itk::FixedArray<T,3>::FixedArray<itk::Index<3>::IndexValueType>(const TScalarValue *)' 之參考
                 with
                 [
                     T=long,
                     TScalarValue=itk::Index<3>::IndexValueType
                 ]
     1>C:\Program Files (x86)\Microsoft Visual Studio 14.0\VC\include\xutility(2148): warning C4244: '=': 將 'const itk::Size<3>::SizeValueType' 轉換為 'unsigned long'，由於類型不同，可能導致資料遺失
         C:\Program Files (x86)\Microsoft Visual Studio 14.0\VC\include\xutility(2169): note: 請參閱所要編譯的函式 樣板 具現化 '_OutIt std::_Copy_impl<_InIt,_OutIt>(_InIt,_InIt,_OutIt,std::_Nonscalar_ptr_iterator_tag)' 之參考
                 with
                 [
                     _OutIt=unsigned long *,
                     _InIt=const itk::Size<3>::SizeValueType *
                 ]
         C:\Program Files (x86)\Microsoft Visual Studio 14.0\VC\include\xutility(2180): note: 請參閱所要編譯的函式 樣板 具現化 '_OutIt std::_Copy_impl<_Iter,unsigned long>(_InIt,_InIt,_OutIt)' 之參考
                 with
                 [
                     _OutIt=unsigned long *,
                     _Iter=const itk::Size<3>::SizeValueType *,
                     _InIt=const itk::Size<3>::SizeValueType *
                 ]
         c:\program files\itk\include\itk-4.12\itkFixedArray.h(152): note: 請參閱所要編譯的函式 樣板 具現化 '_OutIt std::copy<const TScalarValue*,unsigned long*>(_InIt,_InIt,_OutIt)' 之參考
                 with
                 [
                     _OutIt=unsigned long *,
                     TScalarValue=itk::Size<3>::SizeValueType,
                     _InIt=const itk::Size<3>::SizeValueType *
                 ]
         C:\ITKSNAP\itk-snap-src\GUI\Model\SnakeROIModel.cxx(189): note: 請參閱所要編譯的函式 樣板 具現化 'itk::FixedArray<T,3>::FixedArray<itk::Size<3>::SizeValueType>(const TScalarValue *)' 之參考
                 with
                 [
                     T=unsigned long,
                     TScalarValue=itk::Size<3>::SizeValueType
                 ]
         C:\ITKSNAP\itk-snap-src\GUI\Model\SnakeROIModel.cxx(189): note: 請參閱所要編譯的函式 樣板 具現化 'itk::FixedArray<T,3>::FixedArray<itk::Size<3>::SizeValueType>(const TScalarValue *)' 之參考
                 with
                 [
                     T=unsigned long,
                     TScalarValue=itk::Size<3>::SizeValueType
                 ]
         SnakeROIResampleModel.cxx
         SnakeWizardModel.cxx
     1>C:\ITKSNAP\itk-snap-src\GUI\Model\SnakeWizardModel.cxx(1014): warning C4018: '<': signed/unsigned 不相符
     1>C:\ITKSNAP\itk-snap-src\GUI\Model\SnakeWizardModel.cxx(1117): warning C4018: '<': signed/unsigned 不相符
     1>c:\itksnap\itk-snap-src\logic\preprocessing\ImageCollectionToImageFilter.h(269): warning C4018: '<': signed/unsigned 不相符
         c:\itksnap\itk-snap-src\logic\preprocessing\ImageCollectionToImageFilter.h(259): note: 編譯類別 樣板 成員函式 'void ImageCollectionConstRegionIteratorWithIndex<TInputImage,TInputVectorImage>::AddVectorImage(TVectorImage *)' 時
                 with
                 [
                     TInputImage=GMMPreprocessingFilterConfigTraits::GreyScalarType,
                     TInputVectorImage=GMMPreprocessingFilterConfigTraits::GreyVectorType,
                     TVectorImage=GMMPreprocessingFilterConfigTraits::GreyVectorType
                 ]
         c:\itksnap\itk-snap-src\logic\preprocessing\ImageCollectionToImageFilter.h(291): note: 請參閱所要編譯的函式 樣板 具現化 'void ImageCollectionConstRegionIteratorWithIndex<TInputImage,TInputVectorImage>::AddVectorImage(TVectorImage *)' 之參考
                 with
                 [
                     TInputImage=GMMPreprocessingFilterConfigTraits::GreyScalarType,
                     TInputVectorImage=GMMPreprocessingFilterConfigTraits::GreyVectorType,
                     TVectorImage=GMMPreprocessingFilterConfigTraits::GreyVectorType
                 ]
         c:\itksnap\itk-snap-src\logic\preprocessing\ImageCollectionToImageFilter.h(229): note: 編譯類別 樣板 成員函式 'ImageCollectionConstRegionIteratorWithIndex<TInputImage,TInputVectorImage>::ImageCollectionConstRegionIteratorWithIndex(const itk::ImageRegion<3> &)' 時
                 with
                 [
                     TInputImage=GMMPreprocessingFilterConfigTraits::GreyScalarType,
                     TInputVectorImage=GMMPreprocessingFilterConfigTraits::GreyVectorType
                 ]
         c:\itksnap\itk-snap-src\logic\preprocessing\GMMClassifyImageFilter.txx(120): note: 請參閱所要編譯的函式 樣板 具現化 'ImageCollectionConstRegionIteratorWithIndex<TInputImage,TInputVectorImage>::ImageCollectionConstRegionIteratorWithIndex(const itk::ImageRegion<3> &)' 之參考
                 with
                 [
                     TInputImage=GMMPreprocessingFilterConfigTraits::GreyScalarType,
                     TInputVectorImage=GMMPreprocessingFilterConfigTraits::GreyVectorType
                 ]
         c:\itksnap\itk-snap-src\logic\preprocessing\GMMClassifyImageFilter.txx(120): note: 請參閱要編譯的類別 樣板 具現化 'ImageCollectionConstRegionIteratorWithIndex<TInputImage,TInputVectorImage>' 之參考
                 with
                 [
                     TInputImage=GMMPreprocessingFilterConfigTraits::GreyScalarType,
                     TInputVectorImage=GMMPreprocessingFilterConfigTraits::GreyVectorType
                 ]
         c:\itksnap\itk-snap-src\logic\preprocessing\GMMClassifyImageFilter.txx(89): note: 編譯類別 樣板 成員函式 'void GMMClassifyImageFilter<GMMPreprocessingFilterConfigTraits::GreyScalarType,GMMPreprocessingFilterConfigTraits::GreyVectorType,GMMPreprocessingFilterConfigTraits::SpeedType>::ThreadedGenerateData(const itk::ImageRegion<3> &,itk::ThreadIdType)' 時
         C:\ITKSNAP\itk-snap-src\Logic\Preprocessing\SlicePreviewFilterWrapper.h(126): note: 請參閱要編譯的類別 樣板 具現化 'GMMClassifyImageFilter<GMMPreprocessingFilterConfigTraits::GreyScalarType,GMMPreprocessingFilterConfigTraits::GreyVectorType,GMMPreprocessingFilterConfigTraits::SpeedType>' 之參考
         C:\ITKSNAP\itk-snap-src\GUI\Model\SnakeWizardModel.cxx(1634): note: 請參閱要編譯的類別 樣板 具現化 'SlicePreviewFilterWrapper<GMMPreprocessingFilterConfigTraits>' 之參考
         StateManagement.cxx
         SynchronizationModel.cxx
         UIAction.cxx
         UIReporterDelegates.cxx
         AbstractRenderer.cxx
         AbstractVTKRenderer.cxx
         AbstractVTKSceneRenderer.cxx
         正在產生程式碼...
         正在編譯...
         AnnotationRenderer.cxx
         ColorMapRenderer.cxx
         CrosshairsRenderer.cxx
         EdgePreprocessingSettingsRenderer.cxx
         GenericSliceRenderer.cxx
         Generic3DRenderer.cxx
         GLToPNG.cxx
         GMMRenderer.cxx
     1>C:\ITKSNAP\itk-snap-src\GUI\Renderer\GMMRenderer.cxx(149): warning C4018: '<': signed/unsigned 不相符
     1>c:\itksnap\itk-snap-src\common\IRISVectorTypes.h(166): warning C4018: '<': signed/unsigned 不相符
         C:\ITKSNAP\itk-snap-src\GUI\Renderer\GMMRenderer.cxx(118): note: 請參閱所要編譯的函式 樣板 具現化 'vnl_vector<T> linspace<double>(T,T,unsigned int)' 之參考
                 with
                 [
                     T=double
                 ]
         IntensityCurveVTKRenderer.cxx
         IntensityUnderCursorRenderer.cxx
         LayerHistogramPlotAssembly.cxx
         OpenGLSliceTexture.cxx
         OptimizationProgressRenderer.cxx
         OrientationGraphicRenderer.cxx
         PaintbrushRenderer.cxx
         PolygonDrawingRenderer.cxx
         PolygonScanConvert.cxx
         RegistrationRenderer.cxx
     1>C:\ITKSNAP\itk-snap-src\GUI\Renderer\RegistrationRenderer.cxx(89): warning C4018: '<=': signed/unsigned 不相符
     1>C:\ITKSNAP\itk-snap-src\GUI\Renderer\RegistrationRenderer.cxx(95): warning C4018: '<=': signed/unsigned 不相符
         SliceWindowDecorationRenderer.cxx
         SnakeParameterPreviewRenderer.cxx
         正在產生程式碼...
         正在編譯...
         SnakeROIRenderer.cxx
         SnakeModeRenderer.cxx
         ThresholdSettingsRenderer.cxx
         Window3DPicker.cxx
     1>c:\itksnap\itk-snap-src\logic\rleimage\RLEImage.txx(224): warning C4018: '<': signed/unsigned 不相符
         c:\itksnap\itk-snap-src\logic\rleimage\RLEImage.txx(215): note: 編譯類別 樣板 成員函式 'const LabelImageWrapperTraits::ComponentType &RLEImage<LabelImageWrapperTraits::ComponentType,3,unsigned short>::GetPixel(const itk::Index<3> &) const' 時
         c:\itksnap\itk-snap-src\logic\common\ImageRayIntersectionFinder.txx(102): note: 請參閱所要編譯的函式 樣板 具現化 'const LabelImageWrapperTraits::ComponentType &RLEImage<LabelImageWrapperTraits::ComponentType,3,unsigned short>::GetPixel(const itk::Index<3> &) const' 之參考
         c:\itksnap\itk-snap-src\logic\rleimage\RLEImage.txx(42): note: 編譯類別 樣板 成員函式 'void RLEImage<LabelImageWrapperTraits::ComponentType,3,unsigned short>::Allocate(bool)' 時
         c:\itksnap\itk-snap-src\logic\imagewrapper\ImageWrapper.h(98): note: 請參閱要編譯的類別 樣板 具現化 'RLEImage<LabelImageWrapperTraits::ComponentType,3,unsigned short>' 之參考
         c:\itksnap\itk-snap-src\logic\imagewrapper\ScalarImageWrapper.h(62): note: 請參閱要編譯的類別 樣板 具現化 'ImageWrapper<TTraits,TBase>' 之參考
                 with
                 [
                     TTraits=LabelImageWrapperTraits,
                     TBase=ScalarImageWrapperBase
                 ]
         C:\ITKSNAP\itk-snap-src\Logic\ImageWrapper\LabelImageWrapper.h(11): note: 請參閱要編譯的類別 樣板 具現化 'ScalarImageWrapper<LabelImageWrapperTraits,ScalarImageWrapperBase>' 之參考
         AbstractScannerHelper.cxx
         AxesWidget.cxx
         ScannedHuman.cxx
         ScanningROI.cxx
         ReorientProps.cxx
         PolyDataAlgorithm2ActorPipe.cxx
         正在產生程式碼...
       Lib:
         C:\Program Files (x86)\Microsoft Visual Studio 14.0\VC\bin\x86_amd64\Lib.exe /OUT:"C:\ITKSNAP\itk-snap- bin\Release\itksnapui_model.lib" /NOLOGO /MACHINE:X64   /machine:x64 itksnapui_model.dir\Release\AnnotationModel.obj
         itksnapui_model.dir\Release\ColorLabelQuickListModel.obj
         itksnapui_model.dir\Release\ColorMapModel.obj
         itksnapui_model.dir\Release\CursorInspectionModel.obj
         itksnapui_model.dir\Release\DisplayLayoutModel.obj
         itksnapui_model.dir\Release\DistributedSegmentationModel.obj
         itksnapui_model.dir\Release\Generic3DModel.obj
         itksnapui_model.dir\Release\GenericSliceModel.obj
         itksnapui_model.dir\Release\GlobalPreferencesModel.obj
         itksnapui_model.dir\Release\GlobalUIModel.obj
         itksnapui_model.dir\Release\ImageIOWizardModel.obj
         itksnapui_model.dir\Release\ImageInfoModel.obj
         itksnapui_model.dir\Release\IntensityCurveModel.obj
         itksnapui_model.dir\Release\InteractiveRegistrationModel.obj
         itksnapui_model.dir\Release\InterpolateLabelModel.obj
         itksnapui_model.dir\Release\LabelEditorModel.obj
         itksnapui_model.dir\Release\LayerGeneralPropertiesModel.obj
         itksnapui_model.dir\Release\LayerTableRowModel.obj
         itksnapui_model.dir\Release\LayerSelectionModel.obj
         itksnapui_model.dir\Release\MeshExportModel.obj
         itksnapui_model.dir\Release\OrthogonalSliceCursorNavigationModel.obj
         itksnapui_model.dir\Release\PaintbrushModel.obj
         itksnapui_model.dir\Release\PaintbrushSettingsModel.obj
         itksnapui_model.dir\Release\PolygonDrawingModel.obj
         itksnapui_model.dir\Release\PolygonSettingsModel.obj
         itksnapui_model.dir\Release\RegistrationModel.obj
         itksnapui_model.dir\Release\ReorientImageModel.obj
         itksnapui_model.dir\Release\SaveModifiedLayersModel.obj
         itksnapui_model.dir\Release\SliceWindowCoordinator.obj
         itksnapui_model.dir\Release\SnakeParameterModel.obj
         itksnapui_model.dir\Release\SnakeROIModel.obj
         itksnapui_model.dir\Release\SnakeROIResampleModel.obj
         itksnapui_model.dir\Release\SnakeWizardModel.obj
         itksnapui_model.dir\Release\StateManagement.obj
         itksnapui_model.dir\Release\SynchronizationModel.obj
         itksnapui_model.dir\Release\UIAction.obj
         itksnapui_model.dir\Release\UIReporterDelegates.obj
         itksnapui_model.dir\Release\AbstractRenderer.obj
         itksnapui_model.dir\Release\AbstractVTKRenderer.obj
         itksnapui_model.dir\Release\AbstractVTKSceneRenderer.obj
         itksnapui_model.dir\Release\AnnotationRenderer.obj
         itksnapui_model.dir\Release\ColorMapRenderer.obj
         itksnapui_model.dir\Release\CrosshairsRenderer.obj
         itksnapui_model.dir\Release\EdgePreprocessingSettingsRenderer.obj
         itksnapui_model.dir\Release\GenericSliceRenderer.obj
         itksnapui_model.dir\Release\Generic3DRenderer.obj
         itksnapui_model.dir\Release\GLToPNG.obj
         itksnapui_model.dir\Release\GMMRenderer.obj
         itksnapui_model.dir\Release\IntensityCurveVTKRenderer.obj
         itksnapui_model.dir\Release\IntensityUnderCursorRenderer.obj
         itksnapui_model.dir\Release\LayerHistogramPlotAssembly.obj
         itksnapui_model.dir\Release\OpenGLSliceTexture.obj
         itksnapui_model.dir\Release\OptimizationProgressRenderer.obj
         itksnapui_model.dir\Release\OrientationGraphicRenderer.obj
         itksnapui_model.dir\Release\PaintbrushRenderer.obj
         itksnapui_model.dir\Release\PolygonDrawingRenderer.obj
         itksnapui_model.dir\Release\PolygonScanConvert.obj
         itksnapui_model.dir\Release\RegistrationRenderer.obj
         itksnapui_model.dir\Release\SliceWindowDecorationRenderer.obj
         itksnapui_model.dir\Release\SnakeParameterPreviewRenderer.obj
         itksnapui_model.dir\Release\SnakeROIRenderer.obj
         itksnapui_model.dir\Release\SnakeModeRenderer.obj
         itksnapui_model.dir\Release\ThresholdSettingsRenderer.obj
         itksnapui_model.dir\Release\Window3DPicker.obj
         itksnapui_model.dir\Release\AbstractScannerHelper.obj
         itksnapui_model.dir\Release\AxesWidget.obj
         itksnapui_model.dir\Release\ScannedHuman.obj
         itksnapui_model.dir\Release\ScanningROI.obj
         itksnapui_model.dir\Release\ReorientProps.obj
         itksnapui_model.dir\Release\PolyDataAlgorithm2ActorPipe.obj
         itksnapui_model.vcxproj -> C:\ITKSNAP\itk-snap- bin\Release\itksnapui_model.lib
     1>專案 "C:\ITKSNAP\itk-snap- bin\itksnapui_model.vcxproj" (Rebuild 目標) 建置完成。

建置成功。

經過時間 00:01:31.44
