c:\itksnap\itk-snap- bin\itksnapui_model.dir\release\meshexportmodel.obj
c:\itksnap\itk-snap- bin\itksnapui_model.dir\release\layerselectionmodel.obj
c:\itksnap\itk-snap- bin\itksnapui_model.dir\release\layertablerowmodel.obj
c:\itksnap\itk-snap- bin\itksnapui_model.dir\release\layergeneralpropertiesmodel.obj
c:\itksnap\itk-snap- bin\itksnapui_model.dir\release\labeleditormodel.obj
c:\itksnap\itk-snap- bin\itksnapui_model.dir\release\interpolatelabelmodel.obj
c:\itksnap\itk-snap- bin\itksnapui_model.dir\release\interactiveregistrationmodel.obj
c:\itksnap\itk-snap- bin\itksnapui_model.dir\release\intensitycurvemodel.obj
c:\itksnap\itk-snap- bin\itksnapui_model.dir\release\imageinfomodel.obj
c:\itksnap\itk-snap- bin\itksnapui_model.dir\release\imageiowizardmodel.obj
c:\itksnap\itk-snap- bin\itksnapui_model.dir\release\globaluimodel.obj
c:\itksnap\itk-snap- bin\itksnapui_model.dir\release\globalpreferencesmodel.obj
c:\itksnap\itk-snap- bin\itksnapui_model.dir\release\genericslicemodel.obj
c:\itksnap\itk-snap- bin\itksnapui_model.dir\release\generic3dmodel.obj
c:\itksnap\itk-snap- bin\itksnapui_model.dir\release\distributedsegmentationmodel.obj
c:\itksnap\itk-snap- bin\itksnapui_model.dir\release\displaylayoutmodel.obj
c:\itksnap\itk-snap- bin\itksnapui_model.dir\release\cursorinspectionmodel.obj
c:\itksnap\itk-snap- bin\itksnapui_model.dir\release\colormapmodel.obj
c:\itksnap\itk-snap- bin\itksnapui_model.dir\release\colorlabelquicklistmodel.obj
c:\itksnap\itk-snap- bin\itksnapui_model.dir\release\annotationmodel.obj
c:\itksnap\itk-snap- bin\itksnapui_model.dir\release\abstractvtkscenerenderer.obj
c:\itksnap\itk-snap- bin\itksnapui_model.dir\release\abstractvtkrenderer.obj
c:\itksnap\itk-snap- bin\itksnapui_model.dir\release\abstractrenderer.obj
c:\itksnap\itk-snap- bin\itksnapui_model.dir\release\uireporterdelegates.obj
c:\itksnap\itk-snap- bin\itksnapui_model.dir\release\uiaction.obj
c:\itksnap\itk-snap- bin\itksnapui_model.dir\release\synchronizationmodel.obj
c:\itksnap\itk-snap- bin\itksnapui_model.dir\release\statemanagement.obj
c:\itksnap\itk-snap- bin\itksnapui_model.dir\release\snakewizardmodel.obj
c:\itksnap\itk-snap- bin\itksnapui_model.dir\release\snakeroiresamplemodel.obj
c:\itksnap\itk-snap- bin\itksnapui_model.dir\release\snakeroimodel.obj
c:\itksnap\itk-snap- bin\itksnapui_model.dir\release\snakeparametermodel.obj
c:\itksnap\itk-snap- bin\itksnapui_model.dir\release\slicewindowcoordinator.obj
c:\itksnap\itk-snap- bin\itksnapui_model.dir\release\savemodifiedlayersmodel.obj
c:\itksnap\itk-snap- bin\itksnapui_model.dir\release\reorientimagemodel.obj
c:\itksnap\itk-snap- bin\itksnapui_model.dir\release\registrationmodel.obj
c:\itksnap\itk-snap- bin\itksnapui_model.dir\release\polygonsettingsmodel.obj
c:\itksnap\itk-snap- bin\itksnapui_model.dir\release\polygondrawingmodel.obj
c:\itksnap\itk-snap- bin\itksnapui_model.dir\release\paintbrushsettingsmodel.obj
c:\itksnap\itk-snap- bin\itksnapui_model.dir\release\paintbrushmodel.obj
c:\itksnap\itk-snap- bin\itksnapui_model.dir\release\orthogonalslicecursornavigationmodel.obj
c:\itksnap\itk-snap- bin\itksnapui_model.dir\release\snakeparameterpreviewrenderer.obj
c:\itksnap\itk-snap- bin\itksnapui_model.dir\release\slicewindowdecorationrenderer.obj
c:\itksnap\itk-snap- bin\itksnapui_model.dir\release\registrationrenderer.obj
c:\itksnap\itk-snap- bin\itksnapui_model.dir\release\polygonscanconvert.obj
c:\itksnap\itk-snap- bin\itksnapui_model.dir\release\polygondrawingrenderer.obj
c:\itksnap\itk-snap- bin\itksnapui_model.dir\release\paintbrushrenderer.obj
c:\itksnap\itk-snap- bin\itksnapui_model.dir\release\orientationgraphicrenderer.obj
c:\itksnap\itk-snap- bin\itksnapui_model.dir\release\optimizationprogressrenderer.obj
c:\itksnap\itk-snap- bin\itksnapui_model.dir\release\openglslicetexture.obj
c:\itksnap\itk-snap- bin\itksnapui_model.dir\release\layerhistogramplotassembly.obj
c:\itksnap\itk-snap- bin\itksnapui_model.dir\release\intensityundercursorrenderer.obj
c:\itksnap\itk-snap- bin\itksnapui_model.dir\release\intensitycurvevtkrenderer.obj
c:\itksnap\itk-snap- bin\itksnapui_model.dir\release\gmmrenderer.obj
c:\itksnap\itk-snap- bin\itksnapui_model.dir\release\gltopng.obj
c:\itksnap\itk-snap- bin\itksnapui_model.dir\release\generic3drenderer.obj
c:\itksnap\itk-snap- bin\itksnapui_model.dir\release\genericslicerenderer.obj
c:\itksnap\itk-snap- bin\itksnapui_model.dir\release\edgepreprocessingsettingsrenderer.obj
c:\itksnap\itk-snap- bin\itksnapui_model.dir\release\crosshairsrenderer.obj
c:\itksnap\itk-snap- bin\itksnapui_model.dir\release\colormaprenderer.obj
c:\itksnap\itk-snap- bin\itksnapui_model.dir\release\annotationrenderer.obj
c:\itksnap\itk-snap- bin\itksnapui_model.dir\release\polydataalgorithm2actorpipe.obj
c:\itksnap\itk-snap- bin\itksnapui_model.dir\release\reorientprops.obj
c:\itksnap\itk-snap- bin\itksnapui_model.dir\release\scanningroi.obj
c:\itksnap\itk-snap- bin\itksnapui_model.dir\release\scannedhuman.obj
c:\itksnap\itk-snap- bin\itksnapui_model.dir\release\axeswidget.obj
c:\itksnap\itk-snap- bin\itksnapui_model.dir\release\abstractscannerhelper.obj
c:\itksnap\itk-snap- bin\itksnapui_model.dir\release\window3dpicker.obj
c:\itksnap\itk-snap- bin\itksnapui_model.dir\release\thresholdsettingsrenderer.obj
c:\itksnap\itk-snap- bin\itksnapui_model.dir\release\snakemoderenderer.obj
c:\itksnap\itk-snap- bin\itksnapui_model.dir\release\snakeroirenderer.obj
c:\itksnap\itk-snap- bin\cmakefiles\generate.stamp
c:\itksnap\itk-snap- bin\release\itksnapui_model.lib
c:\itksnap\itk-snap- bin\itksnapui_model.dir\release\itksnapui_model.tlog\cl.command.1.tlog
c:\itksnap\itk-snap- bin\itksnapui_model.dir\release\itksnapui_model.tlog\cl.read.1.tlog
c:\itksnap\itk-snap- bin\itksnapui_model.dir\release\itksnapui_model.tlog\cl.write.1.tlog
c:\itksnap\itk-snap- bin\itksnapui_model.dir\release\itksnapui_model.tlog\custombuild.command.1.tlog
c:\itksnap\itk-snap- bin\itksnapui_model.dir\release\itksnapui_model.tlog\custombuild.read.1.tlog
c:\itksnap\itk-snap- bin\itksnapui_model.dir\release\itksnapui_model.tlog\custombuild.write.1.tlog
c:\itksnap\itk-snap- bin\itksnapui_model.dir\release\itksnapui_model.tlog\lib-link.read.1.tlog
c:\itksnap\itk-snap- bin\itksnapui_model.dir\release\itksnapui_model.tlog\lib-link.write.1.tlog
c:\itksnap\itk-snap- bin\itksnapui_model.dir\release\itksnapui_model.tlog\lib.command.1.tlog
