c:\itksnap\itk-snap- bin\submodules\c3d\cnd_adapters.dir\debug\cnd_adapters.pdb
c:\itksnap\itk-snap- bin\submodules\c3d\cnd_adapters.dir\debug\createinterpolator.obj
c:\itksnap\itk-snap- bin\submodules\c3d\cnd_adapters.dir\debug\createimage.obj
c:\itksnap\itk-snap- bin\submodules\c3d\cnd_adapters.dir\debug\copytransform.obj
c:\itksnap\itk-snap- bin\submodules\c3d\cnd_adapters.dir\debug\coordinatemap.obj
c:\itksnap\itk-snap- bin\submodules\c3d\cnd_adapters.dir\debug\convolution.obj
c:\itksnap\itk-snap- bin\submodules\c3d\cnd_adapters.dir\debug\connectedcomponents.obj
c:\itksnap\itk-snap- bin\submodules\c3d\cnd_adapters.dir\debug\computeoverlaps.obj
c:\itksnap\itk-snap- bin\submodules\c3d\cnd_adapters.dir\debug\computemoments.obj
c:\itksnap\itk-snap- bin\submodules\c3d\cnd_adapters.dir\debug\computefft.obj
c:\itksnap\itk-snap- bin\submodules\c3d\cnd_adapters.dir\debug\clipimageintensity.obj
c:\itksnap\itk-snap- bin\submodules\c3d\cnd_adapters.dir\debug\canny.obj
c:\itksnap\itk-snap- bin\submodules\c3d\cnd_adapters.dir\debug\binarymathoperation.obj
c:\itksnap\itk-snap- bin\submodules\c3d\cnd_adapters.dir\debug\binaryimagecentroid.obj
c:\itksnap\itk-snap- bin\submodules\c3d\cnd_adapters.dir\debug\biasfieldcorrectionn4.obj
c:\itksnap\itk-snap- bin\submodules\c3d\cnd_adapters.dir\debug\binaryholefill.obj
c:\itksnap\itk-snap- bin\submodules\c3d\cnd_adapters.dir\debug\applynoise.obj
c:\itksnap\itk-snap- bin\submodules\c3d\cnd_adapters.dir\debug\applymetric.obj
c:\itksnap\itk-snap- bin\submodules\c3d\cnd_adapters.dir\debug\antialiasimage.obj
c:\itksnap\itk-snap- bin\submodules\c3d\cnd_adapters.dir\debug\alignbylandmarks.obj
c:\itksnap\itk-snap- bin\submodules\c3d\cnd_adapters.dir\debug\addimages.obj
c:\itksnap\itk-snap- bin\submodules\c3d\cnd_adapters.dir\debug\levelsetsegmentation.obj
c:\itksnap\itk-snap- bin\submodules\c3d\cnd_adapters.dir\debug\laplaciansharpening.obj
c:\itksnap\itk-snap- bin\submodules\c3d\cnd_adapters.dir\debug\landmarkstospheres.obj
c:\itksnap\itk-snap- bin\submodules\c3d\cnd_adapters.dir\debug\labelstatistics.obj
c:\itksnap\itk-snap- bin\submodules\c3d\cnd_adapters.dir\debug\labeloverlapmeasures.obj
c:\itksnap\itk-snap- bin\submodules\c3d\cnd_adapters.dir\debug\generallinearmodel.obj
c:\itksnap\itk-snap- bin\submodules\c3d\cnd_adapters.dir\debug\imagelaplacian.obj
c:\itksnap\itk-snap- bin\submodules\c3d\cnd_adapters.dir\debug\imagegradient.obj
c:\itksnap\itk-snap- bin\submodules\c3d\cnd_adapters.dir\debug\imageerf.obj
c:\itksnap\itk-snap- bin\submodules\c3d\cnd_adapters.dir\debug\histogrammatch.obj
c:\itksnap\itk-snap- bin\submodules\c3d\cnd_adapters.dir\debug\hessianobjectness.obj
c:\itksnap\itk-snap- bin\submodules\c3d\cnd_adapters.dir\debug\hessianeigenvalues.obj
c:\itksnap\itk-snap- bin\submodules\c3d\cnd_adapters.dir\debug\haralickfeatures.obj
c:\itksnap\itk-snap- bin\submodules\c3d\cnd_adapters.dir\debug\flipimage.obj
c:\itksnap\itk-snap- bin\submodules\c3d\cnd_adapters.dir\debug\fillbackgroundwithneighborhoodnoise.obj
c:\itksnap\itk-snap- bin\submodules\c3d\cnd_adapters.dir\debug\extrudesegmentation.obj
c:\itksnap\itk-snap- bin\submodules\c3d\cnd_adapters.dir\debug\extractslice.obj
c:\itksnap\itk-snap- bin\submodules\c3d\cnd_adapters.dir\debug\extractregion.obj
c:\itksnap\itk-snap- bin\submodules\c3d\cnd_adapters.dir\debug\exportpatches.obj
c:\itksnap\itk-snap- bin\submodules\c3d\cnd_adapters.dir\debug\dicomserieslist.obj
c:\itksnap\itk-snap- bin\submodules\c3d\cnd_adapters.dir\debug\replaceintensities.obj
c:\itksnap\itk-snap- bin\submodules\c3d\cnd_adapters.dir\debug\reorderstack.obj
c:\itksnap\itk-snap- bin\submodules\c3d\cnd_adapters.dir\debug\reciprocalimage.obj
c:\itksnap\itk-snap- bin\submodules\c3d\cnd_adapters.dir\debug\readimage.obj
c:\itksnap\itk-snap- bin\submodules\c3d\cnd_adapters.dir\debug\rank.obj
c:\itksnap\itk-snap- bin\submodules\c3d\cnd_adapters.dir\debug\printimageinfo.obj
c:\itksnap\itk-snap- bin\submodules\c3d\cnd_adapters.dir\debug\peronamalik.obj
c:\itksnap\itk-snap- bin\submodules\c3d\cnd_adapters.dir\debug\padimage.obj
c:\itksnap\itk-snap- bin\submodules\c3d\cnd_adapters.dir\debug\otsuthreshold.obj
c:\itksnap\itk-snap- bin\submodules\c3d\cnd_adapters.dir\debug\overlaylabelimage.obj
c:\itksnap\itk-snap- bin\submodules\c3d\cnd_adapters.dir\debug\normalizedcrosscorrelation.obj
c:\itksnap\itk-snap- bin\submodules\c3d\cnd_adapters.dir\debug\normalizelocalwindow.obj
c:\itksnap\itk-snap- bin\submodules\c3d\cnd_adapters.dir\debug\multiplyimages.obj
c:\itksnap\itk-snap- bin\submodules\c3d\cnd_adapters.dir\debug\mrfvote.obj
c:\itksnap\itk-snap- bin\submodules\c3d\cnd_adapters.dir\debug\momentsfeatures.obj
c:\itksnap\itk-snap- bin\submodules\c3d\cnd_adapters.dir\debug\mixturemodel.obj
c:\itksnap\itk-snap- bin\submodules\c3d\cnd_adapters.dir\debug\medianfilter.obj
c:\itksnap\itk-snap- bin\submodules\c3d\cnd_adapters.dir\debug\meanfilter.obj
c:\itksnap\itk-snap- bin\submodules\c3d\cnd_adapters.dir\debug\mathematicalmorphology.obj
c:\itksnap\itk-snap- bin\submodules\c3d\cnd_adapters.dir\debug\matchboundingboxes.obj
c:\itksnap\itk-snap- bin\submodules\c3d\cnd_adapters.dir\debug\tileimages.obj
c:\itksnap\itk-snap- bin\submodules\c3d\cnd_adapters.dir\debug\thresholdimage.obj
c:\itksnap\itk-snap- bin\submodules\c3d\cnd_adapters.dir\debug\testimage.obj
c:\itksnap\itk-snap- bin\submodules\c3d\cnd_adapters.dir\debug\swapdimensions.obj
c:\itksnap\itk-snap- bin\submodules\c3d\cnd_adapters.dir\debug\structuretensoreigenvalues.obj
c:\itksnap\itk-snap- bin\submodules\c3d\cnd_adapters.dir\debug\staplealgorithm.obj
c:\itksnap\itk-snap- bin\submodules\c3d\cnd_adapters.dir\debug\splitmultilabelimage.obj
c:\itksnap\itk-snap- bin\submodules\c3d\cnd_adapters.dir\debug\smoothimage.obj
c:\itksnap\itk-snap- bin\submodules\c3d\cnd_adapters.dir\debug\slicsupervoxel.obj
c:\itksnap\itk-snap- bin\submodules\c3d\cnd_adapters.dir\debug\signeddistancetransform.obj
c:\itksnap\itk-snap- bin\submodules\c3d\cnd_adapters.dir\debug\setorientation.obj
c:\itksnap\itk-snap- bin\submodules\c3d\cnd_adapters.dir\debug\setsform.obj
c:\itksnap\itk-snap- bin\submodules\c3d\cnd_adapters.dir\debug\scalartorgb.obj
c:\itksnap\itk-snap- bin\submodules\c3d\cnd_adapters.dir\debug\scaleshiftimage.obj
c:\itksnap\itk-snap- bin\submodules\c3d\cnd_adapters.dir\debug\sampleimage.obj
c:\itksnap\itk-snap- bin\submodules\c3d\cnd_adapters.dir\debug\rftrain.obj
c:\itksnap\itk-snap- bin\submodules\c3d\cnd_adapters.dir\debug\rfapply.obj
c:\itksnap\itk-snap- bin\submodules\c3d\cnd_adapters.dir\debug\retainlabels.obj
c:\itksnap\itk-snap- bin\submodules\c3d\cnd_adapters.dir\debug\resliceimage.obj
c:\itksnap\itk-snap- bin\submodules\c3d\cnd_adapters.dir\debug\resampleimage.obj
c:\itksnap\itk-snap- bin\submodules\c3d\cnd_adapters.dir\debug\convertimageversion.obj
c:\itksnap\itk-snap- bin\submodules\c3d\cnd_adapters.dir\debug\writeimage.obj
c:\itksnap\itk-snap- bin\submodules\c3d\cnd_adapters.dir\debug\wrapdimension.obj
c:\itksnap\itk-snap- bin\submodules\c3d\cnd_adapters.dir\debug\weightedsumvoxelwise.obj
c:\itksnap\itk-snap- bin\submodules\c3d\cnd_adapters.dir\debug\weightedsum.obj
c:\itksnap\itk-snap- bin\submodules\c3d\cnd_adapters.dir\debug\warplabelimage.obj
c:\itksnap\itk-snap- bin\submodules\c3d\cnd_adapters.dir\debug\warpimage.obj
c:\itksnap\itk-snap- bin\submodules\c3d\cnd_adapters.dir\debug\voxelwiseregression.obj
c:\itksnap\itk-snap- bin\submodules\c3d\cnd_adapters.dir\debug\voxelwisecomponentfunction.obj
c:\itksnap\itk-snap- bin\submodules\c3d\cnd_adapters.dir\debug\vote.obj
c:\itksnap\itk-snap- bin\submodules\c3d\cnd_adapters.dir\debug\updatemetadatakey.obj
c:\itksnap\itk-snap- bin\submodules\c3d\cnd_adapters.dir\debug\unarymathoperation.obj
c:\itksnap\itk-snap- bin\submodules\c3d\cnd_adapters.dir\debug\trimimage.obj
c:\itksnap\itk-snap- bin\submodules\c3d\cmakefiles\generate.stamp
c:\itksnap\itk-snap- bin\submodules\c3d\debug\cnd_adapters.lib
c:\itksnap\itk-snap- bin\submodules\c3d\debug\cnd_adapters.pdb
c:\itksnap\itk-snap- bin\submodules\c3d\cnd_adapters.dir\debug\cnd_adapters.tlog\cl.command.1.tlog
c:\itksnap\itk-snap- bin\submodules\c3d\cnd_adapters.dir\debug\cnd_adapters.tlog\cl.read.1.tlog
c:\itksnap\itk-snap- bin\submodules\c3d\cnd_adapters.dir\debug\cnd_adapters.tlog\cl.write.1.tlog
c:\itksnap\itk-snap- bin\submodules\c3d\cnd_adapters.dir\debug\cnd_adapters.tlog\custombuild.command.1.tlog
c:\itksnap\itk-snap- bin\submodules\c3d\cnd_adapters.dir\debug\cnd_adapters.tlog\custombuild.read.1.tlog
c:\itksnap\itk-snap- bin\submodules\c3d\cnd_adapters.dir\debug\cnd_adapters.tlog\custombuild.write.1.tlog
c:\itksnap\itk-snap- bin\submodules\c3d\cnd_adapters.dir\debug\cnd_adapters.tlog\lib-link.read.1.tlog
c:\itksnap\itk-snap- bin\submodules\c3d\cnd_adapters.dir\debug\cnd_adapters.tlog\lib-link.write.1.tlog
c:\itksnap\itk-snap- bin\submodules\c3d\cnd_adapters.dir\debug\cnd_adapters.tlog\lib.command.1.tlog
