c:\itksnap\itk-snap- bin\itksnapui_model.dir\debug\itksnapui_model.pdb
c:\itksnap\itk-snap- bin\itksnapui_model.dir\debug\meshexportmodel.obj
c:\itksnap\itk-snap- bin\itksnapui_model.dir\debug\layerselectionmodel.obj
c:\itksnap\itk-snap- bin\itksnapui_model.dir\debug\layertablerowmodel.obj
c:\itksnap\itk-snap- bin\itksnapui_model.dir\debug\layergeneralpropertiesmodel.obj
c:\itksnap\itk-snap- bin\itksnapui_model.dir\debug\labeleditormodel.obj
c:\itksnap\itk-snap- bin\itksnapui_model.dir\debug\interpolatelabelmodel.obj
c:\itksnap\itk-snap- bin\itksnapui_model.dir\debug\interactiveregistrationmodel.obj
c:\itksnap\itk-snap- bin\itksnapui_model.dir\debug\intensitycurvemodel.obj
c:\itksnap\itk-snap- bin\itksnapui_model.dir\debug\imageinfomodel.obj
c:\itksnap\itk-snap- bin\itksnapui_model.dir\debug\imageiowizardmodel.obj
c:\itksnap\itk-snap- bin\itksnapui_model.dir\debug\globaluimodel.obj
c:\itksnap\itk-snap- bin\itksnapui_model.dir\debug\globalpreferencesmodel.obj
c:\itksnap\itk-snap- bin\itksnapui_model.dir\debug\genericslicemodel.obj
c:\itksnap\itk-snap- bin\itksnapui_model.dir\debug\generic3dmodel.obj
c:\itksnap\itk-snap- bin\itksnapui_model.dir\debug\distributedsegmentationmodel.obj
c:\itksnap\itk-snap- bin\itksnapui_model.dir\debug\displaylayoutmodel.obj
c:\itksnap\itk-snap- bin\itksnapui_model.dir\debug\cursorinspectionmodel.obj
c:\itksnap\itk-snap- bin\itksnapui_model.dir\debug\colormapmodel.obj
c:\itksnap\itk-snap- bin\itksnapui_model.dir\debug\colorlabelquicklistmodel.obj
c:\itksnap\itk-snap- bin\itksnapui_model.dir\debug\annotationmodel.obj
c:\itksnap\itk-snap- bin\itksnapui_model.dir\debug\abstractvtkscenerenderer.obj
c:\itksnap\itk-snap- bin\itksnapui_model.dir\debug\abstractvtkrenderer.obj
c:\itksnap\itk-snap- bin\itksnapui_model.dir\debug\abstractrenderer.obj
c:\itksnap\itk-snap- bin\itksnapui_model.dir\debug\uireporterdelegates.obj
c:\itksnap\itk-snap- bin\itksnapui_model.dir\debug\uiaction.obj
c:\itksnap\itk-snap- bin\itksnapui_model.dir\debug\synchronizationmodel.obj
c:\itksnap\itk-snap- bin\itksnapui_model.dir\debug\statemanagement.obj
c:\itksnap\itk-snap- bin\itksnapui_model.dir\debug\snakewizardmodel.obj
c:\itksnap\itk-snap- bin\itksnapui_model.dir\debug\snakeroiresamplemodel.obj
c:\itksnap\itk-snap- bin\itksnapui_model.dir\debug\snakeroimodel.obj
c:\itksnap\itk-snap- bin\itksnapui_model.dir\debug\snakeparametermodel.obj
c:\itksnap\itk-snap- bin\itksnapui_model.dir\debug\slicewindowcoordinator.obj
c:\itksnap\itk-snap- bin\itksnapui_model.dir\debug\savemodifiedlayersmodel.obj
c:\itksnap\itk-snap- bin\itksnapui_model.dir\debug\reorientimagemodel.obj
c:\itksnap\itk-snap- bin\itksnapui_model.dir\debug\registrationmodel.obj
c:\itksnap\itk-snap- bin\itksnapui_model.dir\debug\polygonsettingsmodel.obj
c:\itksnap\itk-snap- bin\itksnapui_model.dir\debug\polygondrawingmodel.obj
c:\itksnap\itk-snap- bin\itksnapui_model.dir\debug\paintbrushsettingsmodel.obj
c:\itksnap\itk-snap- bin\itksnapui_model.dir\debug\paintbrushmodel.obj
c:\itksnap\itk-snap- bin\itksnapui_model.dir\debug\orthogonalslicecursornavigationmodel.obj
c:\itksnap\itk-snap- bin\itksnapui_model.dir\debug\snakeparameterpreviewrenderer.obj
c:\itksnap\itk-snap- bin\itksnapui_model.dir\debug\slicewindowdecorationrenderer.obj
c:\itksnap\itk-snap- bin\itksnapui_model.dir\debug\registrationrenderer.obj
c:\itksnap\itk-snap- bin\itksnapui_model.dir\debug\polygonscanconvert.obj
c:\itksnap\itk-snap- bin\itksnapui_model.dir\debug\polygondrawingrenderer.obj
c:\itksnap\itk-snap- bin\itksnapui_model.dir\debug\paintbrushrenderer.obj
c:\itksnap\itk-snap- bin\itksnapui_model.dir\debug\orientationgraphicrenderer.obj
c:\itksnap\itk-snap- bin\itksnapui_model.dir\debug\optimizationprogressrenderer.obj
c:\itksnap\itk-snap- bin\itksnapui_model.dir\debug\openglslicetexture.obj
c:\itksnap\itk-snap- bin\itksnapui_model.dir\debug\layerhistogramplotassembly.obj
c:\itksnap\itk-snap- bin\itksnapui_model.dir\debug\intensityundercursorrenderer.obj
c:\itksnap\itk-snap- bin\itksnapui_model.dir\debug\intensitycurvevtkrenderer.obj
c:\itksnap\itk-snap- bin\itksnapui_model.dir\debug\gmmrenderer.obj
c:\itksnap\itk-snap- bin\itksnapui_model.dir\debug\gltopng.obj
c:\itksnap\itk-snap- bin\itksnapui_model.dir\debug\generic3drenderer.obj
c:\itksnap\itk-snap- bin\itksnapui_model.dir\debug\genericslicerenderer.obj
c:\itksnap\itk-snap- bin\itksnapui_model.dir\debug\edgepreprocessingsettingsrenderer.obj
c:\itksnap\itk-snap- bin\itksnapui_model.dir\debug\crosshairsrenderer.obj
c:\itksnap\itk-snap- bin\itksnapui_model.dir\debug\colormaprenderer.obj
c:\itksnap\itk-snap- bin\itksnapui_model.dir\debug\annotationrenderer.obj
c:\itksnap\itk-snap- bin\itksnapui_model.dir\debug\polydataalgorithm2actorpipe.obj
c:\itksnap\itk-snap- bin\itksnapui_model.dir\debug\reorientprops.obj
c:\itksnap\itk-snap- bin\itksnapui_model.dir\debug\scanningroi.obj
c:\itksnap\itk-snap- bin\itksnapui_model.dir\debug\scannedhuman.obj
c:\itksnap\itk-snap- bin\itksnapui_model.dir\debug\axeswidget.obj
c:\itksnap\itk-snap- bin\itksnapui_model.dir\debug\abstractscannerhelper.obj
c:\itksnap\itk-snap- bin\itksnapui_model.dir\debug\window3dpicker.obj
c:\itksnap\itk-snap- bin\itksnapui_model.dir\debug\thresholdsettingsrenderer.obj
c:\itksnap\itk-snap- bin\itksnapui_model.dir\debug\snakemoderenderer.obj
c:\itksnap\itk-snap- bin\itksnapui_model.dir\debug\snakeroirenderer.obj
c:\itksnap\itk-snap- bin\cmakefiles\generate.stamp
c:\itksnap\itk-snap- bin\debug\itksnapui_model.lib
c:\itksnap\itk-snap- bin\debug\itksnapui_model.pdb
c:\itksnap\itk-snap- bin\itksnapui_model.dir\debug\itksnapui_model.tlog\cl.command.1.tlog
c:\itksnap\itk-snap- bin\itksnapui_model.dir\debug\itksnapui_model.tlog\cl.read.1.tlog
c:\itksnap\itk-snap- bin\itksnapui_model.dir\debug\itksnapui_model.tlog\cl.write.1.tlog
c:\itksnap\itk-snap- bin\itksnapui_model.dir\debug\itksnapui_model.tlog\custombuild.command.1.tlog
c:\itksnap\itk-snap- bin\itksnapui_model.dir\debug\itksnapui_model.tlog\custombuild.read.1.tlog
c:\itksnap\itk-snap- bin\itksnapui_model.dir\debug\itksnapui_model.tlog\custombuild.write.1.tlog
c:\itksnap\itk-snap- bin\itksnapui_model.dir\debug\itksnapui_model.tlog\lib-link.read.1.tlog
c:\itksnap\itk-snap- bin\itksnapui_model.dir\debug\itksnapui_model.tlog\lib-link.write.1.tlog
c:\itksnap\itk-snap- bin\itksnapui_model.dir\debug\itksnapui_model.tlog\lib.command.1.tlog
