c:\itksnap\itk-snap- bin\submodules\c3d\cnd_adapters.dir\release\createinterpolator.obj
c:\itksnap\itk-snap- bin\submodules\c3d\cnd_adapters.dir\release\createimage.obj
c:\itksnap\itk-snap- bin\submodules\c3d\cnd_adapters.dir\release\copytransform.obj
c:\itksnap\itk-snap- bin\submodules\c3d\cnd_adapters.dir\release\coordinatemap.obj
c:\itksnap\itk-snap- bin\submodules\c3d\cnd_adapters.dir\release\convolution.obj
c:\itksnap\itk-snap- bin\submodules\c3d\cnd_adapters.dir\release\connectedcomponents.obj
c:\itksnap\itk-snap- bin\submodules\c3d\cnd_adapters.dir\release\computeoverlaps.obj
c:\itksnap\itk-snap- bin\submodules\c3d\cnd_adapters.dir\release\computemoments.obj
c:\itksnap\itk-snap- bin\submodules\c3d\cnd_adapters.dir\release\computefft.obj
c:\itksnap\itk-snap- bin\submodules\c3d\cnd_adapters.dir\release\clipimageintensity.obj
c:\itksnap\itk-snap- bin\submodules\c3d\cnd_adapters.dir\release\canny.obj
c:\itksnap\itk-snap- bin\submodules\c3d\cnd_adapters.dir\release\binarymathoperation.obj
c:\itksnap\itk-snap- bin\submodules\c3d\cnd_adapters.dir\release\binaryimagecentroid.obj
c:\itksnap\itk-snap- bin\submodules\c3d\cnd_adapters.dir\release\biasfieldcorrectionn4.obj
c:\itksnap\itk-snap- bin\submodules\c3d\cnd_adapters.dir\release\binaryholefill.obj
c:\itksnap\itk-snap- bin\submodules\c3d\cnd_adapters.dir\release\applynoise.obj
c:\itksnap\itk-snap- bin\submodules\c3d\cnd_adapters.dir\release\applymetric.obj
c:\itksnap\itk-snap- bin\submodules\c3d\cnd_adapters.dir\release\antialiasimage.obj
c:\itksnap\itk-snap- bin\submodules\c3d\cnd_adapters.dir\release\alignbylandmarks.obj
c:\itksnap\itk-snap- bin\submodules\c3d\cnd_adapters.dir\release\addimages.obj
c:\itksnap\itk-snap- bin\submodules\c3d\cnd_adapters.dir\release\levelsetsegmentation.obj
c:\itksnap\itk-snap- bin\submodules\c3d\cnd_adapters.dir\release\laplaciansharpening.obj
c:\itksnap\itk-snap- bin\submodules\c3d\cnd_adapters.dir\release\landmarkstospheres.obj
c:\itksnap\itk-snap- bin\submodules\c3d\cnd_adapters.dir\release\labelstatistics.obj
c:\itksnap\itk-snap- bin\submodules\c3d\cnd_adapters.dir\release\labeloverlapmeasures.obj
c:\itksnap\itk-snap- bin\submodules\c3d\cnd_adapters.dir\release\generallinearmodel.obj
c:\itksnap\itk-snap- bin\submodules\c3d\cnd_adapters.dir\release\imagelaplacian.obj
c:\itksnap\itk-snap- bin\submodules\c3d\cnd_adapters.dir\release\imagegradient.obj
c:\itksnap\itk-snap- bin\submodules\c3d\cnd_adapters.dir\release\imageerf.obj
c:\itksnap\itk-snap- bin\submodules\c3d\cnd_adapters.dir\release\histogrammatch.obj
c:\itksnap\itk-snap- bin\submodules\c3d\cnd_adapters.dir\release\hessianobjectness.obj
c:\itksnap\itk-snap- bin\submodules\c3d\cnd_adapters.dir\release\hessianeigenvalues.obj
c:\itksnap\itk-snap- bin\submodules\c3d\cnd_adapters.dir\release\haralickfeatures.obj
c:\itksnap\itk-snap- bin\submodules\c3d\cnd_adapters.dir\release\flipimage.obj
c:\itksnap\itk-snap- bin\submodules\c3d\cnd_adapters.dir\release\fillbackgroundwithneighborhoodnoise.obj
c:\itksnap\itk-snap- bin\submodules\c3d\cnd_adapters.dir\release\extrudesegmentation.obj
c:\itksnap\itk-snap- bin\submodules\c3d\cnd_adapters.dir\release\extractslice.obj
c:\itksnap\itk-snap- bin\submodules\c3d\cnd_adapters.dir\release\extractregion.obj
c:\itksnap\itk-snap- bin\submodules\c3d\cnd_adapters.dir\release\exportpatches.obj
c:\itksnap\itk-snap- bin\submodules\c3d\cnd_adapters.dir\release\dicomserieslist.obj
c:\itksnap\itk-snap- bin\submodules\c3d\cnd_adapters.dir\release\replaceintensities.obj
c:\itksnap\itk-snap- bin\submodules\c3d\cnd_adapters.dir\release\reorderstack.obj
c:\itksnap\itk-snap- bin\submodules\c3d\cnd_adapters.dir\release\reciprocalimage.obj
c:\itksnap\itk-snap- bin\submodules\c3d\cnd_adapters.dir\release\readimage.obj
c:\itksnap\itk-snap- bin\submodules\c3d\cnd_adapters.dir\release\rank.obj
c:\itksnap\itk-snap- bin\submodules\c3d\cnd_adapters.dir\release\printimageinfo.obj
c:\itksnap\itk-snap- bin\submodules\c3d\cnd_adapters.dir\release\peronamalik.obj
c:\itksnap\itk-snap- bin\submodules\c3d\cnd_adapters.dir\release\padimage.obj
c:\itksnap\itk-snap- bin\submodules\c3d\cnd_adapters.dir\release\otsuthreshold.obj
c:\itksnap\itk-snap- bin\submodules\c3d\cnd_adapters.dir\release\overlaylabelimage.obj
c:\itksnap\itk-snap- bin\submodules\c3d\cnd_adapters.dir\release\normalizedcrosscorrelation.obj
c:\itksnap\itk-snap- bin\submodules\c3d\cnd_adapters.dir\release\normalizelocalwindow.obj
c:\itksnap\itk-snap- bin\submodules\c3d\cnd_adapters.dir\release\multiplyimages.obj
c:\itksnap\itk-snap- bin\submodules\c3d\cnd_adapters.dir\release\mrfvote.obj
c:\itksnap\itk-snap- bin\submodules\c3d\cnd_adapters.dir\release\momentsfeatures.obj
c:\itksnap\itk-snap- bin\submodules\c3d\cnd_adapters.dir\release\mixturemodel.obj
c:\itksnap\itk-snap- bin\submodules\c3d\cnd_adapters.dir\release\medianfilter.obj
c:\itksnap\itk-snap- bin\submodules\c3d\cnd_adapters.dir\release\meanfilter.obj
c:\itksnap\itk-snap- bin\submodules\c3d\cnd_adapters.dir\release\mathematicalmorphology.obj
c:\itksnap\itk-snap- bin\submodules\c3d\cnd_adapters.dir\release\matchboundingboxes.obj
c:\itksnap\itk-snap- bin\submodules\c3d\cnd_adapters.dir\release\tileimages.obj
c:\itksnap\itk-snap- bin\submodules\c3d\cnd_adapters.dir\release\thresholdimage.obj
c:\itksnap\itk-snap- bin\submodules\c3d\cnd_adapters.dir\release\testimage.obj
c:\itksnap\itk-snap- bin\submodules\c3d\cnd_adapters.dir\release\swapdimensions.obj
c:\itksnap\itk-snap- bin\submodules\c3d\cnd_adapters.dir\release\structuretensoreigenvalues.obj
c:\itksnap\itk-snap- bin\submodules\c3d\cnd_adapters.dir\release\staplealgorithm.obj
c:\itksnap\itk-snap- bin\submodules\c3d\cnd_adapters.dir\release\splitmultilabelimage.obj
c:\itksnap\itk-snap- bin\submodules\c3d\cnd_adapters.dir\release\smoothimage.obj
c:\itksnap\itk-snap- bin\submodules\c3d\cnd_adapters.dir\release\slicsupervoxel.obj
c:\itksnap\itk-snap- bin\submodules\c3d\cnd_adapters.dir\release\signeddistancetransform.obj
c:\itksnap\itk-snap- bin\submodules\c3d\cnd_adapters.dir\release\setorientation.obj
c:\itksnap\itk-snap- bin\submodules\c3d\cnd_adapters.dir\release\setsform.obj
c:\itksnap\itk-snap- bin\submodules\c3d\cnd_adapters.dir\release\scalartorgb.obj
c:\itksnap\itk-snap- bin\submodules\c3d\cnd_adapters.dir\release\scaleshiftimage.obj
c:\itksnap\itk-snap- bin\submodules\c3d\cnd_adapters.dir\release\sampleimage.obj
c:\itksnap\itk-snap- bin\submodules\c3d\cnd_adapters.dir\release\rftrain.obj
c:\itksnap\itk-snap- bin\submodules\c3d\cnd_adapters.dir\release\rfapply.obj
c:\itksnap\itk-snap- bin\submodules\c3d\cnd_adapters.dir\release\retainlabels.obj
c:\itksnap\itk-snap- bin\submodules\c3d\cnd_adapters.dir\release\resliceimage.obj
c:\itksnap\itk-snap- bin\submodules\c3d\cnd_adapters.dir\release\resampleimage.obj
c:\itksnap\itk-snap- bin\submodules\c3d\cnd_adapters.dir\release\convertimageversion.obj
c:\itksnap\itk-snap- bin\submodules\c3d\cnd_adapters.dir\release\writeimage.obj
c:\itksnap\itk-snap- bin\submodules\c3d\cnd_adapters.dir\release\wrapdimension.obj
c:\itksnap\itk-snap- bin\submodules\c3d\cnd_adapters.dir\release\weightedsumvoxelwise.obj
c:\itksnap\itk-snap- bin\submodules\c3d\cnd_adapters.dir\release\weightedsum.obj
c:\itksnap\itk-snap- bin\submodules\c3d\cnd_adapters.dir\release\warplabelimage.obj
c:\itksnap\itk-snap- bin\submodules\c3d\cnd_adapters.dir\release\warpimage.obj
c:\itksnap\itk-snap- bin\submodules\c3d\cnd_adapters.dir\release\voxelwiseregression.obj
c:\itksnap\itk-snap- bin\submodules\c3d\cnd_adapters.dir\release\voxelwisecomponentfunction.obj
c:\itksnap\itk-snap- bin\submodules\c3d\cnd_adapters.dir\release\vote.obj
c:\itksnap\itk-snap- bin\submodules\c3d\cnd_adapters.dir\release\updatemetadatakey.obj
c:\itksnap\itk-snap- bin\submodules\c3d\cnd_adapters.dir\release\unarymathoperation.obj
c:\itksnap\itk-snap- bin\submodules\c3d\cnd_adapters.dir\release\trimimage.obj
c:\itksnap\itk-snap- bin\submodules\c3d\cmakefiles\generate.stamp
c:\itksnap\itk-snap- bin\submodules\c3d\release\cnd_adapters.lib
c:\itksnap\itk-snap- bin\submodules\c3d\cnd_adapters.dir\release\cnd_adapters.tlog\cl.command.1.tlog
c:\itksnap\itk-snap- bin\submodules\c3d\cnd_adapters.dir\release\cnd_adapters.tlog\cl.read.1.tlog
c:\itksnap\itk-snap- bin\submodules\c3d\cnd_adapters.dir\release\cnd_adapters.tlog\cl.write.1.tlog
c:\itksnap\itk-snap- bin\submodules\c3d\cnd_adapters.dir\release\cnd_adapters.tlog\custombuild.command.1.tlog
c:\itksnap\itk-snap- bin\submodules\c3d\cnd_adapters.dir\release\cnd_adapters.tlog\custombuild.read.1.tlog
c:\itksnap\itk-snap- bin\submodules\c3d\cnd_adapters.dir\release\cnd_adapters.tlog\custombuild.write.1.tlog
c:\itksnap\itk-snap- bin\submodules\c3d\cnd_adapters.dir\release\cnd_adapters.tlog\lib-link.read.1.tlog
c:\itksnap\itk-snap- bin\submodules\c3d\cnd_adapters.dir\release\cnd_adapters.tlog\lib-link.write.1.tlog
c:\itksnap\itk-snap- bin\submodules\c3d\cnd_adapters.dir\release\cnd_adapters.tlog\lib.command.1.tlog
